[0.013s] Invoking command in '/home/sangjun/joy_ws/build/joyst_package': CMAKE_PREFIX_PATH=/home/sangjun/joy_ws/install/tutorial_interfaces:/home/sangjun/joy_ws/install/joyst_package:/home/sangjun/gcamp_ros2_ws/install/slam_gmapping:/home/sangjun/gcamp_ros2_ws/install/openslam_gmapping:/home/sangjun/gcamp_ros2_ws/install/gcamp_gazebo:/home/sangjun/gcamp_ros2_ws/install/cpp_service_pkg:/home/sangjun/gcamp_ros2_ws/install/cpp_action_pkg:/home/sangjun/gcamp_ros2_ws/install/custom_interfaces:/home/sangjun/gcamp_ros2_ws/install/cpp_topic_pkg:/home/sangjun/gcamp_ros2_ws/install/cpp_service_tutorial:/home/sangjun/gcamp_ros2_ws/install/cpp_param_pkg:/home/sangjun/gcamp_ros2_ws/install/cpp_first_pkg:/home/sangjun/gcamp_ros2_ws/install/py_topic_pkg:/home/sangjun/gcamp_ros2_ws/install/py_service_pkg:/home/sangjun/gcamp_ros2_ws/install/py_first_pkg:/home/sangjun/gcamp_ros2_ws/install/py_action_pkg:/opt/ros/foxy LD_LIBRARY_PATH=/home/sangjun/joy_ws/install/tutorial_interfaces/lib:/home/sangjun/gcamp_ros2_ws/install/openslam_gmapping/lib:/home/sangjun/gcamp_ros2_ws/install/custom_interfaces/lib:/usr/lib/x86_64-linux-gnu/gazebo-11/plugins:/opt/ros/foxy/opt/yaml_cpp_vendor/lib:/opt/ros/foxy/opt/rviz_ogre_vendor/lib:/opt/ros/foxy/lib/x86_64-linux-gnu:/opt/ros/foxy/lib:/raisim/linux/lib PYTHONPATH=/home/sangjun/joy_ws/install/tutorial_interfaces/lib/python3.8/site-packages:/home/sangjun/gcamp_ros2_ws/build/py_topic_pkg:/home/sangjun/gcamp_ros2_ws/install/py_topic_pkg/lib/python3.8/site-packages:/home/sangjun/gcamp_ros2_ws/build/py_service_pkg:/home/sangjun/gcamp_ros2_ws/install/py_service_pkg/lib/python3.8/site-packages:/home/sangjun/gcamp_ros2_ws/build/py_first_pkg:/home/sangjun/gcamp_ros2_ws/install/py_first_pkg/lib/python3.8/site-packages:/home/sangjun/gcamp_ros2_ws/build/py_action_pkg:/home/sangjun/gcamp_ros2_ws/install/py_action_pkg/lib/python3.8/site-packages:/home/sangjun/gcamp_ros2_ws/install/custom_interfaces/lib/python3.8/site-packages:/opt/ros/foxy/lib/python3.8/site-packages:/raisim/linux/lib /usr/local/bin/cmake --build /home/sangjun/joy_ws/build/joyst_package -- -j8 -l8
[0.045s] [ 25%] [32mBuilding CXX object CMakeFiles/subst_node.dir/src/subst.cpp.o[0m
[0.046s] [ 50%] [32mBuilding CXX object CMakeFiles/joyst_node.dir/src/joyst.cpp.o[0m
[0.959s] [01m[K/home/sangjun/joy_ws/src/joyst_package/src/joyst.cpp:[m[K In member function ‘[01m[Kvoid Joypubsub::sub_callback(sensor_msgs::msg::Joy_<std::allocator<void> >::SharedPtr)[m[K’:
[0.959s] [01m[K/home/sangjun/joy_ws/src/joyst_package/src/joyst.cpp:29:25:[m[K [01;31m[Kerror: [m[K‘[01m[Kusing Num = using Num = struct tutorial_interfaces::msg::Num_<std::allocator<void> >[m[K’ {aka ‘[01m[Kstruct tutorial_interfaces::msg::Num_<std::allocator<void> >[m[K’} has no member named ‘[01m[KLeftStickAngle[m[K’; did you mean ‘[01m[Kleftstickangle[m[K’?
[0.959s]    29 |         controljoystick.[01;31m[KLeftStickAngle[m[K = joyangle(msg->axes[0],msg->axes[1]);
[0.959s]       |                         [01;31m[K^~~~~~~~~~~~~~[m[K
[0.960s]       |                         [32m[Kleftstickangle[m[K
[0.960s] [01m[K/home/sangjun/joy_ws/src/joyst_package/src/joyst.cpp:30:25:[m[K [01;31m[Kerror: [m[K‘[01m[Kusing Num = using Num = struct tutorial_interfaces::msg::Num_<std::allocator<void> >[m[K’ {aka ‘[01m[Kstruct tutorial_interfaces::msg::Num_<std::allocator<void> >[m[K’} has no member named ‘[01m[KRightStickAngle[m[K’; did you mean ‘[01m[Krightstickangle[m[K’?
[0.960s]    30 |         controljoystick.[01;31m[KRightStickAngle[m[K = joyangle(msg->axes[3],msg->axes[4]);
[0.960s]       |                         [01;31m[K^~~~~~~~~~~~~~~[m[K
[0.960s]       |                         [32m[Krightstickangle[m[K
[0.960s] [01m[K/home/sangjun/joy_ws/src/joyst_package/src/joyst.cpp:31:25:[m[K [01;31m[Kerror: [m[K‘[01m[Kusing Num = using Num = struct tutorial_interfaces::msg::Num_<std::allocator<void> >[m[K’ {aka ‘[01m[Kstruct tutorial_interfaces::msg::Num_<std::allocator<void> >[m[K’} has no member named ‘[01m[KDpadAngle[m[K’; did you mean ‘[01m[Kdpadangle[m[K’?
[0.960s]    31 |         controljoystick.[01;31m[KDpadAngle[m[K = joyangle(msg->axes[6],msg->axes[7]);
[0.960s]       |                         [01;31m[K^~~~~~~~~[m[K
[0.960s]       |                         [32m[Kdpadangle[m[K
[0.960s] [01m[K/home/sangjun/joy_ws/src/joyst_package/src/joyst.cpp:32:25:[m[K [01;31m[Kerror: [m[K‘[01m[Kusing Num = using Num = struct tutorial_interfaces::msg::Num_<std::allocator<void> >[m[K’ {aka ‘[01m[Kstruct tutorial_interfaces::msg::Num_<std::allocator<void> >[m[K’} has no member named ‘[01m[KLeftTrigger[m[K’; did you mean ‘[01m[Klefttrigger[m[K’?
[0.960s]    32 |         controljoystick.[01;31m[KLeftTrigger[m[K = msg->axes[2];
[0.960s]       |                         [01;31m[K^~~~~~~~~~~[m[K
[0.961s]       |                         [32m[Klefttrigger[m[K
[0.961s] [01m[K/home/sangjun/joy_ws/src/joyst_package/src/joyst.cpp:33:25:[m[K [01;31m[Kerror: [m[K‘[01m[Kusing Num = using Num = struct tutorial_interfaces::msg::Num_<std::allocator<void> >[m[K’ {aka ‘[01m[Kstruct tutorial_interfaces::msg::Num_<std::allocator<void> >[m[K’} has no member named ‘[01m[KRightTrigger[m[K’; did you mean ‘[01m[Krighttrigger[m[K’?
[0.961s]    33 |         controljoystick.[01;31m[KRightTrigger[m[K = msg->axes[5];
[0.961s]       |                         [01;31m[K^~~~~~~~~~~~[m[K
[0.961s]       |                         [32m[Krighttrigger[m[K
[0.961s] [01m[K/home/sangjun/joy_ws/src/joyst_package/src/joyst.cpp:34:25:[m[K [01;31m[Kerror: [m[K‘[01m[Kusing Num = using Num = struct tutorial_interfaces::msg::Num_<std::allocator<void> >[m[K’ {aka ‘[01m[Kstruct tutorial_interfaces::msg::Num_<std::allocator<void> >[m[K’} has no member named ‘[01m[KA[m[K’
[0.961s]    34 |         controljoystick.[01;31m[KA[m[K = msg->buttons[0];
[0.961s]       |                         [01;31m[K^[m[K
[0.961s] [01m[K/home/sangjun/joy_ws/src/joyst_package/src/joyst.cpp:35:25:[m[K [01;31m[Kerror: [m[K‘[01m[Kusing Num = using Num = struct tutorial_interfaces::msg::Num_<std::allocator<void> >[m[K’ {aka ‘[01m[Kstruct tutorial_interfaces::msg::Num_<std::allocator<void> >[m[K’} has no member named ‘[01m[KB[m[K’
[0.961s]    35 |         controljoystick.[01;31m[KB[m[K = msg->buttons[1];
[0.961s]       |                         [01;31m[K^[m[K
[0.962s] [01m[K/home/sangjun/joy_ws/src/joyst_package/src/joyst.cpp:36:25:[m[K [01;31m[Kerror: [m[K‘[01m[Kusing Num = using Num = struct tutorial_interfaces::msg::Num_<std::allocator<void> >[m[K’ {aka ‘[01m[Kstruct tutorial_interfaces::msg::Num_<std::allocator<void> >[m[K’} has no member named ‘[01m[KX[m[K’
[0.962s]    36 |         controljoystick.[01;31m[KX[m[K = msg->buttons[2];
[0.962s]       |                         [01;31m[K^[m[K
[0.962s] [01m[K/home/sangjun/joy_ws/src/joyst_package/src/joyst.cpp:37:25:[m[K [01;31m[Kerror: [m[K‘[01m[Kusing Num = using Num = struct tutorial_interfaces::msg::Num_<std::allocator<void> >[m[K’ {aka ‘[01m[Kstruct tutorial_interfaces::msg::Num_<std::allocator<void> >[m[K’} has no member named ‘[01m[KY[m[K’
[0.962s]    37 |         controljoystick.[01;31m[KY[m[K = msg->buttons[3];
[0.962s]       |                         [01;31m[K^[m[K
[0.962s] [01m[K/home/sangjun/joy_ws/src/joyst_package/src/joyst.cpp:38:25:[m[K [01;31m[Kerror: [m[K‘[01m[Kusing Num = using Num = struct tutorial_interfaces::msg::Num_<std::allocator<void> >[m[K’ {aka ‘[01m[Kstruct tutorial_interfaces::msg::Num_<std::allocator<void> >[m[K’} has no member named ‘[01m[KLB[m[K’
[0.962s]    38 |         controljoystick.[01;31m[KLB[m[K = msg->buttons[4];
[0.962s]       |                         [01;31m[K^~[m[K
[0.962s] [01m[K/home/sangjun/joy_ws/src/joyst_package/src/joyst.cpp:39:25:[m[K [01;31m[Kerror: [m[K‘[01m[Kusing Num = using Num = struct tutorial_interfaces::msg::Num_<std::allocator<void> >[m[K’ {aka ‘[01m[Kstruct tutorial_interfaces::msg::Num_<std::allocator<void> >[m[K’} has no member named ‘[01m[KRB[m[K’
[0.962s]    39 |         controljoystick.[01;31m[KRB[m[K = msg->buttons[5];
[0.962s]       |                         [01;31m[K^~[m[K
[2.093s] make[2]: *** [CMakeFiles/joyst_node.dir/build.make:76: CMakeFiles/joyst_node.dir/src/joyst.cpp.o] Error 1
[2.093s] make[1]: *** [CMakeFiles/Makefile2:139: CMakeFiles/joyst_node.dir/all] Error 2
[2.093s] make[1]: *** Waiting for unfinished jobs....
[3.385s] [ 75%] [32m[1mLinking CXX executable subst_node[0m
[3.534s] [ 75%] Built target subst_node
[3.535s] make: *** [Makefile:146: all] Error 2
[3.536s] Invoked command in '/home/sangjun/joy_ws/build/joyst_package' returned '2': CMAKE_PREFIX_PATH=/home/sangjun/joy_ws/install/tutorial_interfaces:/home/sangjun/joy_ws/install/joyst_package:/home/sangjun/gcamp_ros2_ws/install/slam_gmapping:/home/sangjun/gcamp_ros2_ws/install/openslam_gmapping:/home/sangjun/gcamp_ros2_ws/install/gcamp_gazebo:/home/sangjun/gcamp_ros2_ws/install/cpp_service_pkg:/home/sangjun/gcamp_ros2_ws/install/cpp_action_pkg:/home/sangjun/gcamp_ros2_ws/install/custom_interfaces:/home/sangjun/gcamp_ros2_ws/install/cpp_topic_pkg:/home/sangjun/gcamp_ros2_ws/install/cpp_service_tutorial:/home/sangjun/gcamp_ros2_ws/install/cpp_param_pkg:/home/sangjun/gcamp_ros2_ws/install/cpp_first_pkg:/home/sangjun/gcamp_ros2_ws/install/py_topic_pkg:/home/sangjun/gcamp_ros2_ws/install/py_service_pkg:/home/sangjun/gcamp_ros2_ws/install/py_first_pkg:/home/sangjun/gcamp_ros2_ws/install/py_action_pkg:/opt/ros/foxy LD_LIBRARY_PATH=/home/sangjun/joy_ws/install/tutorial_interfaces/lib:/home/sangjun/gcamp_ros2_ws/install/openslam_gmapping/lib:/home/sangjun/gcamp_ros2_ws/install/custom_interfaces/lib:/usr/lib/x86_64-linux-gnu/gazebo-11/plugins:/opt/ros/foxy/opt/yaml_cpp_vendor/lib:/opt/ros/foxy/opt/rviz_ogre_vendor/lib:/opt/ros/foxy/lib/x86_64-linux-gnu:/opt/ros/foxy/lib:/raisim/linux/lib PYTHONPATH=/home/sangjun/joy_ws/install/tutorial_interfaces/lib/python3.8/site-packages:/home/sangjun/gcamp_ros2_ws/build/py_topic_pkg:/home/sangjun/gcamp_ros2_ws/install/py_topic_pkg/lib/python3.8/site-packages:/home/sangjun/gcamp_ros2_ws/build/py_service_pkg:/home/sangjun/gcamp_ros2_ws/install/py_service_pkg/lib/python3.8/site-packages:/home/sangjun/gcamp_ros2_ws/build/py_first_pkg:/home/sangjun/gcamp_ros2_ws/install/py_first_pkg/lib/python3.8/site-packages:/home/sangjun/gcamp_ros2_ws/build/py_action_pkg:/home/sangjun/gcamp_ros2_ws/install/py_action_pkg/lib/python3.8/site-packages:/home/sangjun/gcamp_ros2_ws/install/custom_interfaces/lib/python3.8/site-packages:/opt/ros/foxy/lib/python3.8/site-packages:/raisim/linux/lib /usr/local/bin/cmake --build /home/sangjun/joy_ws/build/joyst_package -- -j8 -l8
