[0.094s] DEBUG:colcon:Command line arguments: ['/usr/bin/colcon', 'build', '--symlink-install']
[0.094s] DEBUG:colcon:Parsed command line arguments: Namespace(allow_overriding=[], ament_cmake_args=None, base_paths=['.'], build_base='build', catkin_cmake_args=None, catkin_skip_building_tests=False, cmake_args=None, cmake_clean_cache=False, cmake_clean_first=False, cmake_force_configure=False, cmake_target=None, cmake_target_skip_unavailable=False, continue_on_error=False, event_handlers=None, executor='parallel', ignore_user_meta=False, install_base='install', log_base=None, log_level=None, main=<bound method BuildVerb.main of <colcon_core.verb.build.BuildVerb object at 0x7ffbe61eb340>>, merge_install=False, metas=['./colcon.meta'], packages_above=None, packages_above_and_dependencies=None, packages_above_depth=None, packages_end=None, packages_ignore=None, packages_ignore_regex=None, packages_select=None, packages_select_build_failed=False, packages_select_by_dep=None, packages_select_regex=None, packages_select_test_failures=False, packages_skip=None, packages_skip_build_finished=False, packages_skip_by_dep=None, packages_skip_regex=None, packages_skip_test_passed=False, packages_skip_up_to=None, packages_start=None, packages_up_to=None, packages_up_to_regex=None, parallel_workers=8, paths=None, symlink_install=True, test_result_base=None, verb_extension=<colcon_core.verb.build.BuildVerb object at 0x7ffbe61eb340>, verb_name='build', verb_parser=<colcon_defaults.argument_parser.defaults.DefaultArgumentsDecorator object at 0x7ffbe61eb880>)
[0.109s] Level 1:colcon.colcon_core.package_discovery:discover_packages(colcon_meta) check parameters
[0.109s] Level 1:colcon.colcon_core.package_discovery:discover_packages(recursive) check parameters
[0.109s] Level 1:colcon.colcon_core.package_discovery:discover_packages(ignore) check parameters
[0.109s] Level 1:colcon.colcon_core.package_discovery:discover_packages(path) check parameters
[0.109s] Level 1:colcon.colcon_core.package_discovery:discover_packages(colcon_meta) discover
[0.109s] Level 1:colcon.colcon_core.package_discovery:discover_packages(recursive) discover
[0.109s] INFO:colcon.colcon_core.package_discovery:Crawling recursively for packages in '/home/sangjun/joy_ws'
[0.109s] Level 1:colcon.colcon_core.package_identification:_identify(.) by extensions ['ignore', 'ignore_ament_install']
[0.109s] Level 1:colcon.colcon_core.package_identification:_identify(.) by extension 'ignore'
[0.109s] Level 1:colcon.colcon_core.package_identification:_identify(.) by extension 'ignore_ament_install'
[0.109s] Level 1:colcon.colcon_core.package_identification:_identify(.) by extensions ['colcon_pkg']
[0.109s] Level 1:colcon.colcon_core.package_identification:_identify(.) by extension 'colcon_pkg'
[0.109s] Level 1:colcon.colcon_core.package_identification:_identify(.) by extensions ['colcon_meta']
[0.109s] Level 1:colcon.colcon_core.package_identification:_identify(.) by extension 'colcon_meta'
[0.109s] Level 1:colcon.colcon_core.package_identification:_identify(.) by extensions ['ros']
[0.109s] Level 1:colcon.colcon_core.package_identification:_identify(.) by extension 'ros'
[0.116s] Level 1:colcon.colcon_core.package_identification:_identify(.) by extensions ['cmake', 'python']
[0.116s] Level 1:colcon.colcon_core.package_identification:_identify(.) by extension 'cmake'
[0.116s] Level 1:colcon.colcon_core.package_identification:_identify(.) by extension 'python'
[0.116s] Level 1:colcon.colcon_core.package_identification:_identify(.) by extensions ['python_setup_py']
[0.116s] Level 1:colcon.colcon_core.package_identification:_identify(.) by extension 'python_setup_py'
[0.117s] Level 1:colcon.colcon_core.package_identification:_identify(build) by extensions ['ignore', 'ignore_ament_install']
[0.117s] Level 1:colcon.colcon_core.package_identification:_identify(build) by extension 'ignore'
[0.117s] Level 1:colcon.colcon_core.package_identification:_identify(build) ignored
[0.117s] Level 1:colcon.colcon_core.package_identification:_identify(install) by extensions ['ignore', 'ignore_ament_install']
[0.117s] Level 1:colcon.colcon_core.package_identification:_identify(install) by extension 'ignore'
[0.117s] Level 1:colcon.colcon_core.package_identification:_identify(install) ignored
[0.117s] Level 1:colcon.colcon_core.package_identification:_identify(log) by extensions ['ignore', 'ignore_ament_install']
[0.117s] Level 1:colcon.colcon_core.package_identification:_identify(log) by extension 'ignore'
[0.117s] Level 1:colcon.colcon_core.package_identification:_identify(log) ignored
[0.117s] Level 1:colcon.colcon_core.package_identification:_identify(src) by extensions ['ignore', 'ignore_ament_install']
[0.117s] Level 1:colcon.colcon_core.package_identification:_identify(src) by extension 'ignore'
[0.117s] Level 1:colcon.colcon_core.package_identification:_identify(src) by extension 'ignore_ament_install'
[0.117s] Level 1:colcon.colcon_core.package_identification:_identify(src) by extensions ['colcon_pkg']
[0.117s] Level 1:colcon.colcon_core.package_identification:_identify(src) by extension 'colcon_pkg'
[0.117s] Level 1:colcon.colcon_core.package_identification:_identify(src) by extensions ['colcon_meta']
[0.117s] Level 1:colcon.colcon_core.package_identification:_identify(src) by extension 'colcon_meta'
[0.117s] Level 1:colcon.colcon_core.package_identification:_identify(src) by extensions ['ros']
[0.117s] Level 1:colcon.colcon_core.package_identification:_identify(src) by extension 'ros'
[0.117s] Level 1:colcon.colcon_core.package_identification:_identify(src) by extensions ['cmake', 'python']
[0.117s] Level 1:colcon.colcon_core.package_identification:_identify(src) by extension 'cmake'
[0.117s] Level 1:colcon.colcon_core.package_identification:_identify(src) by extension 'python'
[0.117s] Level 1:colcon.colcon_core.package_identification:_identify(src) by extensions ['python_setup_py']
[0.117s] Level 1:colcon.colcon_core.package_identification:_identify(src) by extension 'python_setup_py'
[0.118s] Level 1:colcon.colcon_core.package_identification:_identify(src/joyst_package) by extensions ['ignore', 'ignore_ament_install']
[0.118s] Level 1:colcon.colcon_core.package_identification:_identify(src/joyst_package) by extension 'ignore'
[0.118s] Level 1:colcon.colcon_core.package_identification:_identify(src/joyst_package) by extension 'ignore_ament_install'
[0.118s] Level 1:colcon.colcon_core.package_identification:_identify(src/joyst_package) by extensions ['colcon_pkg']
[0.118s] Level 1:colcon.colcon_core.package_identification:_identify(src/joyst_package) by extension 'colcon_pkg'
[0.118s] Level 1:colcon.colcon_core.package_identification:_identify(src/joyst_package) by extensions ['colcon_meta']
[0.118s] Level 1:colcon.colcon_core.package_identification:_identify(src/joyst_package) by extension 'colcon_meta'
[0.118s] Level 1:colcon.colcon_core.package_identification:_identify(src/joyst_package) by extensions ['ros']
[0.118s] Level 1:colcon.colcon_core.package_identification:_identify(src/joyst_package) by extension 'ros'
[0.119s] DEBUG:colcon.colcon_core.package_identification:Package 'src/joyst_package' with type 'ros.ament_cmake' and name 'joyst_package'
[0.120s] Level 1:colcon.colcon_core.package_identification:_identify(src/tutorial_interfaces) by extensions ['ignore', 'ignore_ament_install']
[0.120s] Level 1:colcon.colcon_core.package_identification:_identify(src/tutorial_interfaces) by extension 'ignore'
[0.120s] Level 1:colcon.colcon_core.package_identification:_identify(src/tutorial_interfaces) by extension 'ignore_ament_install'
[0.120s] Level 1:colcon.colcon_core.package_identification:_identify(src/tutorial_interfaces) by extensions ['colcon_pkg']
[0.120s] Level 1:colcon.colcon_core.package_identification:_identify(src/tutorial_interfaces) by extension 'colcon_pkg'
[0.120s] Level 1:colcon.colcon_core.package_identification:_identify(src/tutorial_interfaces) by extensions ['colcon_meta']
[0.120s] Level 1:colcon.colcon_core.package_identification:_identify(src/tutorial_interfaces) by extension 'colcon_meta'
[0.120s] Level 1:colcon.colcon_core.package_identification:_identify(src/tutorial_interfaces) by extensions ['ros']
[0.120s] Level 1:colcon.colcon_core.package_identification:_identify(src/tutorial_interfaces) by extension 'ros'
[0.120s] DEBUG:colcon.colcon_core.package_identification:Package 'src/tutorial_interfaces' with type 'ros.ament_cmake' and name 'tutorial_interfaces'
[0.120s] Level 1:colcon.colcon_core.package_discovery:discover_packages(recursive) using defaults
[0.120s] Level 1:colcon.colcon_core.package_discovery:discover_packages(ignore) discover
[0.120s] Level 1:colcon.colcon_core.package_discovery:discover_packages(ignore) using defaults
[0.120s] Level 1:colcon.colcon_core.package_discovery:discover_packages(path) discover
[0.120s] Level 1:colcon.colcon_core.package_discovery:discover_packages(path) using defaults
[0.139s] Level 1:colcon.colcon_core.package_discovery:discover_packages(prefix_path) check parameters
[0.139s] Level 1:colcon.colcon_core.package_discovery:discover_packages(prefix_path) discover
[0.141s] DEBUG:colcon.colcon_installed_package_information.package_discovery:Found 2 installed packages in /home/sangjun/joy_ws/install
[0.141s] Level 1:colcon.colcon_core.package_discovery:discover_packages(prefix_path) using defaults
[0.142s] Level 5:colcon.colcon_core.verb:set package 'tutorial_interfaces' build argument 'cmake_args' from command line to 'None'
[0.142s] Level 5:colcon.colcon_core.verb:set package 'tutorial_interfaces' build argument 'cmake_target' from command line to 'None'
[0.142s] Level 5:colcon.colcon_core.verb:set package 'tutorial_interfaces' build argument 'cmake_target_skip_unavailable' from command line to 'False'
[0.142s] Level 5:colcon.colcon_core.verb:set package 'tutorial_interfaces' build argument 'cmake_clean_cache' from command line to 'False'
[0.142s] Level 5:colcon.colcon_core.verb:set package 'tutorial_interfaces' build argument 'cmake_clean_first' from command line to 'False'
[0.142s] Level 5:colcon.colcon_core.verb:set package 'tutorial_interfaces' build argument 'cmake_force_configure' from command line to 'False'
[0.142s] Level 5:colcon.colcon_core.verb:set package 'tutorial_interfaces' build argument 'ament_cmake_args' from command line to 'None'
[0.142s] Level 5:colcon.colcon_core.verb:set package 'tutorial_interfaces' build argument 'catkin_cmake_args' from command line to 'None'
[0.142s] Level 5:colcon.colcon_core.verb:set package 'tutorial_interfaces' build argument 'catkin_skip_building_tests' from command line to 'False'
[0.142s] DEBUG:colcon.colcon_core.verb:Building package 'tutorial_interfaces' with the following arguments: {'ament_cmake_args': None, 'build_base': '/home/sangjun/joy_ws/build/tutorial_interfaces', 'catkin_cmake_args': None, 'catkin_skip_building_tests': False, 'cmake_args': None, 'cmake_clean_cache': False, 'cmake_clean_first': False, 'cmake_force_configure': False, 'cmake_target': None, 'cmake_target_skip_unavailable': False, 'install_base': '/home/sangjun/joy_ws/install/tutorial_interfaces', 'merge_install': False, 'path': '/home/sangjun/joy_ws/src/tutorial_interfaces', 'symlink_install': True, 'test_result_base': None}
[0.143s] Level 5:colcon.colcon_core.verb:set package 'joyst_package' build argument 'cmake_args' from command line to 'None'
[0.143s] Level 5:colcon.colcon_core.verb:set package 'joyst_package' build argument 'cmake_target' from command line to 'None'
[0.143s] Level 5:colcon.colcon_core.verb:set package 'joyst_package' build argument 'cmake_target_skip_unavailable' from command line to 'False'
[0.143s] Level 5:colcon.colcon_core.verb:set package 'joyst_package' build argument 'cmake_clean_cache' from command line to 'False'
[0.143s] Level 5:colcon.colcon_core.verb:set package 'joyst_package' build argument 'cmake_clean_first' from command line to 'False'
[0.143s] Level 5:colcon.colcon_core.verb:set package 'joyst_package' build argument 'cmake_force_configure' from command line to 'False'
[0.143s] Level 5:colcon.colcon_core.verb:set package 'joyst_package' build argument 'ament_cmake_args' from command line to 'None'
[0.143s] Level 5:colcon.colcon_core.verb:set package 'joyst_package' build argument 'catkin_cmake_args' from command line to 'None'
[0.143s] Level 5:colcon.colcon_core.verb:set package 'joyst_package' build argument 'catkin_skip_building_tests' from command line to 'False'
[0.143s] DEBUG:colcon.colcon_core.verb:Building package 'joyst_package' with the following arguments: {'ament_cmake_args': None, 'build_base': '/home/sangjun/joy_ws/build/joyst_package', 'catkin_cmake_args': None, 'catkin_skip_building_tests': False, 'cmake_args': None, 'cmake_clean_cache': False, 'cmake_clean_first': False, 'cmake_force_configure': False, 'cmake_target': None, 'cmake_target_skip_unavailable': False, 'install_base': '/home/sangjun/joy_ws/install/joyst_package', 'merge_install': False, 'path': '/home/sangjun/joy_ws/src/joyst_package', 'symlink_install': True, 'test_result_base': None}
[0.143s] INFO:colcon.colcon_core.executor:Executing jobs using 'parallel' executor
[0.146s] DEBUG:colcon.colcon_parallel_executor.executor.parallel:run_until_complete
[0.146s] INFO:colcon.colcon_ros.task.ament_cmake.build:Building ROS package in '/home/sangjun/joy_ws/src/tutorial_interfaces' with build type 'ament_cmake'
[0.146s] INFO:colcon.colcon_cmake.task.cmake.build:Building CMake package in '/home/sangjun/joy_ws/src/tutorial_interfaces'
[0.149s] INFO:colcon.colcon_core.plugin_system:Skipping extension 'colcon_core.shell.bat': Not used on non-Windows systems
[0.149s] INFO:colcon.colcon_core.shell:Skip shell extension 'powershell' for command environment: Not usable outside of PowerShell
[0.149s] DEBUG:colcon.colcon_core.shell:Skip shell extension 'dsv' for command environment
[0.157s] DEBUG:colcon.colcon_core.event_handler.log_command:Invoking command in '/home/sangjun/joy_ws/build/tutorial_interfaces': /usr/local/bin/cmake --build /home/sangjun/joy_ws/build/tutorial_interfaces -- -j8 -l8
[0.235s] DEBUG:colcon.colcon_core.event_handler.log_command:Invoked command in '/home/sangjun/joy_ws/build/tutorial_interfaces' returned '0': /usr/local/bin/cmake --build /home/sangjun/joy_ws/build/tutorial_interfaces -- -j8 -l8
[0.270s] DEBUG:colcon.colcon_core.event_handler.log_command:Invoking command in '/home/sangjun/joy_ws/build/tutorial_interfaces': /usr/local/bin/cmake --install /home/sangjun/joy_ws/build/tutorial_interfaces
[0.314s] Level 1:colcon.colcon_core.environment:create_environment_scripts_only(tutorial_interfaces)
[0.314s] DEBUG:colcon.colcon_core.event_handler.log_command:Invoked command in '/home/sangjun/joy_ws/build/tutorial_interfaces' returned '0': /usr/local/bin/cmake --install /home/sangjun/joy_ws/build/tutorial_interfaces
[0.317s] Level 1:colcon.colcon_core.environment:checking '/home/sangjun/joy_ws/install/tutorial_interfaces' for CMake module files
[0.318s] Level 1:colcon.colcon_core.environment:checking '/home/sangjun/joy_ws/install/tutorial_interfaces' for CMake config files
[0.318s] Level 1:colcon.colcon_core.shell:create_environment_hook('tutorial_interfaces', 'cmake_prefix_path')
[0.319s] INFO:colcon.colcon_core.shell:Creating environment hook '/home/sangjun/joy_ws/install/tutorial_interfaces/share/tutorial_interfaces/hook/cmake_prefix_path.ps1'
[0.319s] INFO:colcon.colcon_core.shell:Creating environment descriptor '/home/sangjun/joy_ws/install/tutorial_interfaces/share/tutorial_interfaces/hook/cmake_prefix_path.dsv'
[0.320s] INFO:colcon.colcon_core.shell:Creating environment hook '/home/sangjun/joy_ws/install/tutorial_interfaces/share/tutorial_interfaces/hook/cmake_prefix_path.sh'
[0.321s] Level 1:colcon.colcon_core.environment:checking '/home/sangjun/joy_ws/install/tutorial_interfaces/lib'
[0.321s] Level 1:colcon.colcon_core.shell:create_environment_hook('tutorial_interfaces', 'ld_library_path_lib')
[0.323s] INFO:colcon.colcon_core.shell:Creating environment hook '/home/sangjun/joy_ws/install/tutorial_interfaces/share/tutorial_interfaces/hook/ld_library_path_lib.ps1'
[0.324s] INFO:colcon.colcon_core.shell:Creating environment descriptor '/home/sangjun/joy_ws/install/tutorial_interfaces/share/tutorial_interfaces/hook/ld_library_path_lib.dsv'
[0.324s] INFO:colcon.colcon_core.shell:Creating environment hook '/home/sangjun/joy_ws/install/tutorial_interfaces/share/tutorial_interfaces/hook/ld_library_path_lib.sh'
[0.324s] Level 1:colcon.colcon_core.environment:checking '/home/sangjun/joy_ws/install/tutorial_interfaces/bin'
[0.324s] Level 1:colcon.colcon_core.environment:checking '/home/sangjun/joy_ws/install/tutorial_interfaces/lib/pkgconfig/tutorial_interfaces.pc'
[0.325s] Level 1:colcon.colcon_core.environment:checking '/home/sangjun/joy_ws/install/tutorial_interfaces/lib/python3.8/site-packages'
[0.325s] Level 1:colcon.colcon_core.shell:create_environment_hook('tutorial_interfaces', 'pythonpath')
[0.326s] INFO:colcon.colcon_core.shell:Creating environment hook '/home/sangjun/joy_ws/install/tutorial_interfaces/share/tutorial_interfaces/hook/pythonpath.ps1'
[0.326s] INFO:colcon.colcon_core.shell:Creating environment descriptor '/home/sangjun/joy_ws/install/tutorial_interfaces/share/tutorial_interfaces/hook/pythonpath.dsv'
[0.326s] INFO:colcon.colcon_core.shell:Creating environment hook '/home/sangjun/joy_ws/install/tutorial_interfaces/share/tutorial_interfaces/hook/pythonpath.sh'
[0.326s] Level 1:colcon.colcon_core.environment:checking '/home/sangjun/joy_ws/install/tutorial_interfaces/bin'
[0.327s] INFO:colcon.colcon_core.shell:Creating package script '/home/sangjun/joy_ws/install/tutorial_interfaces/share/tutorial_interfaces/package.ps1'
[0.328s] INFO:colcon.colcon_core.shell:Creating package descriptor '/home/sangjun/joy_ws/install/tutorial_interfaces/share/tutorial_interfaces/package.dsv'
[0.328s] INFO:colcon.colcon_core.shell:Creating package script '/home/sangjun/joy_ws/install/tutorial_interfaces/share/tutorial_interfaces/package.sh'
[0.329s] INFO:colcon.colcon_core.shell:Creating package script '/home/sangjun/joy_ws/install/tutorial_interfaces/share/tutorial_interfaces/package.bash'
[0.329s] INFO:colcon.colcon_core.shell:Creating package script '/home/sangjun/joy_ws/install/tutorial_interfaces/share/tutorial_interfaces/package.zsh'
[0.330s] Level 1:colcon.colcon_core.environment:create_file_with_runtime_dependencies(/home/sangjun/joy_ws/install/tutorial_interfaces/share/colcon-core/packages/tutorial_interfaces)
[0.358s] Level 1:colcon.colcon_core.environment:create_environment_scripts_only(tutorial_interfaces)
[0.360s] Level 1:colcon.colcon_core.environment:checking '/home/sangjun/joy_ws/install/tutorial_interfaces' for CMake module files
[0.361s] Level 1:colcon.colcon_core.environment:checking '/home/sangjun/joy_ws/install/tutorial_interfaces' for CMake config files
[0.362s] Level 1:colcon.colcon_core.shell:create_environment_hook('tutorial_interfaces', 'cmake_prefix_path')
[0.364s] INFO:colcon.colcon_core.shell:Creating environment hook '/home/sangjun/joy_ws/install/tutorial_interfaces/share/tutorial_interfaces/hook/cmake_prefix_path.ps1'
[0.364s] INFO:colcon.colcon_core.shell:Creating environment descriptor '/home/sangjun/joy_ws/install/tutorial_interfaces/share/tutorial_interfaces/hook/cmake_prefix_path.dsv'
[0.364s] INFO:colcon.colcon_core.shell:Creating environment hook '/home/sangjun/joy_ws/install/tutorial_interfaces/share/tutorial_interfaces/hook/cmake_prefix_path.sh'
[0.365s] Level 1:colcon.colcon_core.environment:checking '/home/sangjun/joy_ws/install/tutorial_interfaces/lib'
[0.365s] Level 1:colcon.colcon_core.shell:create_environment_hook('tutorial_interfaces', 'ld_library_path_lib')
[0.365s] INFO:colcon.colcon_core.shell:Creating environment hook '/home/sangjun/joy_ws/install/tutorial_interfaces/share/tutorial_interfaces/hook/ld_library_path_lib.ps1'
[0.366s] INFO:colcon.colcon_core.shell:Creating environment descriptor '/home/sangjun/joy_ws/install/tutorial_interfaces/share/tutorial_interfaces/hook/ld_library_path_lib.dsv'
[0.366s] INFO:colcon.colcon_core.shell:Creating environment hook '/home/sangjun/joy_ws/install/tutorial_interfaces/share/tutorial_interfaces/hook/ld_library_path_lib.sh'
[0.366s] Level 1:colcon.colcon_core.environment:checking '/home/sangjun/joy_ws/install/tutorial_interfaces/bin'
[0.366s] Level 1:colcon.colcon_core.environment:checking '/home/sangjun/joy_ws/install/tutorial_interfaces/lib/pkgconfig/tutorial_interfaces.pc'
[0.366s] Level 1:colcon.colcon_core.environment:checking '/home/sangjun/joy_ws/install/tutorial_interfaces/lib/python3.8/site-packages'
[0.366s] Level 1:colcon.colcon_core.shell:create_environment_hook('tutorial_interfaces', 'pythonpath')
[0.367s] INFO:colcon.colcon_core.shell:Creating environment hook '/home/sangjun/joy_ws/install/tutorial_interfaces/share/tutorial_interfaces/hook/pythonpath.ps1'
[0.367s] INFO:colcon.colcon_core.shell:Creating environment descriptor '/home/sangjun/joy_ws/install/tutorial_interfaces/share/tutorial_interfaces/hook/pythonpath.dsv'
[0.367s] INFO:colcon.colcon_core.shell:Creating environment hook '/home/sangjun/joy_ws/install/tutorial_interfaces/share/tutorial_interfaces/hook/pythonpath.sh'
[0.368s] Level 1:colcon.colcon_core.environment:checking '/home/sangjun/joy_ws/install/tutorial_interfaces/bin'
[0.369s] INFO:colcon.colcon_core.shell:Creating package script '/home/sangjun/joy_ws/install/tutorial_interfaces/share/tutorial_interfaces/package.ps1'
[0.369s] INFO:colcon.colcon_core.shell:Creating package descriptor '/home/sangjun/joy_ws/install/tutorial_interfaces/share/tutorial_interfaces/package.dsv'
[0.369s] INFO:colcon.colcon_core.shell:Creating package script '/home/sangjun/joy_ws/install/tutorial_interfaces/share/tutorial_interfaces/package.sh'
[0.370s] INFO:colcon.colcon_core.shell:Creating package script '/home/sangjun/joy_ws/install/tutorial_interfaces/share/tutorial_interfaces/package.bash'
[0.370s] INFO:colcon.colcon_core.shell:Creating package script '/home/sangjun/joy_ws/install/tutorial_interfaces/share/tutorial_interfaces/package.zsh'
[0.370s] Level 1:colcon.colcon_core.environment:create_file_with_runtime_dependencies(/home/sangjun/joy_ws/install/tutorial_interfaces/share/colcon-core/packages/tutorial_interfaces)
[0.370s] INFO:colcon.colcon_ros.task.ament_cmake.build:Building ROS package in '/home/sangjun/joy_ws/src/joyst_package' with build type 'ament_cmake'
[0.370s] INFO:colcon.colcon_cmake.task.cmake.build:Building CMake package in '/home/sangjun/joy_ws/src/joyst_package'
[0.371s] INFO:colcon.colcon_core.shell:Skip shell extension 'powershell' for command environment: Not usable outside of PowerShell
[0.371s] DEBUG:colcon.colcon_core.shell:Skip shell extension 'dsv' for command environment
[0.382s] DEBUG:colcon.colcon_core.event_handler.log_command:Invoking command in '/home/sangjun/joy_ws/build/joyst_package': CMAKE_PREFIX_PATH=/home/sangjun/joy_ws/install/tutorial_interfaces:/home/sangjun/joy_ws/install/joyst_package LD_LIBRARY_PATH=/home/sangjun/joy_ws/install/tutorial_interfaces/lib:/raisim/linux/lib PYTHONPATH=/home/sangjun/joy_ws/install/tutorial_interfaces/lib/python3.8/site-packages:/raisim/linux/lib /usr/local/bin/cmake --build /home/sangjun/joy_ws/build/joyst_package -- -j8 -l8
[0.523s] DEBUG:colcon.colcon_core.event_handler.log_command:Invoked command in '/home/sangjun/joy_ws/build/joyst_package' returned '2': CMAKE_PREFIX_PATH=/home/sangjun/joy_ws/install/tutorial_interfaces:/home/sangjun/joy_ws/install/joyst_package LD_LIBRARY_PATH=/home/sangjun/joy_ws/install/tutorial_interfaces/lib:/raisim/linux/lib PYTHONPATH=/home/sangjun/joy_ws/install/tutorial_interfaces/lib/python3.8/site-packages:/raisim/linux/lib /usr/local/bin/cmake --build /home/sangjun/joy_ws/build/joyst_package -- -j8 -l8
[0.538s] Level 1:colcon.colcon_core.environment:create_environment_scripts_only(joyst_package)
[0.540s] Level 1:colcon.colcon_core.environment:checking '/home/sangjun/joy_ws/install/joyst_package' for CMake module files
[0.541s] Level 1:colcon.colcon_core.environment:checking '/home/sangjun/joy_ws/install/joyst_package' for CMake config files
[0.541s] Level 1:colcon.colcon_core.shell:create_environment_hook('joyst_package', 'cmake_prefix_path')
[0.543s] INFO:colcon.colcon_core.shell:Creating environment hook '/home/sangjun/joy_ws/install/joyst_package/share/joyst_package/hook/cmake_prefix_path.ps1'
[0.543s] INFO:colcon.colcon_core.shell:Creating environment descriptor '/home/sangjun/joy_ws/install/joyst_package/share/joyst_package/hook/cmake_prefix_path.dsv'
[0.543s] INFO:colcon.colcon_core.shell:Creating environment hook '/home/sangjun/joy_ws/install/joyst_package/share/joyst_package/hook/cmake_prefix_path.sh'
[0.544s] Level 1:colcon.colcon_core.environment:checking '/home/sangjun/joy_ws/install/joyst_package/lib'
[0.544s] Level 1:colcon.colcon_core.environment:checking '/home/sangjun/joy_ws/install/joyst_package/bin'
[0.544s] Level 1:colcon.colcon_core.environment:checking '/home/sangjun/joy_ws/install/joyst_package/lib/pkgconfig/joyst_package.pc'
[0.544s] Level 1:colcon.colcon_core.environment:checking '/home/sangjun/joy_ws/install/joyst_package/lib/python3.8/site-packages'
[0.544s] Level 1:colcon.colcon_core.environment:checking '/home/sangjun/joy_ws/install/joyst_package/bin'
[0.546s] INFO:colcon.colcon_core.shell:Creating package script '/home/sangjun/joy_ws/install/joyst_package/share/joyst_package/package.ps1'
[0.547s] INFO:colcon.colcon_core.shell:Creating package descriptor '/home/sangjun/joy_ws/install/joyst_package/share/joyst_package/package.dsv'
[0.547s] INFO:colcon.colcon_core.shell:Creating package script '/home/sangjun/joy_ws/install/joyst_package/share/joyst_package/package.sh'
[0.547s] INFO:colcon.colcon_core.shell:Creating package script '/home/sangjun/joy_ws/install/joyst_package/share/joyst_package/package.bash'
[0.548s] INFO:colcon.colcon_core.shell:Creating package script '/home/sangjun/joy_ws/install/joyst_package/share/joyst_package/package.zsh'
[0.548s] Level 1:colcon.colcon_core.environment:create_file_with_runtime_dependencies(/home/sangjun/joy_ws/install/joyst_package/share/colcon-core/packages/joyst_package)
[0.558s] DEBUG:colcon.colcon_parallel_executor.executor.parallel:closing loop
[0.559s] DEBUG:colcon.colcon_parallel_executor.executor.parallel:loop closed
[0.559s] DEBUG:colcon.colcon_parallel_executor.executor.parallel:run_until_complete finished with '2'
[0.559s] DEBUG:colcon.colcon_core.event_reactor:joining thread
[0.565s] INFO:colcon.colcon_core.plugin_system:Skipping extension 'colcon_notification.desktop_notification.terminal_notifier': Not used on non-Darwin systems
[0.565s] INFO:colcon.colcon_core.plugin_system:Skipping extension 'colcon_notification.desktop_notification.win32': Not used on non-Windows systems
[0.565s] INFO:colcon.colcon_notification.desktop_notification:Sending desktop notification using 'notify2'
[0.581s] DEBUG:colcon.colcon_core.event_reactor:joined thread
[0.584s] INFO:colcon.colcon_core.shell:Creating prefix script '/home/sangjun/joy_ws/install/local_setup.ps1'
[0.585s] INFO:colcon.colcon_core.shell:Creating prefix util module '/home/sangjun/joy_ws/install/_local_setup_util_ps1.py'
[0.587s] INFO:colcon.colcon_core.shell:Creating prefix chain script '/home/sangjun/joy_ws/install/setup.ps1'
[0.589s] INFO:colcon.colcon_core.shell:Creating prefix script '/home/sangjun/joy_ws/install/local_setup.sh'
[0.589s] INFO:colcon.colcon_core.shell:Creating prefix util module '/home/sangjun/joy_ws/install/_local_setup_util_sh.py'
[0.589s] INFO:colcon.colcon_core.shell:Creating prefix chain script '/home/sangjun/joy_ws/install/setup.sh'
[0.590s] INFO:colcon.colcon_core.shell:Creating prefix script '/home/sangjun/joy_ws/install/local_setup.bash'
[0.590s] INFO:colcon.colcon_core.shell:Creating prefix chain script '/home/sangjun/joy_ws/install/setup.bash'
[0.591s] INFO:colcon.colcon_core.shell:Creating prefix script '/home/sangjun/joy_ws/install/local_setup.zsh'
[0.591s] INFO:colcon.colcon_core.shell:Creating prefix chain script '/home/sangjun/joy_ws/install/setup.zsh'
