[ 50%] [32mBuilding CXX object CMakeFiles/joyst_node.dir/src/joyst.cpp.o[0m
[01m[K/home/sangjun/joy_ws/src/joyst_package/src/joyst.cpp:16:10:[m[K [01;31m[Kerror: [m[Kdeclaration of ‘[01m[Kauto Joypubsub::Num()[m[K’ changes meaning of ‘[01m[KNum[m[K’ [[01;31m[K-fpermissive[m[K]
   16 |     auto [01;31m[KNum[m[K();
      |          [01;31m[K^~~[m[K
[01m[K/home/sangjun/joy_ws/src/joyst_package/src/joyst.cpp:9:7:[m[K [01;36m[Knote: [m[K‘[01m[KNum[m[K’ declared here as ‘[01m[Kusing Num = using Num = struct tutorial_interfaces::msg::Num_<std::allocator<void> >[m[K’
    9 | using [01;36m[KNum[m[K = tutorial_interfaces::msg::Num;
      |       [01;36m[K^~~[m[K
[01m[K/home/sangjun/joy_ws/src/joyst_package/src/joyst.cpp:[m[K In constructor ‘[01m[KJoypubsub::Joypubsub()[m[K’:
[01m[K/home/sangjun/joy_ws/src/joyst_package/src/joyst.cpp:23:34:[m[K [01;31m[Kerror: [m[Kuse of ‘[01m[Kauto Joypubsub::Num()[m[K’ before deduction of ‘[01m[Kauto[m[K’
   23 |         j_pub = create_publisher<[01;31m[KNum[m[K>("num", 10);
      |                                  [01;31m[K^~~[m[K
[01m[K/home/sangjun/joy_ws/src/joyst_package/src/joyst.cpp:23:34:[m[K [01;31m[Kerror: [m[Kuse of ‘[01m[Kauto Joypubsub::Num()[m[K’ before deduction of ‘[01m[Kauto[m[K’
[01m[K/home/sangjun/joy_ws/src/joyst_package/src/joyst.cpp:23:34:[m[K [01;31m[Kerror: [m[Kuse of ‘[01m[Kauto Joypubsub::Num()[m[K’ before deduction of ‘[01m[Kauto[m[K’
[01m[K/home/sangjun/joy_ws/src/joyst_package/src/joyst.cpp:23:48:[m[K [01;31m[Kerror: [m[Kno matching function for call to ‘[01m[KJoypubsub::create_publisher<<expression error> >(const char [4], int)[m[K’
   23 |         j_pub = create_publisher<Num>("num", 10[01;31m[K)[m[K;
      |                                                [01;31m[K^[m[K
In file included from [01m[K/opt/ros/foxy/include/rclcpp/executors/single_threaded_executor.hpp:28[m[K,
                 from [01m[K/opt/ros/foxy/include/rclcpp/executors.hpp:22[m[K,
                 from [01m[K/opt/ros/foxy/include/rclcpp/rclcpp.hpp:146[m[K,
                 from [01m[K/home/sangjun/joy_ws/src/joyst_package/src/joyst.cpp:4[m[K:
[01m[K/opt/ros/foxy/include/rclcpp/node.hpp:184:3:[m[K [01;36m[Knote: [m[Kcandidate: ‘[01m[Ktemplate<class MessageT, class AllocatorT, class PublisherT> std::shared_ptr<PublisherT> rclcpp::Node::create_publisher(const string&, const rclcpp::QoS&, const rclcpp::PublisherOptionsWithAllocator<AllocatorT>&)[m[K’
  184 |   [01;36m[Kcreate_publisher[m[K(
      |   [01;36m[K^~~~~~~~~~~~~~~~[m[K
[01m[K/opt/ros/foxy/include/rclcpp/node.hpp:184:3:[m[K [01;36m[Knote: [m[K  template argument deduction/substitution failed:
[01m[K/home/sangjun/joy_ws/src/joyst_package/src/joyst.cpp:23:48:[m[K [01;31m[Kerror: [m[Ktemplate argument 1 is invalid
   23 |         j_pub = create_publisher<Num>("num", 10[01;31m[K)[m[K;
      |                                                [01;31m[K^[m[K
[01m[K/home/sangjun/joy_ws/src/joyst_package/src/joyst.cpp:[m[K In member function ‘[01m[Kvoid Joypubsub::sub_callback(sensor_msgs::msg::Joy_<std::allocator<void> >::SharedPtr)[m[K’:
[01m[K/home/sangjun/joy_ws/src/joyst_package/src/joyst.cpp:27:9:[m[K [01;31m[Kerror: [m[K‘[01m[KAAA[m[K’ was not declared in this scope
   27 |         [01;31m[KAAA[m[K.num1 = msg->axes[0];
      |         [01;31m[K^~~[m[K
make[2]: *** [CMakeFiles/joyst_node.dir/build.make:76: CMakeFiles/joyst_node.dir/src/joyst.cpp.o] Error 1
make[1]: *** [CMakeFiles/Makefile2:137: CMakeFiles/joyst_node.dir/all] Error 2
make: *** [Makefile:146: all] Error 2
