[0.014s] Invoking command in '/home/sangjun/joy_ws/build/joyst_package': CMAKE_PREFIX_PATH=${CMAKE_PREFIX_PATH}:/home/sangjun/gcamp_ros2_ws/install/py_topic_pkg:/home/sangjun/gcamp_ros2_ws/install/py_service_pkg:/home/sangjun/gcamp_ros2_ws/install/py_first_pkg:/home/sangjun/gcamp_ros2_ws/install/py_action_pkg:/opt/ros/foxy LD_LIBRARY_PATH=/home/sangjun/joy_ws/install/tutorial_interfaces/lib:/home/sangjun/gcamp_ros2_ws/install/openslam_gmapping/lib:/home/sangjun/gcamp_ros2_ws/install/custom_interfaces/lib:/usr/lib/x86_64-linux-gnu/gazebo-11/plugins:/opt/ros/foxy/opt/yaml_cpp_vendor/lib:/opt/ros/foxy/opt/rviz_ogre_vendor/lib:/opt/ros/foxy/lib/x86_64-linux-gnu:/opt/ros/foxy/lib:/raisim/linux/lib PYTHONPATH=/home/sangjun/joy_ws/install/tutorial_interfaces/lib/python3.8/site-packages:/home/sangjun/gcamp_ros2_ws/build/py_topic_pkg:/home/sangjun/gcamp_ros2_ws/install/py_topic_pkg/lib/python3.8/site-packages:/home/sangjun/gcamp_ros2_ws/build/py_service_pkg:/home/sangjun/gcamp_ros2_ws/install/py_service_pkg/lib/python3.8/site-packages:/home/sangjun/gcamp_ros2_ws/build/py_first_pkg:/home/sangjun/gcamp_ros2_ws/install/py_first_pkg/lib/python3.8/site-packages:/home/sangjun/gcamp_ros2_ws/build/py_action_pkg:/home/sangjun/gcamp_ros2_ws/install/py_action_pkg/lib/python3.8/site-packages:/home/sangjun/gcamp_ros2_ws/install/custom_interfaces/lib/python3.8/site-packages:/opt/ros/foxy/lib/python3.8/site-packages:/raisim/linux/lib /usr/local/bin/cmake --build /home/sangjun/joy_ws/build/joyst_package -- -j8 -l8
[0.044s] [ 50%] [32mBuilding CXX object CMakeFiles/joyst_node.dir/src/joyst.cpp.o[0m
[0.916s] [01m[K/home/sangjun/joy_ws/src/joyst_package/src/joyst.cpp:16:10:[m[K [01;31m[Kerror: [m[Kdeclaration of ‘[01m[Kauto Joypubsub::Num()[m[K’ changes meaning of ‘[01m[KNum[m[K’ [[01;31m[K-fpermissive[m[K]
[0.916s]    16 |     auto [01;31m[KNum[m[K();
[0.916s]       |          [01;31m[K^~~[m[K
[0.916s] [01m[K/home/sangjun/joy_ws/src/joyst_package/src/joyst.cpp:9:7:[m[K [01;36m[Knote: [m[K‘[01m[KNum[m[K’ declared here as ‘[01m[Kusing Num = using Num = struct tutorial_interfaces::msg::Num_<std::allocator<void> >[m[K’
[0.916s]     9 | using [01;36m[KNum[m[K = tutorial_interfaces::msg::Num;
[0.916s]       |       [01;36m[K^~~[m[K
[0.923s] [01m[K/home/sangjun/joy_ws/src/joyst_package/src/joyst.cpp:[m[K In constructor ‘[01m[KJoypubsub::Joypubsub()[m[K’:
[0.923s] [01m[K/home/sangjun/joy_ws/src/joyst_package/src/joyst.cpp:23:34:[m[K [01;31m[Kerror: [m[Kuse of ‘[01m[Kauto Joypubsub::Num()[m[K’ before deduction of ‘[01m[Kauto[m[K’
[0.923s]    23 |         j_pub = create_publisher<[01;31m[KNum[m[K>("num", 10);
[0.923s]       |                                  [01;31m[K^~~[m[K
[0.923s] [01m[K/home/sangjun/joy_ws/src/joyst_package/src/joyst.cpp:23:34:[m[K [01;31m[Kerror: [m[Kuse of ‘[01m[Kauto Joypubsub::Num()[m[K’ before deduction of ‘[01m[Kauto[m[K’
[0.923s] [01m[K/home/sangjun/joy_ws/src/joyst_package/src/joyst.cpp:23:34:[m[K [01;31m[Kerror: [m[Kuse of ‘[01m[Kauto Joypubsub::Num()[m[K’ before deduction of ‘[01m[Kauto[m[K’
[0.923s] [01m[K/home/sangjun/joy_ws/src/joyst_package/src/joyst.cpp:23:48:[m[K [01;31m[Kerror: [m[Kno matching function for call to ‘[01m[KJoypubsub::create_publisher<<expression error> >(const char [4], int)[m[K’
[0.923s]    23 |         j_pub = create_publisher<Num>("num", 10[01;31m[K)[m[K;
[0.923s]       |                                                [01;31m[K^[m[K
[0.923s] In file included from [01m[K/opt/ros/foxy/include/rclcpp/executors/single_threaded_executor.hpp:28[m[K,
[0.923s]                  from [01m[K/opt/ros/foxy/include/rclcpp/executors.hpp:22[m[K,
[0.924s]                  from [01m[K/opt/ros/foxy/include/rclcpp/rclcpp.hpp:146[m[K,
[0.924s]                  from [01m[K/home/sangjun/joy_ws/src/joyst_package/src/joyst.cpp:4[m[K:
[0.924s] [01m[K/opt/ros/foxy/include/rclcpp/node.hpp:184:3:[m[K [01;36m[Knote: [m[Kcandidate: ‘[01m[Ktemplate<class MessageT, class AllocatorT, class PublisherT> std::shared_ptr<PublisherT> rclcpp::Node::create_publisher(const string&, const rclcpp::QoS&, const rclcpp::PublisherOptionsWithAllocator<AllocatorT>&)[m[K’
[0.924s]   184 |   [01;36m[Kcreate_publisher[m[K(
[0.924s]       |   [01;36m[K^~~~~~~~~~~~~~~~[m[K
[0.924s] [01m[K/opt/ros/foxy/include/rclcpp/node.hpp:184:3:[m[K [01;36m[Knote: [m[K  template argument deduction/substitution failed:
[0.924s] [01m[K/home/sangjun/joy_ws/src/joyst_package/src/joyst.cpp:23:48:[m[K [01;31m[Kerror: [m[Ktemplate argument 1 is invalid
[0.924s]    23 |         j_pub = create_publisher<Num>("num", 10[01;31m[K)[m[K;
[0.924s]       |                                                [01;31m[K^[m[K
[0.925s] [01m[K/home/sangjun/joy_ws/src/joyst_package/src/joyst.cpp:[m[K In member function ‘[01m[Kvoid Joypubsub::sub_callback(sensor_msgs::msg::Joy_<std::allocator<void> >::SharedPtr)[m[K’:
[0.925s] [01m[K/home/sangjun/joy_ws/src/joyst_package/src/joyst.cpp:27:9:[m[K [01;31m[Kerror: [m[K‘[01m[KAAA[m[K’ was not declared in this scope
[0.926s]    27 |         [01;31m[KAAA[m[K.num1 = msg->axes[0];
[0.926s]       |         [01;31m[K^~~[m[K
[1.929s] make[2]: *** [CMakeFiles/joyst_node.dir/build.make:76: CMakeFiles/joyst_node.dir/src/joyst.cpp.o] Error 1
[1.930s] make[1]: *** [CMakeFiles/Makefile2:137: CMakeFiles/joyst_node.dir/all] Error 2
[1.930s] make: *** [Makefile:146: all] Error 2
[1.931s] Invoked command in '/home/sangjun/joy_ws/build/joyst_package' returned '2': CMAKE_PREFIX_PATH=${CMAKE_PREFIX_PATH}:/home/sangjun/gcamp_ros2_ws/install/py_topic_pkg:/home/sangjun/gcamp_ros2_ws/install/py_service_pkg:/home/sangjun/gcamp_ros2_ws/install/py_first_pkg:/home/sangjun/gcamp_ros2_ws/install/py_action_pkg:/opt/ros/foxy LD_LIBRARY_PATH=/home/sangjun/joy_ws/install/tutorial_interfaces/lib:/home/sangjun/gcamp_ros2_ws/install/openslam_gmapping/lib:/home/sangjun/gcamp_ros2_ws/install/custom_interfaces/lib:/usr/lib/x86_64-linux-gnu/gazebo-11/plugins:/opt/ros/foxy/opt/yaml_cpp_vendor/lib:/opt/ros/foxy/opt/rviz_ogre_vendor/lib:/opt/ros/foxy/lib/x86_64-linux-gnu:/opt/ros/foxy/lib:/raisim/linux/lib PYTHONPATH=/home/sangjun/joy_ws/install/tutorial_interfaces/lib/python3.8/site-packages:/home/sangjun/gcamp_ros2_ws/build/py_topic_pkg:/home/sangjun/gcamp_ros2_ws/install/py_topic_pkg/lib/python3.8/site-packages:/home/sangjun/gcamp_ros2_ws/build/py_service_pkg:/home/sangjun/gcamp_ros2_ws/install/py_service_pkg/lib/python3.8/site-packages:/home/sangjun/gcamp_ros2_ws/build/py_first_pkg:/home/sangjun/gcamp_ros2_ws/install/py_first_pkg/lib/python3.8/site-packages:/home/sangjun/gcamp_ros2_ws/build/py_action_pkg:/home/sangjun/gcamp_ros2_ws/install/py_action_pkg/lib/python3.8/site-packages:/home/sangjun/gcamp_ros2_ws/install/custom_interfaces/lib/python3.8/site-packages:/opt/ros/foxy/lib/python3.8/site-packages:/raisim/linux/lib /usr/local/bin/cmake --build /home/sangjun/joy_ws/build/joyst_package -- -j8 -l8
