-- The C compiler identification is GNU 9.4.0
-- The CXX compiler identification is GNU 9.4.0
-- Detecting C compiler ABI info
-- Detecting C compiler ABI info - done
-- Check for working C compiler: /usr/bin/cc - skipped
-- Detecting C compile features
-- Detecting C compile features - done
-- Detecting CXX compiler ABI info
-- Detecting CXX compiler ABI info - done
-- Check for working CXX compiler: /usr/bin/c++ - skipped
-- Detecting CXX compile features
-- Detecting CXX compile features - done
-- Found ament_cmake: 0.9.11 (/opt/ros/foxy/share/ament_cmake/cmake)
-- Found PythonInterp: /usr/bin/python3 (found suitable version "3.8.10", minimum required is "3") 
-- Using PYTHON_EXECUTABLE: /usr/bin/python3
-- Override CMake install command with custom implementation using symlinks instead of copying resources
-- Found rclcpp: 2.4.2 (/opt/ros/foxy/share/rclcpp/cmake)
-- Using all available rosidl_typesupport_c: rosidl_typesupport_fastrtps_c;rosidl_typesupport_introspection_c
-- Found rosidl_adapter: 1.3.0 (/opt/ros/foxy/share/rosidl_adapter/cmake)
-- Found OpenSSL: /usr/lib/x86_64-linux-gnu/libcrypto.so (found version "1.1.1f")  
-- Found FastRTPS: /opt/ros/foxy/include  
-- Using all available rosidl_typesupport_cpp: rosidl_typesupport_fastrtps_cpp;rosidl_typesupport_introspection_cpp
-- Found rmw_implementation_cmake: 1.0.3 (/opt/ros/foxy/share/rmw_implementation_cmake/cmake)
-- Using RMW implementation 'rmw_fastrtps_cpp' as default
-- Performing Test CMAKE_HAVE_LIBC_PTHREAD
-- Performing Test CMAKE_HAVE_LIBC_PTHREAD - Failed
-- Looking for pthread_create in pthreads
-- Looking for pthread_create in pthreads - not found
-- Looking for pthread_create in pthread
-- Looking for pthread_create in pthread - found
-- Found Threads: TRUE  
-- Found sensor_msgs: 2.0.5 (/opt/ros/foxy/share/sensor_msgs/cmake)
-- Found ament_lint_auto: 0.9.7 (/opt/ros/foxy/share/ament_lint_auto/cmake)
-- Added test 'copyright' to check source files copyright and LICENSE
-- Added test 'cppcheck' to perform static code analysis on C / C++ code
-- Configured cppcheck include dirs: 
-- Configured cppcheck exclude dirs and/or files: 
-- Added test 'cpplint' to check C / C++ code against the Google style
-- Configured cpplint exclude dirs and/or files: 
-- Added test 'lint_cmake' to check CMake code style
-- Added test 'uncrustify' to check C / C++ code style
-- Configured uncrustify additional arguments: 
-- Added test 'xmllint' to check XML markup files
-- Configuring done
-- Generating done
-- Build files have been written to: /home/sangjun/joy_ws/build/joyst_package
[ 50%] [32mBuilding CXX object CMakeFiles/joyst_node.dir/src/joyst.cpp.o[0m
[100%] [32m[1mLinking CXX executable joyst_node[0m
[100%] Built target joyst_node
-- Install configuration: ""
-- Execute custom install script
-- Symlinking: /home/sangjun/joy_ws/install/joyst_package/lib/joyst_package/joyst_node
-- Symlinking: /home/sangjun/joy_ws/install/joyst_package/share/ament_index/resource_index/package_run_dependencies/joyst_package
-- Symlinking: /home/sangjun/joy_ws/install/joyst_package/share/ament_index/resource_index/parent_prefix_path/joyst_package
-- Symlinking: /home/sangjun/joy_ws/install/joyst_package/share/joyst_package/environment/ament_prefix_path.sh
-- Symlinking: /home/sangjun/joy_ws/install/joyst_package/share/joyst_package/environment/ament_prefix_path.dsv
-- Symlinking: /home/sangjun/joy_ws/install/joyst_package/share/joyst_package/environment/path.sh
-- Symlinking: /home/sangjun/joy_ws/install/joyst_package/share/joyst_package/environment/path.dsv
-- Symlinking: /home/sangjun/joy_ws/install/joyst_package/share/joyst_package/local_setup.bash
-- Symlinking: /home/sangjun/joy_ws/install/joyst_package/share/joyst_package/local_setup.sh
-- Symlinking: /home/sangjun/joy_ws/install/joyst_package/share/joyst_package/local_setup.zsh
-- Symlinking: /home/sangjun/joy_ws/install/joyst_package/share/joyst_package/local_setup.dsv
-- Symlinking: /home/sangjun/joy_ws/install/joyst_package/share/joyst_package/package.dsv
-- Symlinking: /home/sangjun/joy_ws/install/joyst_package/share/ament_index/resource_index/packages/joyst_package
-- Symlinking: /home/sangjun/joy_ws/install/joyst_package/share/joyst_package/cmake/joyst_packageConfig.cmake
-- Symlinking: /home/sangjun/joy_ws/install/joyst_package/share/joyst_package/cmake/joyst_packageConfig-version.cmake
-- Symlinking: /home/sangjun/joy_ws/install/joyst_package/share/joyst_package/package.xml
