[0.015s] Invoking command in '/home/sangjun/joy_ws/build/tutorial_interfaces': CMAKE_PREFIX_PATH=${CMAKE_PREFIX_PATH}:/home/sangjun/gcamp_ros2_ws/install/py_topic_pkg:/home/sangjun/gcamp_ros2_ws/install/py_service_pkg:/home/sangjun/gcamp_ros2_ws/install/py_first_pkg:/home/sangjun/gcamp_ros2_ws/install/py_action_pkg:/opt/ros/foxy /usr/local/bin/cmake /home/sangjun/joy_ws/src/tutorial_interfaces -DAMENT_CMAKE_SYMLINK_INSTALL=1 -DCMAKE_INSTALL_PREFIX=/home/sangjun/joy_ws/install/tutorial_interfaces
[0.063s] -- The C compiler identification is GNU 9.4.0
[0.114s] -- The CXX compiler identification is GNU 9.4.0
[0.124s] -- Detecting C compiler ABI info
[0.172s] -- Detecting C compiler ABI info - done
[0.179s] -- Check for working C compiler: /usr/bin/cc - skipped
[0.179s] -- Detecting C compile features
[0.180s] -- Detecting C compile features - done
[0.182s] -- Detecting CXX compiler ABI info
[0.237s] -- Detecting CXX compiler ABI info - done
[0.247s] -- Check for working CXX compiler: /usr/bin/c++ - skipped
[0.247s] -- Detecting CXX compile features
[0.248s] -- Detecting CXX compile features - done
[0.250s] -- Found ament_cmake: 0.9.11 (/opt/ros/foxy/share/ament_cmake/cmake)
[0.281s] -- Found PythonInterp: /usr/bin/python3 (found suitable version "3.8.10", minimum required is "3") 
[0.281s] -- Using PYTHON_EXECUTABLE: /usr/bin/python3
[0.407s] -- Override CMake install command with custom implementation using symlinks instead of copying resources
[0.437s] -- Found rosidl_default_generators: 1.0.1 (/opt/ros/foxy/share/rosidl_default_generators/cmake)
[0.441s] -- Using all available rosidl_typesupport_c: rosidl_typesupport_fastrtps_c;rosidl_typesupport_introspection_c
[0.447s] -- Found rosidl_adapter: 1.3.0 (/opt/ros/foxy/share/rosidl_adapter/cmake)
[0.526s] -- Found OpenSSL: /usr/lib/x86_64-linux-gnu/libcrypto.so (found version "1.1.1f")  
[0.552s] -- Found FastRTPS: /opt/ros/foxy/include  
[0.614s] -- Using all available rosidl_typesupport_cpp: rosidl_typesupport_fastrtps_cpp;rosidl_typesupport_introspection_cpp
[0.659s] -- Found PythonInterp: /usr/bin/python3 (found version "3.8.10") 
[0.752s] -- Found ament_cmake_ros: 0.9.2 (/opt/ros/foxy/share/ament_cmake_ros/cmake)
[0.834s] -- Using all available rosidl_typesupport_c: rosidl_typesupport_fastrtps_c;rosidl_typesupport_introspection_c
[0.839s] -- Using all available rosidl_typesupport_cpp: rosidl_typesupport_fastrtps_cpp;rosidl_typesupport_introspection_cpp
[0.865s] -- Found PythonInterp: /usr/bin/python3 (found suitable version "3.8.10", minimum required is "3.5") 
[0.869s] -- Found python_cmake_module: 0.8.1 (/opt/ros/foxy/share/python_cmake_module/cmake)
[0.905s] -- Found PythonLibs: /usr/lib/x86_64-linux-gnu/libpython3.8.so (found suitable version "3.8.10", minimum required is "3.5") 
[0.905s] -- Using PYTHON_EXECUTABLE: /usr/bin/python3
[0.905s] -- Using PYTHON_INCLUDE_DIRS: /usr/include/python3.8
[0.906s] -- Using PYTHON_LIBRARIES: /usr/lib/x86_64-linux-gnu/libpython3.8.so
[0.932s] -- Found PythonExtra: .so  
[0.977s] -- Found ament_lint_auto: 0.9.7 (/opt/ros/foxy/share/ament_lint_auto/cmake)
[0.998s] -- Added test 'copyright' to check source files copyright and LICENSE
[0.999s] -- Added test 'lint_cmake' to check CMake code style
[1.000s] -- Added test 'xmllint' to check XML markup files
[1.003s] -- Configuring done
[1.023s] -- Generating done
[1.024s] -- Build files have been written to: /home/sangjun/joy_ws/build/tutorial_interfaces
[1.030s] Invoked command in '/home/sangjun/joy_ws/build/tutorial_interfaces' returned '0': CMAKE_PREFIX_PATH=${CMAKE_PREFIX_PATH}:/home/sangjun/gcamp_ros2_ws/install/py_topic_pkg:/home/sangjun/gcamp_ros2_ws/install/py_service_pkg:/home/sangjun/gcamp_ros2_ws/install/py_first_pkg:/home/sangjun/gcamp_ros2_ws/install/py_action_pkg:/opt/ros/foxy /usr/local/bin/cmake /home/sangjun/joy_ws/src/tutorial_interfaces -DAMENT_CMAKE_SYMLINK_INSTALL=1 -DCMAKE_INSTALL_PREFIX=/home/sangjun/joy_ws/install/tutorial_interfaces
[1.031s] Invoking command in '/home/sangjun/joy_ws/build/tutorial_interfaces': CMAKE_PREFIX_PATH=${CMAKE_PREFIX_PATH}:/home/sangjun/gcamp_ros2_ws/install/py_topic_pkg:/home/sangjun/gcamp_ros2_ws/install/py_service_pkg:/home/sangjun/gcamp_ros2_ws/install/py_first_pkg:/home/sangjun/gcamp_ros2_ws/install/py_action_pkg:/opt/ros/foxy /usr/local/bin/cmake --build /home/sangjun/joy_ws/build/tutorial_interfaces -- -j8 -l8
[1.049s] [  3%] [34m[1mGenerating C code for ROS interfaces[0m
[1.054s] [  6%] [34m[1mGenerating C++ code for ROS interfaces[0m
[1.208s] [  6%] Built target tutorial_interfaces__cpp
[1.212s] [  9%] [34m[1mGenerating C++ type support dispatch for ROS interfaces[0m
[1.212s] [ 12%] [34m[1mGenerating C++ type support for eProsima Fast-RTPS[0m
[1.213s] [ 16%] [34m[1mGenerating C++ introspection for ROS interfaces[0m
[1.218s] [ 19%] [32mBuilding C object CMakeFiles/tutorial_interfaces__rosidl_generator_c.dir/rosidl_generator_c/tutorial_interfaces/msg/detail/num__functions.c.o[0m
[1.260s] [ 22%] [32m[1mLinking C shared library libtutorial_interfaces__rosidl_generator_c.so[0m
[1.280s] [ 22%] Built target tutorial_interfaces__rosidl_generator_c
[1.284s] [ 25%] [34m[1mGenerating C type support dispatch for ROS interfaces[0m
[1.284s] [ 29%] [34m[1mGenerating C introspection for ROS interfaces[0m
[1.368s] [ 32%] [32mBuilding CXX object CMakeFiles/tutorial_interfaces__rosidl_typesupport_cpp.dir/rosidl_typesupport_cpp/tutorial_interfaces/msg/num__type_support.cpp.o[0m
[1.368s] [ 35%] [32mBuilding CXX object CMakeFiles/tutorial_interfaces__rosidl_typesupport_introspection_cpp.dir/rosidl_typesupport_introspection_cpp/tutorial_interfaces/msg/detail/num__type_support.cpp.o[0m
[1.377s] [ 38%] [32mBuilding CXX object CMakeFiles/tutorial_interfaces__rosidl_typesupport_fastrtps_cpp.dir/rosidl_typesupport_fastrtps_cpp/tutorial_interfaces/msg/detail/dds_fastrtps/num__type_support.cpp.o[0m
[1.530s] [ 41%] [32mBuilding CXX object CMakeFiles/tutorial_interfaces__rosidl_typesupport_c.dir/rosidl_typesupport_c/tutorial_interfaces/msg/num__type_support.cpp.o[0m
[1.541s] [ 45%] [32mBuilding C object CMakeFiles/tutorial_interfaces__rosidl_typesupport_introspection_c.dir/rosidl_typesupport_introspection_c/tutorial_interfaces/msg/detail/num__type_support.c.o[0m
[1.555s] [ 48%] [32m[1mLinking CXX shared library libtutorial_interfaces__rosidl_typesupport_c.so[0m
[1.566s] [ 51%] [32m[1mLinking C shared library libtutorial_interfaces__rosidl_typesupport_introspection_c.so[0m
[1.576s] [ 54%] [32m[1mLinking CXX shared library libtutorial_interfaces__rosidl_typesupport_introspection_cpp.so[0m
[1.578s] [ 54%] Built target tutorial_interfaces__rosidl_typesupport_c
[1.581s] [ 54%] Built target tutorial_interfaces__rosidl_typesupport_introspection_c
[1.590s] [ 58%] [32m[1mLinking CXX shared library libtutorial_interfaces__rosidl_typesupport_cpp.so[0m
[1.598s] [ 58%] Built target tutorial_interfaces__rosidl_typesupport_introspection_cpp
[1.614s] [ 58%] Built target tutorial_interfaces__rosidl_typesupport_cpp
[1.675s] [ 61%] [32m[1mLinking CXX shared library libtutorial_interfaces__rosidl_typesupport_fastrtps_cpp.so[0m
[1.727s] [ 61%] Built target tutorial_interfaces__rosidl_typesupport_fastrtps_cpp
[1.733s] [ 64%] [34m[1mGenerating C type support for eProsima Fast-RTPS[0m
[1.898s] [ 67%] [32mBuilding CXX object CMakeFiles/tutorial_interfaces__rosidl_typesupport_fastrtps_c.dir/rosidl_typesupport_fastrtps_c/tutorial_interfaces/msg/detail/num__type_support_c.cpp.o[0m
[2.134s] [ 70%] [32m[1mLinking CXX shared library libtutorial_interfaces__rosidl_typesupport_fastrtps_c.so[0m
[2.187s] [ 70%] Built target tutorial_interfaces__rosidl_typesupport_fastrtps_c
[2.196s] [ 70%] Built target tutorial_interfaces
[2.207s] [ 74%] [34m[1mGenerating Python code for ROS interfaces[0m
[2.460s] [ 74%] Built target tutorial_interfaces__py
[2.470s] [ 77%] [32mBuilding C object CMakeFiles/tutorial_interfaces__python.dir/rosidl_generator_py/tutorial_interfaces/msg/_num_s.c.o[0m
[2.537s] [ 80%] [32m[1mLinking C shared library rosidl_generator_py/tutorial_interfaces/libtutorial_interfaces__python.so[0m
[2.565s] [ 80%] Built target tutorial_interfaces__python
[2.573s] [ 87%] [32mBuilding C object CMakeFiles/tutorial_interfaces__rosidl_typesupport_introspection_c__pyext.dir/rosidl_generator_py/tutorial_interfaces/_tutorial_interfaces_s.ep.rosidl_typesupport_introspection_c.c.o[0m
[2.573s] [ 87%] [32mBuilding C object CMakeFiles/tutorial_interfaces__rosidl_typesupport_fastrtps_c__pyext.dir/rosidl_generator_py/tutorial_interfaces/_tutorial_interfaces_s.ep.rosidl_typesupport_fastrtps_c.c.o[0m
[2.574s] [ 90%] [32mBuilding C object CMakeFiles/tutorial_interfaces__rosidl_typesupport_c__pyext.dir/rosidl_generator_py/tutorial_interfaces/_tutorial_interfaces_s.ep.rosidl_typesupport_c.c.o[0m
[2.630s] [ 93%] [32m[1mLinking C shared library rosidl_generator_py/tutorial_interfaces/tutorial_interfaces_s__rosidl_typesupport_introspection_c.cpython-38-x86_64-linux-gnu.so[0m
[2.631s] [ 96%] [32m[1mLinking C shared library rosidl_generator_py/tutorial_interfaces/tutorial_interfaces_s__rosidl_typesupport_c.cpython-38-x86_64-linux-gnu.so[0m
[2.632s] [100%] [32m[1mLinking CXX shared library rosidl_generator_py/tutorial_interfaces/tutorial_interfaces_s__rosidl_typesupport_fastrtps_c.cpython-38-x86_64-linux-gnu.so[0m
[2.648s] [100%] Built target tutorial_interfaces__rosidl_typesupport_introspection_c__pyext
[2.650s] [100%] Built target tutorial_interfaces__rosidl_typesupport_c__pyext
[2.671s] [100%] Built target tutorial_interfaces__rosidl_typesupport_fastrtps_c__pyext
[2.676s] Invoked command in '/home/sangjun/joy_ws/build/tutorial_interfaces' returned '0': CMAKE_PREFIX_PATH=${CMAKE_PREFIX_PATH}:/home/sangjun/gcamp_ros2_ws/install/py_topic_pkg:/home/sangjun/gcamp_ros2_ws/install/py_service_pkg:/home/sangjun/gcamp_ros2_ws/install/py_first_pkg:/home/sangjun/gcamp_ros2_ws/install/py_action_pkg:/opt/ros/foxy /usr/local/bin/cmake --build /home/sangjun/joy_ws/build/tutorial_interfaces -- -j8 -l8
[2.708s] Invoking command in '/home/sangjun/joy_ws/build/tutorial_interfaces': CMAKE_PREFIX_PATH=${CMAKE_PREFIX_PATH}:/home/sangjun/gcamp_ros2_ws/install/py_topic_pkg:/home/sangjun/gcamp_ros2_ws/install/py_service_pkg:/home/sangjun/gcamp_ros2_ws/install/py_first_pkg:/home/sangjun/gcamp_ros2_ws/install/py_action_pkg:/opt/ros/foxy /usr/local/bin/cmake --install /home/sangjun/joy_ws/build/tutorial_interfaces
[2.710s] -- Install configuration: ""
[2.711s] -- Execute custom install script
[2.711s] -- Symlinking: /home/sangjun/joy_ws/install/tutorial_interfaces/share/ament_index/resource_index/rosidl_interfaces/tutorial_interfaces
[2.714s] -- Symlinking: /home/sangjun/joy_ws/install/tutorial_interfaces/include/tutorial_interfaces/msg/detail/num__functions.h
[2.717s] -- Symlinking: /home/sangjun/joy_ws/install/tutorial_interfaces/include/tutorial_interfaces/msg/detail/num__struct.h
[2.721s] -- Symlinking: /home/sangjun/joy_ws/install/tutorial_interfaces/include/tutorial_interfaces/msg/detail/num__type_support.h
[2.724s] -- Symlinking: /home/sangjun/joy_ws/install/tutorial_interfaces/include/tutorial_interfaces/msg/num.h
[2.727s] -- Symlinking: /home/sangjun/joy_ws/install/tutorial_interfaces/include/tutorial_interfaces/msg/rosidl_generator_c__visibility_control.h
[2.729s] -- Symlinking: /home/sangjun/joy_ws/install/tutorial_interfaces/share/tutorial_interfaces/environment/library_path.sh
[2.732s] -- Symlinking: /home/sangjun/joy_ws/install/tutorial_interfaces/share/tutorial_interfaces/environment/library_path.dsv
[2.735s] -- Symlinking: /home/sangjun/joy_ws/install/tutorial_interfaces/include/tutorial_interfaces/msg/detail/num__rosidl_typesupport_fastrtps_c.h
[2.737s] -- Symlinking: /home/sangjun/joy_ws/install/tutorial_interfaces/include/tutorial_interfaces/msg/rosidl_typesupport_fastrtps_c__visibility_control.h
[2.740s] -- Symlinking: /home/sangjun/joy_ws/install/tutorial_interfaces/lib/libtutorial_interfaces__rosidl_typesupport_fastrtps_c.so
[2.743s] -- Symlinking: /home/sangjun/joy_ws/install/tutorial_interfaces/include/tutorial_interfaces/msg/detail/num__rosidl_typesupport_fastrtps_cpp.hpp
[2.746s] -- Symlinking: /home/sangjun/joy_ws/install/tutorial_interfaces/include/tutorial_interfaces/msg/rosidl_typesupport_fastrtps_cpp__visibility_control.h
[2.749s] -- Symlinking: /home/sangjun/joy_ws/install/tutorial_interfaces/lib/libtutorial_interfaces__rosidl_typesupport_fastrtps_cpp.so
[2.752s] -- Symlinking: /home/sangjun/joy_ws/install/tutorial_interfaces/include/tutorial_interfaces/msg/detail/num__rosidl_typesupport_introspection_c.h
[2.755s] -- Symlinking: /home/sangjun/joy_ws/install/tutorial_interfaces/include/tutorial_interfaces/msg/rosidl_typesupport_introspection_c__visibility_control.h
[2.757s] -- Symlinking: /home/sangjun/joy_ws/install/tutorial_interfaces/include/tutorial_interfaces/msg/detail/num__builder.hpp
[2.759s] -- Symlinking: /home/sangjun/joy_ws/install/tutorial_interfaces/include/tutorial_interfaces/msg/detail/num__struct.hpp
[2.760s] -- Symlinking: /home/sangjun/joy_ws/install/tutorial_interfaces/include/tutorial_interfaces/msg/detail/num__traits.hpp
[2.762s] -- Symlinking: /home/sangjun/joy_ws/install/tutorial_interfaces/include/tutorial_interfaces/msg/num.hpp
[2.764s] -- Symlinking: /home/sangjun/joy_ws/install/tutorial_interfaces/include/tutorial_interfaces/msg/detail/num__rosidl_typesupport_introspection_cpp.hpp
[2.766s] -- Symlinking: /home/sangjun/joy_ws/install/tutorial_interfaces/share/tutorial_interfaces/environment/pythonpath.sh
[2.768s] -- Symlinking: /home/sangjun/joy_ws/install/tutorial_interfaces/share/tutorial_interfaces/environment/pythonpath.dsv
[2.770s] -- Symlinking: /home/sangjun/joy_ws/install/tutorial_interfaces/lib/python3.8/site-packages/tutorial_interfaces/__init__.py
[2.772s] -- Symlinking: /home/sangjun/joy_ws/install/tutorial_interfaces/lib/python3.8/site-packages/tutorial_interfaces/msg/__init__.py
[2.774s] -- Symlinking: /home/sangjun/joy_ws/install/tutorial_interfaces/lib/python3.8/site-packages/tutorial_interfaces/msg/_num.py
[2.776s] -- Symlinking: /home/sangjun/joy_ws/install/tutorial_interfaces/lib/python3.8/site-packages/tutorial_interfaces/tutorial_interfaces_s__rosidl_typesupport_fastrtps_c.cpython-38-x86_64-linux-gnu.so
[2.778s] -- Symlinking: /home/sangjun/joy_ws/install/tutorial_interfaces/lib/python3.8/site-packages/tutorial_interfaces/tutorial_interfaces_s__rosidl_typesupport_introspection_c.cpython-38-x86_64-linux-gnu.so
[2.780s] -- Symlinking: /home/sangjun/joy_ws/install/tutorial_interfaces/lib/python3.8/site-packages/tutorial_interfaces/tutorial_interfaces_s__rosidl_typesupport_c.cpython-38-x86_64-linux-gnu.so
[2.782s] -- Symlinking: /home/sangjun/joy_ws/install/tutorial_interfaces/lib/libtutorial_interfaces__python.so
[2.784s] -- Symlinking: /home/sangjun/joy_ws/install/tutorial_interfaces/share/tutorial_interfaces/msg/Num.idl
[2.786s] -- Symlinking: /home/sangjun/joy_ws/install/tutorial_interfaces/share/tutorial_interfaces/msg/Num.msg
[2.788s] -- Symlinking: /home/sangjun/joy_ws/install/tutorial_interfaces/share/ament_index/resource_index/package_run_dependencies/tutorial_interfaces
[2.790s] -- Symlinking: /home/sangjun/joy_ws/install/tutorial_interfaces/share/ament_index/resource_index/parent_prefix_path/tutorial_interfaces
[2.791s] -- Symlinking: /home/sangjun/joy_ws/install/tutorial_interfaces/share/tutorial_interfaces/environment/ament_prefix_path.sh
[2.793s] -- Symlinking: /home/sangjun/joy_ws/install/tutorial_interfaces/share/tutorial_interfaces/environment/ament_prefix_path.dsv
[2.795s] -- Symlinking: /home/sangjun/joy_ws/install/tutorial_interfaces/share/tutorial_interfaces/environment/path.sh
[2.797s] -- Symlinking: /home/sangjun/joy_ws/install/tutorial_interfaces/share/tutorial_interfaces/environment/path.dsv
[2.799s] -- Symlinking: /home/sangjun/joy_ws/install/tutorial_interfaces/share/tutorial_interfaces/local_setup.bash
[2.800s] -- Symlinking: /home/sangjun/joy_ws/install/tutorial_interfaces/share/tutorial_interfaces/local_setup.sh
[2.802s] -- Symlinking: /home/sangjun/joy_ws/install/tutorial_interfaces/share/tutorial_interfaces/local_setup.zsh
[2.805s] -- Symlinking: /home/sangjun/joy_ws/install/tutorial_interfaces/share/tutorial_interfaces/local_setup.dsv
[2.808s] -- Symlinking: /home/sangjun/joy_ws/install/tutorial_interfaces/share/tutorial_interfaces/package.dsv
[2.810s] -- Symlinking: /home/sangjun/joy_ws/install/tutorial_interfaces/share/ament_index/resource_index/packages/tutorial_interfaces
[2.813s] -- Symlinking: /home/sangjun/joy_ws/install/tutorial_interfaces/share/tutorial_interfaces/cmake/rosidl_cmake-extras.cmake
[2.816s] -- Symlinking: /home/sangjun/joy_ws/install/tutorial_interfaces/share/tutorial_interfaces/cmake/ament_cmake_export_dependencies-extras.cmake
[2.818s] -- Symlinking: /home/sangjun/joy_ws/install/tutorial_interfaces/share/tutorial_interfaces/cmake/ament_cmake_export_libraries-extras.cmake
[2.820s] -- Symlinking: /home/sangjun/joy_ws/install/tutorial_interfaces/share/tutorial_interfaces/cmake/ament_cmake_export_targets-extras.cmake
[2.821s] -- Symlinking: /home/sangjun/joy_ws/install/tutorial_interfaces/share/tutorial_interfaces/cmake/ament_cmake_export_include_directories-extras.cmake
[2.825s] -- Symlinking: /home/sangjun/joy_ws/install/tutorial_interfaces/share/tutorial_interfaces/cmake/rosidl_cmake_export_typesupport_libraries-extras.cmake
[2.829s] -- Symlinking: /home/sangjun/joy_ws/install/tutorial_interfaces/share/tutorial_interfaces/cmake/rosidl_cmake_export_typesupport_targets-extras.cmake
[2.831s] -- Symlinking: /home/sangjun/joy_ws/install/tutorial_interfaces/share/tutorial_interfaces/cmake/tutorial_interfacesConfig.cmake
[2.834s] -- Symlinking: /home/sangjun/joy_ws/install/tutorial_interfaces/share/tutorial_interfaces/cmake/tutorial_interfacesConfig-version.cmake
[2.837s] -- Symlinking: /home/sangjun/joy_ws/install/tutorial_interfaces/share/tutorial_interfaces/package.xml
[2.839s] -- Installing: /home/sangjun/joy_ws/install/tutorial_interfaces/lib/libtutorial_interfaces__rosidl_generator_c.so
[2.840s] -- Set runtime path of "/home/sangjun/joy_ws/install/tutorial_interfaces/lib/libtutorial_interfaces__rosidl_generator_c.so" to ""
[2.840s] -- Installing: /home/sangjun/joy_ws/install/tutorial_interfaces/lib/libtutorial_interfaces__rosidl_typesupport_introspection_c.so
[2.840s] -- Set runtime path of "/home/sangjun/joy_ws/install/tutorial_interfaces/lib/libtutorial_interfaces__rosidl_typesupport_introspection_c.so" to ""
[2.840s] -- Installing: /home/sangjun/joy_ws/install/tutorial_interfaces/lib/libtutorial_interfaces__rosidl_typesupport_c.so
[2.841s] -- Set runtime path of "/home/sangjun/joy_ws/install/tutorial_interfaces/lib/libtutorial_interfaces__rosidl_typesupport_c.so" to ""
[2.841s] -- Installing: /home/sangjun/joy_ws/install/tutorial_interfaces/lib/libtutorial_interfaces__rosidl_typesupport_introspection_cpp.so
[2.841s] -- Set runtime path of "/home/sangjun/joy_ws/install/tutorial_interfaces/lib/libtutorial_interfaces__rosidl_typesupport_introspection_cpp.so" to ""
[2.841s] -- Installing: /home/sangjun/joy_ws/install/tutorial_interfaces/lib/libtutorial_interfaces__rosidl_typesupport_cpp.so
[2.842s] -- Set runtime path of "/home/sangjun/joy_ws/install/tutorial_interfaces/lib/libtutorial_interfaces__rosidl_typesupport_cpp.so" to ""
[2.871s] Compiling '/home/sangjun/joy_ws/install/tutorial_interfaces/lib/python3.8/site-packages/tutorial_interfaces/__init__.py'...
[2.874s] -- Installing: /home/sangjun/joy_ws/install/tutorial_interfaces/share/tutorial_interfaces/cmake/tutorial_interfaces__rosidl_generator_cExport.cmake
[2.874s] -- Installing: /home/sangjun/joy_ws/install/tutorial_interfaces/share/tutorial_interfaces/cmake/tutorial_interfaces__rosidl_generator_cExport-noconfig.cmake
[2.874s] -- Installing: /home/sangjun/joy_ws/install/tutorial_interfaces/share/tutorial_interfaces/cmake/tutorial_interfaces__rosidl_typesupport_introspection_cExport.cmake
[2.874s] -- Installing: /home/sangjun/joy_ws/install/tutorial_interfaces/share/tutorial_interfaces/cmake/tutorial_interfaces__rosidl_typesupport_introspection_cExport-noconfig.cmake
[2.874s] -- Installing: /home/sangjun/joy_ws/install/tutorial_interfaces/share/tutorial_interfaces/cmake/tutorial_interfaces__rosidl_typesupport_cExport.cmake
[2.874s] -- Installing: /home/sangjun/joy_ws/install/tutorial_interfaces/share/tutorial_interfaces/cmake/tutorial_interfaces__rosidl_typesupport_cExport-noconfig.cmake
[2.875s] -- Installing: /home/sangjun/joy_ws/install/tutorial_interfaces/share/tutorial_interfaces/cmake/tutorial_interfaces__rosidl_generator_cppExport.cmake
[2.875s] -- Installing: /home/sangjun/joy_ws/install/tutorial_interfaces/share/tutorial_interfaces/cmake/tutorial_interfaces__rosidl_typesupport_introspection_cppExport.cmake
[2.875s] -- Installing: /home/sangjun/joy_ws/install/tutorial_interfaces/share/tutorial_interfaces/cmake/tutorial_interfaces__rosidl_typesupport_introspection_cppExport-noconfig.cmake
[2.875s] -- Installing: /home/sangjun/joy_ws/install/tutorial_interfaces/share/tutorial_interfaces/cmake/tutorial_interfaces__rosidl_typesupport_cppExport.cmake
[2.875s] -- Installing: /home/sangjun/joy_ws/install/tutorial_interfaces/share/tutorial_interfaces/cmake/tutorial_interfaces__rosidl_typesupport_cppExport-noconfig.cmake
[2.881s] Invoked command in '/home/sangjun/joy_ws/build/tutorial_interfaces' returned '0': CMAKE_PREFIX_PATH=${CMAKE_PREFIX_PATH}:/home/sangjun/gcamp_ros2_ws/install/py_topic_pkg:/home/sangjun/gcamp_ros2_ws/install/py_service_pkg:/home/sangjun/gcamp_ros2_ws/install/py_first_pkg:/home/sangjun/gcamp_ros2_ws/install/py_action_pkg:/opt/ros/foxy /usr/local/bin/cmake --install /home/sangjun/joy_ws/build/tutorial_interfaces
