[0.013s] Invoking command in '/home/sangjun/joy_ws/build/tutorial_interfaces': CMAKE_PREFIX_PATH=${CMAKE_PREFIX_PATH}:/home/sangjun/gcamp_ros2_ws/install/py_topic_pkg:/home/sangjun/gcamp_ros2_ws/install/py_service_pkg:/home/sangjun/gcamp_ros2_ws/install/py_first_pkg:/home/sangjun/gcamp_ros2_ws/install/py_action_pkg:/opt/ros/foxy /usr/local/bin/cmake --build /home/sangjun/joy_ws/build/tutorial_interfaces -- -j8 -l8
[0.026s] -- Found ament_cmake: 0.9.11 (/opt/ros/foxy/share/ament_cmake/cmake)
[0.051s] -- Found PythonInterp: /usr/bin/python3 (found suitable version "3.8.10", minimum required is "3") 
[0.051s] -- Using PYTHON_EXECUTABLE: /usr/bin/python3
[0.180s] -- Override CMake install command with custom implementation using symlinks instead of copying resources
[0.189s] -- Found rosidl_default_generators: 1.0.1 (/opt/ros/foxy/share/rosidl_default_generators/cmake)
[0.192s] -- Using all available rosidl_typesupport_c: rosidl_typesupport_fastrtps_c;rosidl_typesupport_introspection_c
[0.194s] -- Found rosidl_adapter: 1.3.0 (/opt/ros/foxy/share/rosidl_adapter/cmake)
[0.298s] -- Using all available rosidl_typesupport_cpp: rosidl_typesupport_fastrtps_cpp;rosidl_typesupport_introspection_cpp
[0.336s] -- Found PythonInterp: /usr/bin/python3 (found version "3.8.10") 
[0.440s] -- Found ament_cmake_ros: 0.9.2 (/opt/ros/foxy/share/ament_cmake_ros/cmake)
[0.516s] -- Using all available rosidl_typesupport_c: rosidl_typesupport_fastrtps_c;rosidl_typesupport_introspection_c
[0.523s] -- Using all available rosidl_typesupport_cpp: rosidl_typesupport_fastrtps_cpp;rosidl_typesupport_introspection_cpp
[0.550s] -- Found PythonInterp: /usr/bin/python3 (found suitable version "3.8.10", minimum required is "3.5") 
[0.551s] -- Found python_cmake_module: 0.8.1 (/opt/ros/foxy/share/python_cmake_module/cmake)
[0.574s] -- Using PYTHON_EXECUTABLE: /usr/bin/python3
[0.574s] -- Using PYTHON_INCLUDE_DIRS: /usr/include/python3.8
[0.574s] -- Using PYTHON_LIBRARIES: /usr/lib/x86_64-linux-gnu/libpython3.8.so
[0.589s] -- Found ament_lint_auto: 0.9.7 (/opt/ros/foxy/share/ament_lint_auto/cmake)
[0.597s] -- Added test 'copyright' to check source files copyright and LICENSE
[0.598s] -- Added test 'lint_cmake' to check CMake code style
[0.598s] -- Added test 'xmllint' to check XML markup files
[0.600s] -- Configuring done
[0.650s] -- Generating done
[0.652s] -- Build files have been written to: /home/sangjun/joy_ws/build/tutorial_interfaces
[0.665s] [  3%] [34m[1mGenerating C code for ROS interfaces[0m
[0.669s] [  6%] [34m[1mGenerating C++ code for ROS interfaces[0m
[0.844s] [  6%] Built target tutorial_interfaces__cpp
[0.848s] [  9%] [34m[1mGenerating C++ introspection for ROS interfaces[0m
[0.848s] [ 12%] [34m[1mGenerating C++ type support for eProsima Fast-RTPS[0m
[0.849s] [ 16%] [34m[1mGenerating C++ type support dispatch for ROS interfaces[0m
[0.858s] [ 19%] [32mBuilding C object CMakeFiles/tutorial_interfaces__rosidl_generator_c.dir/rosidl_generator_c/tutorial_interfaces/msg/detail/num__functions.c.o[0m
[0.888s] [ 22%] [32m[1mLinking C shared library libtutorial_interfaces__rosidl_generator_c.so[0m
[0.908s] [ 22%] Built target tutorial_interfaces__rosidl_generator_c
[0.911s] [ 25%] [34m[1mGenerating C introspection for ROS interfaces[0m
[0.912s] [ 29%] [34m[1mGenerating C type support dispatch for ROS interfaces[0m
[1.008s] [ 32%] [32mBuilding CXX object CMakeFiles/tutorial_interfaces__rosidl_typesupport_cpp.dir/rosidl_typesupport_cpp/tutorial_interfaces/msg/num__type_support.cpp.o[0m
[1.012s] [ 35%] [32mBuilding CXX object CMakeFiles/tutorial_interfaces__rosidl_typesupport_introspection_cpp.dir/rosidl_typesupport_introspection_cpp/tutorial_interfaces/msg/detail/num__type_support.cpp.o[0m
[1.021s] [ 38%] [32mBuilding CXX object CMakeFiles/tutorial_interfaces__rosidl_typesupport_fastrtps_cpp.dir/rosidl_typesupport_fastrtps_cpp/tutorial_interfaces/msg/detail/dds_fastrtps/num__type_support.cpp.o[0m
[1.164s] [ 41%] [32mBuilding CXX object CMakeFiles/tutorial_interfaces__rosidl_typesupport_c.dir/rosidl_typesupport_c/tutorial_interfaces/msg/num__type_support.cpp.o[0m
[1.172s] [ 45%] [32mBuilding C object CMakeFiles/tutorial_interfaces__rosidl_typesupport_introspection_c.dir/rosidl_typesupport_introspection_c/tutorial_interfaces/msg/detail/num__type_support.c.o[0m
[1.189s] [ 48%] [32m[1mLinking CXX shared library libtutorial_interfaces__rosidl_typesupport_c.so[0m
[1.195s] [ 51%] [32m[1mLinking C shared library libtutorial_interfaces__rosidl_typesupport_introspection_c.so[0m
[1.215s] [ 51%] Built target tutorial_interfaces__rosidl_typesupport_introspection_c
[1.216s] [ 51%] Built target tutorial_interfaces__rosidl_typesupport_c
[1.218s] [ 54%] [32m[1mLinking CXX shared library libtutorial_interfaces__rosidl_typesupport_cpp.so[0m
[1.220s] [ 58%] [32m[1mLinking CXX shared library libtutorial_interfaces__rosidl_typesupport_introspection_cpp.so[0m
[1.239s] [ 58%] Built target tutorial_interfaces__rosidl_typesupport_cpp
[1.245s] [ 58%] Built target tutorial_interfaces__rosidl_typesupport_introspection_cpp
[1.326s] [ 61%] [32m[1mLinking CXX shared library libtutorial_interfaces__rosidl_typesupport_fastrtps_cpp.so[0m
[1.379s] [ 61%] Built target tutorial_interfaces__rosidl_typesupport_fastrtps_cpp
[1.384s] [ 64%] [34m[1mGenerating C type support for eProsima Fast-RTPS[0m
[1.555s] [ 67%] [32mBuilding CXX object CMakeFiles/tutorial_interfaces__rosidl_typesupport_fastrtps_c.dir/rosidl_typesupport_fastrtps_c/tutorial_interfaces/msg/detail/num__type_support_c.cpp.o[0m
[1.797s] [ 70%] [32m[1mLinking CXX shared library libtutorial_interfaces__rosidl_typesupport_fastrtps_c.so[0m
[1.853s] [ 70%] Built target tutorial_interfaces__rosidl_typesupport_fastrtps_c
[1.863s] [ 70%] Built target tutorial_interfaces
[1.874s] [ 74%] [34m[1mGenerating Python code for ROS interfaces[0m
[2.147s] [ 74%] Built target tutorial_interfaces__py
[2.158s] [ 77%] [32mBuilding C object CMakeFiles/tutorial_interfaces__python.dir/rosidl_generator_py/tutorial_interfaces/msg/_num_s.c.o[0m
[2.229s] [ 80%] [32m[1mLinking C shared library rosidl_generator_py/tutorial_interfaces/libtutorial_interfaces__python.so[0m
[2.253s] [ 80%] Built target tutorial_interfaces__python
[2.263s] [ 83%] [32mBuilding C object CMakeFiles/tutorial_interfaces__rosidl_typesupport_fastrtps_c__pyext.dir/rosidl_generator_py/tutorial_interfaces/_tutorial_interfaces_s.ep.rosidl_typesupport_fastrtps_c.c.o[0m
[2.265s] [ 87%] [32mBuilding C object CMakeFiles/tutorial_interfaces__rosidl_typesupport_c__pyext.dir/rosidl_generator_py/tutorial_interfaces/_tutorial_interfaces_s.ep.rosidl_typesupport_c.c.o[0m
[2.266s] [ 90%] [32mBuilding C object CMakeFiles/tutorial_interfaces__rosidl_typesupport_introspection_c__pyext.dir/rosidl_generator_py/tutorial_interfaces/_tutorial_interfaces_s.ep.rosidl_typesupport_introspection_c.c.o[0m
[2.318s] [ 93%] [32m[1mLinking C shared library rosidl_generator_py/tutorial_interfaces/tutorial_interfaces_s__rosidl_typesupport_c.cpython-38-x86_64-linux-gnu.so[0m
[2.320s] [ 96%] [32m[1mLinking CXX shared library rosidl_generator_py/tutorial_interfaces/tutorial_interfaces_s__rosidl_typesupport_fastrtps_c.cpython-38-x86_64-linux-gnu.so[0m
[2.334s] [ 96%] Built target tutorial_interfaces__rosidl_typesupport_c__pyext
[2.353s] [100%] [32m[1mLinking C shared library rosidl_generator_py/tutorial_interfaces/tutorial_interfaces_s__rosidl_typesupport_introspection_c.cpython-38-x86_64-linux-gnu.so[0m
[2.359s] [100%] Built target tutorial_interfaces__rosidl_typesupport_fastrtps_c__pyext
[2.373s] [100%] Built target tutorial_interfaces__rosidl_typesupport_introspection_c__pyext
[2.376s] Invoked command in '/home/sangjun/joy_ws/build/tutorial_interfaces' returned '0': CMAKE_PREFIX_PATH=${CMAKE_PREFIX_PATH}:/home/sangjun/gcamp_ros2_ws/install/py_topic_pkg:/home/sangjun/gcamp_ros2_ws/install/py_service_pkg:/home/sangjun/gcamp_ros2_ws/install/py_first_pkg:/home/sangjun/gcamp_ros2_ws/install/py_action_pkg:/opt/ros/foxy /usr/local/bin/cmake --build /home/sangjun/joy_ws/build/tutorial_interfaces -- -j8 -l8
[2.419s] Invoking command in '/home/sangjun/joy_ws/build/tutorial_interfaces': CMAKE_PREFIX_PATH=${CMAKE_PREFIX_PATH}:/home/sangjun/gcamp_ros2_ws/install/py_topic_pkg:/home/sangjun/gcamp_ros2_ws/install/py_service_pkg:/home/sangjun/gcamp_ros2_ws/install/py_first_pkg:/home/sangjun/gcamp_ros2_ws/install/py_action_pkg:/opt/ros/foxy /usr/local/bin/cmake --install /home/sangjun/joy_ws/build/tutorial_interfaces
[2.422s] -- Install configuration: ""
[2.422s] -- Execute custom install script
[2.422s] -- Up-to-date symlink: /home/sangjun/joy_ws/install/tutorial_interfaces/share/ament_index/resource_index/rosidl_interfaces/tutorial_interfaces
[2.423s] -- Up-to-date symlink: /home/sangjun/joy_ws/install/tutorial_interfaces/include/tutorial_interfaces/msg/detail/num__functions.h
[2.423s] -- Up-to-date symlink: /home/sangjun/joy_ws/install/tutorial_interfaces/include/tutorial_interfaces/msg/detail/num__struct.h
[2.423s] -- Up-to-date symlink: /home/sangjun/joy_ws/install/tutorial_interfaces/include/tutorial_interfaces/msg/detail/num__type_support.h
[2.423s] -- Up-to-date symlink: /home/sangjun/joy_ws/install/tutorial_interfaces/include/tutorial_interfaces/msg/num.h
[2.423s] -- Up-to-date symlink: /home/sangjun/joy_ws/install/tutorial_interfaces/include/tutorial_interfaces/msg/rosidl_generator_c__visibility_control.h
[2.423s] -- Up-to-date symlink: /home/sangjun/joy_ws/install/tutorial_interfaces/share/tutorial_interfaces/environment/library_path.sh
[2.423s] -- Up-to-date symlink: /home/sangjun/joy_ws/install/tutorial_interfaces/share/tutorial_interfaces/environment/library_path.dsv
[2.424s] -- Up-to-date symlink: /home/sangjun/joy_ws/install/tutorial_interfaces/include/tutorial_interfaces/msg/detail/num__rosidl_typesupport_fastrtps_c.h
[2.424s] -- Up-to-date symlink: /home/sangjun/joy_ws/install/tutorial_interfaces/include/tutorial_interfaces/msg/rosidl_typesupport_fastrtps_c__visibility_control.h
[2.424s] -- Up-to-date symlink: /home/sangjun/joy_ws/install/tutorial_interfaces/lib/libtutorial_interfaces__rosidl_typesupport_fastrtps_c.so
[2.424s] -- Up-to-date symlink: /home/sangjun/joy_ws/install/tutorial_interfaces/include/tutorial_interfaces/msg/detail/num__rosidl_typesupport_fastrtps_cpp.hpp
[2.424s] -- Up-to-date symlink: /home/sangjun/joy_ws/install/tutorial_interfaces/include/tutorial_interfaces/msg/rosidl_typesupport_fastrtps_cpp__visibility_control.h
[2.424s] -- Up-to-date symlink: /home/sangjun/joy_ws/install/tutorial_interfaces/lib/libtutorial_interfaces__rosidl_typesupport_fastrtps_cpp.so
[2.425s] -- Up-to-date symlink: /home/sangjun/joy_ws/install/tutorial_interfaces/include/tutorial_interfaces/msg/detail/num__rosidl_typesupport_introspection_c.h
[2.425s] -- Up-to-date symlink: /home/sangjun/joy_ws/install/tutorial_interfaces/include/tutorial_interfaces/msg/rosidl_typesupport_introspection_c__visibility_control.h
[2.425s] -- Up-to-date symlink: /home/sangjun/joy_ws/install/tutorial_interfaces/include/tutorial_interfaces/msg/detail/num__builder.hpp
[2.425s] -- Up-to-date symlink: /home/sangjun/joy_ws/install/tutorial_interfaces/include/tutorial_interfaces/msg/detail/num__struct.hpp
[2.425s] -- Up-to-date symlink: /home/sangjun/joy_ws/install/tutorial_interfaces/include/tutorial_interfaces/msg/detail/num__traits.hpp
[2.425s] -- Up-to-date symlink: /home/sangjun/joy_ws/install/tutorial_interfaces/include/tutorial_interfaces/msg/num.hpp
[2.425s] -- Up-to-date symlink: /home/sangjun/joy_ws/install/tutorial_interfaces/include/tutorial_interfaces/msg/detail/num__rosidl_typesupport_introspection_cpp.hpp
[2.425s] -- Up-to-date symlink: /home/sangjun/joy_ws/install/tutorial_interfaces/share/tutorial_interfaces/environment/pythonpath.sh
[2.426s] -- Up-to-date symlink: /home/sangjun/joy_ws/install/tutorial_interfaces/share/tutorial_interfaces/environment/pythonpath.dsv
[2.426s] -- Up-to-date symlink: /home/sangjun/joy_ws/install/tutorial_interfaces/lib/python3.8/site-packages/tutorial_interfaces/__init__.py
[2.426s] -- Up-to-date symlink: /home/sangjun/joy_ws/install/tutorial_interfaces/lib/python3.8/site-packages/tutorial_interfaces/msg/__init__.py
[2.426s] -- Up-to-date symlink: /home/sangjun/joy_ws/install/tutorial_interfaces/lib/python3.8/site-packages/tutorial_interfaces/msg/_num.py
[2.426s] -- Up-to-date symlink: /home/sangjun/joy_ws/install/tutorial_interfaces/lib/python3.8/site-packages/tutorial_interfaces/tutorial_interfaces_s__rosidl_typesupport_fastrtps_c.cpython-38-x86_64-linux-gnu.so
[2.426s] -- Up-to-date symlink: /home/sangjun/joy_ws/install/tutorial_interfaces/lib/python3.8/site-packages/tutorial_interfaces/tutorial_interfaces_s__rosidl_typesupport_introspection_c.cpython-38-x86_64-linux-gnu.so
[2.426s] -- Up-to-date symlink: /home/sangjun/joy_ws/install/tutorial_interfaces/lib/python3.8/site-packages/tutorial_interfaces/tutorial_interfaces_s__rosidl_typesupport_c.cpython-38-x86_64-linux-gnu.so
[2.427s] -- Up-to-date symlink: /home/sangjun/joy_ws/install/tutorial_interfaces/lib/libtutorial_interfaces__python.so
[2.427s] -- Up-to-date symlink: /home/sangjun/joy_ws/install/tutorial_interfaces/share/tutorial_interfaces/msg/Num.idl
[2.427s] -- Up-to-date symlink: /home/sangjun/joy_ws/install/tutorial_interfaces/share/tutorial_interfaces/msg/Num.msg
[2.427s] -- Up-to-date symlink: /home/sangjun/joy_ws/install/tutorial_interfaces/share/ament_index/resource_index/package_run_dependencies/tutorial_interfaces
[2.427s] -- Up-to-date symlink: /home/sangjun/joy_ws/install/tutorial_interfaces/share/ament_index/resource_index/parent_prefix_path/tutorial_interfaces
[2.427s] -- Up-to-date symlink: /home/sangjun/joy_ws/install/tutorial_interfaces/share/tutorial_interfaces/environment/ament_prefix_path.sh
[2.427s] -- Up-to-date symlink: /home/sangjun/joy_ws/install/tutorial_interfaces/share/tutorial_interfaces/environment/ament_prefix_path.dsv
[2.427s] -- Up-to-date symlink: /home/sangjun/joy_ws/install/tutorial_interfaces/share/tutorial_interfaces/environment/path.sh
[2.428s] -- Up-to-date symlink: /home/sangjun/joy_ws/install/tutorial_interfaces/share/tutorial_interfaces/environment/path.dsv
[2.428s] -- Up-to-date symlink: /home/sangjun/joy_ws/install/tutorial_interfaces/share/tutorial_interfaces/local_setup.bash
[2.428s] -- Up-to-date symlink: /home/sangjun/joy_ws/install/tutorial_interfaces/share/tutorial_interfaces/local_setup.sh
[2.428s] -- Up-to-date symlink: /home/sangjun/joy_ws/install/tutorial_interfaces/share/tutorial_interfaces/local_setup.zsh
[2.428s] -- Up-to-date symlink: /home/sangjun/joy_ws/install/tutorial_interfaces/share/tutorial_interfaces/local_setup.dsv
[2.428s] -- Symlinking: /home/sangjun/joy_ws/install/tutorial_interfaces/share/tutorial_interfaces/package.dsv
[2.432s] -- Up-to-date symlink: /home/sangjun/joy_ws/install/tutorial_interfaces/share/ament_index/resource_index/packages/tutorial_interfaces
[2.432s] -- Up-to-date symlink: /home/sangjun/joy_ws/install/tutorial_interfaces/share/tutorial_interfaces/cmake/rosidl_cmake-extras.cmake
[2.432s] -- Up-to-date symlink: /home/sangjun/joy_ws/install/tutorial_interfaces/share/tutorial_interfaces/cmake/ament_cmake_export_dependencies-extras.cmake
[2.432s] -- Up-to-date symlink: /home/sangjun/joy_ws/install/tutorial_interfaces/share/tutorial_interfaces/cmake/ament_cmake_export_libraries-extras.cmake
[2.432s] -- Up-to-date symlink: /home/sangjun/joy_ws/install/tutorial_interfaces/share/tutorial_interfaces/cmake/ament_cmake_export_targets-extras.cmake
[2.432s] -- Up-to-date symlink: /home/sangjun/joy_ws/install/tutorial_interfaces/share/tutorial_interfaces/cmake/ament_cmake_export_include_directories-extras.cmake
[2.432s] -- Up-to-date symlink: /home/sangjun/joy_ws/install/tutorial_interfaces/share/tutorial_interfaces/cmake/rosidl_cmake_export_typesupport_libraries-extras.cmake
[2.432s] -- Up-to-date symlink: /home/sangjun/joy_ws/install/tutorial_interfaces/share/tutorial_interfaces/cmake/rosidl_cmake_export_typesupport_targets-extras.cmake
[2.433s] -- Up-to-date symlink: /home/sangjun/joy_ws/install/tutorial_interfaces/share/tutorial_interfaces/cmake/tutorial_interfacesConfig.cmake
[2.433s] -- Up-to-date symlink: /home/sangjun/joy_ws/install/tutorial_interfaces/share/tutorial_interfaces/cmake/tutorial_interfacesConfig-version.cmake
[2.433s] -- Up-to-date symlink: /home/sangjun/joy_ws/install/tutorial_interfaces/share/tutorial_interfaces/package.xml
[2.433s] -- Installing: /home/sangjun/joy_ws/install/tutorial_interfaces/lib/libtutorial_interfaces__rosidl_generator_c.so
[2.433s] -- Set runtime path of "/home/sangjun/joy_ws/install/tutorial_interfaces/lib/libtutorial_interfaces__rosidl_generator_c.so" to ""
[2.433s] -- Installing: /home/sangjun/joy_ws/install/tutorial_interfaces/lib/libtutorial_interfaces__rosidl_typesupport_introspection_c.so
[2.433s] -- Set runtime path of "/home/sangjun/joy_ws/install/tutorial_interfaces/lib/libtutorial_interfaces__rosidl_typesupport_introspection_c.so" to ""
[2.433s] -- Installing: /home/sangjun/joy_ws/install/tutorial_interfaces/lib/libtutorial_interfaces__rosidl_typesupport_c.so
[2.434s] -- Set runtime path of "/home/sangjun/joy_ws/install/tutorial_interfaces/lib/libtutorial_interfaces__rosidl_typesupport_c.so" to ""
[2.434s] -- Installing: /home/sangjun/joy_ws/install/tutorial_interfaces/lib/libtutorial_interfaces__rosidl_typesupport_introspection_cpp.so
[2.434s] -- Set runtime path of "/home/sangjun/joy_ws/install/tutorial_interfaces/lib/libtutorial_interfaces__rosidl_typesupport_introspection_cpp.so" to ""
[2.434s] -- Installing: /home/sangjun/joy_ws/install/tutorial_interfaces/lib/libtutorial_interfaces__rosidl_typesupport_cpp.so
[2.434s] -- Set runtime path of "/home/sangjun/joy_ws/install/tutorial_interfaces/lib/libtutorial_interfaces__rosidl_typesupport_cpp.so" to ""
[2.464s] Compiling '/home/sangjun/joy_ws/install/tutorial_interfaces/lib/python3.8/site-packages/tutorial_interfaces/__init__.py'...
[2.466s] -- Up-to-date: /home/sangjun/joy_ws/install/tutorial_interfaces/share/tutorial_interfaces/cmake/tutorial_interfaces__rosidl_generator_cExport.cmake
[2.466s] -- Up-to-date: /home/sangjun/joy_ws/install/tutorial_interfaces/share/tutorial_interfaces/cmake/tutorial_interfaces__rosidl_generator_cExport-noconfig.cmake
[2.466s] -- Up-to-date: /home/sangjun/joy_ws/install/tutorial_interfaces/share/tutorial_interfaces/cmake/tutorial_interfaces__rosidl_typesupport_introspection_cExport.cmake
[2.466s] -- Up-to-date: /home/sangjun/joy_ws/install/tutorial_interfaces/share/tutorial_interfaces/cmake/tutorial_interfaces__rosidl_typesupport_introspection_cExport-noconfig.cmake
[2.466s] -- Up-to-date: /home/sangjun/joy_ws/install/tutorial_interfaces/share/tutorial_interfaces/cmake/tutorial_interfaces__rosidl_typesupport_cExport.cmake
[2.466s] -- Up-to-date: /home/sangjun/joy_ws/install/tutorial_interfaces/share/tutorial_interfaces/cmake/tutorial_interfaces__rosidl_typesupport_cExport-noconfig.cmake
[2.467s] -- Up-to-date: /home/sangjun/joy_ws/install/tutorial_interfaces/share/tutorial_interfaces/cmake/tutorial_interfaces__rosidl_generator_cppExport.cmake
[2.467s] -- Up-to-date: /home/sangjun/joy_ws/install/tutorial_interfaces/share/tutorial_interfaces/cmake/tutorial_interfaces__rosidl_typesupport_introspection_cppExport.cmake
[2.467s] -- Up-to-date: /home/sangjun/joy_ws/install/tutorial_interfaces/share/tutorial_interfaces/cmake/tutorial_interfaces__rosidl_typesupport_introspection_cppExport-noconfig.cmake
[2.467s] -- Up-to-date: /home/sangjun/joy_ws/install/tutorial_interfaces/share/tutorial_interfaces/cmake/tutorial_interfaces__rosidl_typesupport_cppExport.cmake
[2.467s] -- Up-to-date: /home/sangjun/joy_ws/install/tutorial_interfaces/share/tutorial_interfaces/cmake/tutorial_interfaces__rosidl_typesupport_cppExport-noconfig.cmake
[2.469s] Invoked command in '/home/sangjun/joy_ws/build/tutorial_interfaces' returned '0': CMAKE_PREFIX_PATH=${CMAKE_PREFIX_PATH}:/home/sangjun/gcamp_ros2_ws/install/py_topic_pkg:/home/sangjun/gcamp_ros2_ws/install/py_service_pkg:/home/sangjun/gcamp_ros2_ws/install/py_first_pkg:/home/sangjun/gcamp_ros2_ws/install/py_action_pkg:/opt/ros/foxy /usr/local/bin/cmake --install /home/sangjun/joy_ws/build/tutorial_interfaces
