Performing C SOURCE FILE Test CMAKE_HAVE_LIBC_PTHREAD failed with the following output:
Change Dir: /home/sangjun/joy_ws/build/joyst_package/CMakeFiles/CMakeScratch/TryCompile-StvpzB

Run Build Command(s):/usr/bin/make -f Makefile cmTC_37863/fast && /usr/bin/make  -f CMakeFiles/cmTC_37863.dir/build.make CMakeFiles/cmTC_37863.dir/build
make[1]: Entering directory '/home/sangjun/joy_ws/build/joyst_package/CMakeFiles/CMakeScratch/TryCompile-StvpzB'
Building C object CMakeFiles/cmTC_37863.dir/src.c.o
/usr/bin/cc -DCMAKE_HAVE_LIBC_PTHREAD   -o CMakeFiles/cmTC_37863.dir/src.c.o -c /home/sangjun/joy_ws/build/joyst_package/CMakeFiles/CMakeScratch/TryCompile-StvpzB/src.c
Linking C executable cmTC_37863
/usr/local/bin/cmake -E cmake_link_script CMakeFiles/cmTC_37863.dir/link.txt --verbose=1
/usr/bin/cc CMakeFiles/cmTC_37863.dir/src.c.o -o cmTC_37863 
/usr/bin/ld: CMakeFiles/cmTC_37863.dir/src.c.o: in function `main':
src.c:(.text+0x46): undefined reference to `pthread_create'
/usr/bin/ld: src.c:(.text+0x52): undefined reference to `pthread_detach'
/usr/bin/ld: src.c:(.text+0x5e): undefined reference to `pthread_cancel'
/usr/bin/ld: src.c:(.text+0x6f): undefined reference to `pthread_join'
collect2: error: ld returned 1 exit status
make[1]: *** [CMakeFiles/cmTC_37863.dir/build.make:99: cmTC_37863] Error 1
make[1]: Leaving directory '/home/sangjun/joy_ws/build/joyst_package/CMakeFiles/CMakeScratch/TryCompile-StvpzB'
make: *** [Makefile:127: cmTC_37863/fast] Error 2


Source file was:
#include <pthread.h>

static void* test_func(void* data)
{
  return data;
}

int main(void)
{
  pthread_t thread;
  pthread_create(&thread, NULL, test_func, NULL);
  pthread_detach(thread);
  pthread_cancel(thread);
  pthread_join(thread, NULL);
  pthread_atfork(NULL, NULL, NULL);
  pthread_exit(NULL);

  return 0;
}


Determining if the function pthread_create exists in the pthreads failed with the following output:
Change Dir: /home/sangjun/joy_ws/build/joyst_package/CMakeFiles/CMakeScratch/TryCompile-NrkePD

Run Build Command(s):/usr/bin/make -f Makefile cmTC_47921/fast && /usr/bin/make  -f CMakeFiles/cmTC_47921.dir/build.make CMakeFiles/cmTC_47921.dir/build
make[1]: Entering directory '/home/sangjun/joy_ws/build/joyst_package/CMakeFiles/CMakeScratch/TryCompile-NrkePD'
Building C object CMakeFiles/cmTC_47921.dir/CheckFunctionExists.c.o
/usr/bin/cc   -DCHECK_FUNCTION_EXISTS=pthread_create -o CMakeFiles/cmTC_47921.dir/CheckFunctionExists.c.o -c /home/sangjun/joy_ws/build/joyst_package/CMakeFiles/CMakeScratch/TryCompile-NrkePD/CheckFunctionExists.c
Linking C executable cmTC_47921
/usr/local/bin/cmake -E cmake_link_script CMakeFiles/cmTC_47921.dir/link.txt --verbose=1
/usr/bin/cc  -DCHECK_FUNCTION_EXISTS=pthread_create CMakeFiles/cmTC_47921.dir/CheckFunctionExists.c.o -o cmTC_47921  -lpthreads 
/usr/bin/ld: cannot find -lpthreads
collect2: error: ld returned 1 exit status
make[1]: *** [CMakeFiles/cmTC_47921.dir/build.make:99: cmTC_47921] Error 1
make[1]: Leaving directory '/home/sangjun/joy_ws/build/joyst_package/CMakeFiles/CMakeScratch/TryCompile-NrkePD'
make: *** [Makefile:127: cmTC_47921/fast] Error 2



