[0.010s] Invoking command in '/home/sangjun/joy_ws/build/tutorial_interfaces': /usr/local/bin/cmake --build /home/sangjun/joy_ws/build/tutorial_interfaces -- -j8 -l8
[0.031s] [  3%] Built target tutorial_interfaces__cpp
[0.033s] [ 12%] Built target tutorial_interfaces__rosidl_generator_c
[0.039s] [ 22%] Built target tutorial_interfaces__rosidl_typesupport_cpp
[0.040s] [ 32%] Built target tutorial_interfaces__rosidl_typesupport_introspection_cpp
[0.041s] [ 41%] Built target tutorial_interfaces__rosidl_typesupport_c
[0.042s] [ 51%] Built target tutorial_interfaces__rosidl_typesupport_fastrtps_cpp
[0.043s] [ 61%] Built target tutorial_interfaces__rosidl_typesupport_introspection_c
[0.049s] [ 70%] Built target tutorial_interfaces__rosidl_typesupport_fastrtps_c
[0.056s] [ 70%] Built target tutorial_interfaces
[0.063s] [ 74%] Built target tutorial_interfaces__py
[0.074s] [ 80%] Built target tutorial_interfaces__python
[0.084s] [ 87%] Built target tutorial_interfaces__rosidl_typesupport_fastrtps_c__pyext
[0.084s] [ 93%] Built target tutorial_interfaces__rosidl_typesupport_introspection_c__pyext
[0.085s] [100%] Built target tutorial_interfaces__rosidl_typesupport_c__pyext
[0.088s] Invoked command in '/home/sangjun/joy_ws/build/tutorial_interfaces' returned '0': /usr/local/bin/cmake --build /home/sangjun/joy_ws/build/tutorial_interfaces -- -j8 -l8
[0.124s] Invoking command in '/home/sangjun/joy_ws/build/tutorial_interfaces': /usr/local/bin/cmake --install /home/sangjun/joy_ws/build/tutorial_interfaces
[0.126s] -- Install configuration: ""
[0.127s] -- Execute custom install script
[0.127s] -- Up-to-date symlink: /home/sangjun/joy_ws/install/tutorial_interfaces/share/ament_index/resource_index/rosidl_interfaces/tutorial_interfaces
[0.127s] -- Up-to-date symlink: /home/sangjun/joy_ws/install/tutorial_interfaces/include/tutorial_interfaces/msg/detail/num__functions.h
[0.128s] -- Up-to-date symlink: /home/sangjun/joy_ws/install/tutorial_interfaces/include/tutorial_interfaces/msg/detail/num__struct.h
[0.128s] -- Up-to-date symlink: /home/sangjun/joy_ws/install/tutorial_interfaces/include/tutorial_interfaces/msg/detail/num__type_support.h
[0.128s] -- Up-to-date symlink: /home/sangjun/joy_ws/install/tutorial_interfaces/include/tutorial_interfaces/msg/num.h
[0.128s] -- Up-to-date symlink: /home/sangjun/joy_ws/install/tutorial_interfaces/include/tutorial_interfaces/msg/rosidl_generator_c__visibility_control.h
[0.128s] -- Up-to-date symlink: /home/sangjun/joy_ws/install/tutorial_interfaces/share/tutorial_interfaces/environment/library_path.sh
[0.128s] -- Up-to-date symlink: /home/sangjun/joy_ws/install/tutorial_interfaces/share/tutorial_interfaces/environment/library_path.dsv
[0.129s] -- Up-to-date symlink: /home/sangjun/joy_ws/install/tutorial_interfaces/include/tutorial_interfaces/msg/detail/num__rosidl_typesupport_fastrtps_c.h
[0.129s] -- Up-to-date symlink: /home/sangjun/joy_ws/install/tutorial_interfaces/include/tutorial_interfaces/msg/rosidl_typesupport_fastrtps_c__visibility_control.h
[0.129s] -- Up-to-date symlink: /home/sangjun/joy_ws/install/tutorial_interfaces/lib/libtutorial_interfaces__rosidl_typesupport_fastrtps_c.so
[0.130s] -- Up-to-date symlink: /home/sangjun/joy_ws/install/tutorial_interfaces/include/tutorial_interfaces/msg/detail/num__rosidl_typesupport_fastrtps_cpp.hpp
[0.130s] -- Up-to-date symlink: /home/sangjun/joy_ws/install/tutorial_interfaces/include/tutorial_interfaces/msg/rosidl_typesupport_fastrtps_cpp__visibility_control.h
[0.130s] -- Up-to-date symlink: /home/sangjun/joy_ws/install/tutorial_interfaces/lib/libtutorial_interfaces__rosidl_typesupport_fastrtps_cpp.so
[0.130s] -- Up-to-date symlink: /home/sangjun/joy_ws/install/tutorial_interfaces/include/tutorial_interfaces/msg/detail/num__rosidl_typesupport_introspection_c.h
[0.131s] -- Up-to-date symlink: /home/sangjun/joy_ws/install/tutorial_interfaces/include/tutorial_interfaces/msg/rosidl_typesupport_introspection_c__visibility_control.h
[0.131s] -- Up-to-date symlink: /home/sangjun/joy_ws/install/tutorial_interfaces/include/tutorial_interfaces/msg/detail/num__builder.hpp
[0.131s] -- Up-to-date symlink: /home/sangjun/joy_ws/install/tutorial_interfaces/include/tutorial_interfaces/msg/detail/num__struct.hpp
[0.131s] -- Up-to-date symlink: /home/sangjun/joy_ws/install/tutorial_interfaces/include/tutorial_interfaces/msg/detail/num__traits.hpp
[0.131s] -- Up-to-date symlink: /home/sangjun/joy_ws/install/tutorial_interfaces/include/tutorial_interfaces/msg/num.hpp
[0.132s] -- Up-to-date symlink: /home/sangjun/joy_ws/install/tutorial_interfaces/include/tutorial_interfaces/msg/detail/num__rosidl_typesupport_introspection_cpp.hpp
[0.132s] -- Up-to-date symlink: /home/sangjun/joy_ws/install/tutorial_interfaces/share/tutorial_interfaces/environment/pythonpath.sh
[0.132s] -- Up-to-date symlink: /home/sangjun/joy_ws/install/tutorial_interfaces/share/tutorial_interfaces/environment/pythonpath.dsv
[0.132s] -- Up-to-date symlink: /home/sangjun/joy_ws/install/tutorial_interfaces/lib/python3.8/site-packages/tutorial_interfaces/__init__.py
[0.132s] -- Up-to-date symlink: /home/sangjun/joy_ws/install/tutorial_interfaces/lib/python3.8/site-packages/tutorial_interfaces/msg/__init__.py
[0.133s] -- Up-to-date symlink: /home/sangjun/joy_ws/install/tutorial_interfaces/lib/python3.8/site-packages/tutorial_interfaces/msg/_num.py
[0.133s] -- Up-to-date symlink: /home/sangjun/joy_ws/install/tutorial_interfaces/lib/python3.8/site-packages/tutorial_interfaces/tutorial_interfaces_s__rosidl_typesupport_fastrtps_c.cpython-38-x86_64-linux-gnu.so
[0.133s] -- Up-to-date symlink: /home/sangjun/joy_ws/install/tutorial_interfaces/lib/python3.8/site-packages/tutorial_interfaces/tutorial_interfaces_s__rosidl_typesupport_introspection_c.cpython-38-x86_64-linux-gnu.so
[0.133s] -- Up-to-date symlink: /home/sangjun/joy_ws/install/tutorial_interfaces/lib/python3.8/site-packages/tutorial_interfaces/tutorial_interfaces_s__rosidl_typesupport_c.cpython-38-x86_64-linux-gnu.so
[0.134s] -- Up-to-date symlink: /home/sangjun/joy_ws/install/tutorial_interfaces/lib/libtutorial_interfaces__python.so
[0.134s] -- Up-to-date symlink: /home/sangjun/joy_ws/install/tutorial_interfaces/share/tutorial_interfaces/msg/Num.idl
[0.134s] -- Up-to-date symlink: /home/sangjun/joy_ws/install/tutorial_interfaces/share/tutorial_interfaces/msg/Num.msg
[0.134s] -- Up-to-date symlink: /home/sangjun/joy_ws/install/tutorial_interfaces/share/ament_index/resource_index/package_run_dependencies/tutorial_interfaces
[0.134s] -- Up-to-date symlink: /home/sangjun/joy_ws/install/tutorial_interfaces/share/ament_index/resource_index/parent_prefix_path/tutorial_interfaces
[0.135s] -- Up-to-date symlink: /home/sangjun/joy_ws/install/tutorial_interfaces/share/tutorial_interfaces/environment/ament_prefix_path.sh
[0.135s] -- Up-to-date symlink: /home/sangjun/joy_ws/install/tutorial_interfaces/share/tutorial_interfaces/environment/ament_prefix_path.dsv
[0.135s] -- Up-to-date symlink: /home/sangjun/joy_ws/install/tutorial_interfaces/share/tutorial_interfaces/environment/path.sh
[0.135s] -- Up-to-date symlink: /home/sangjun/joy_ws/install/tutorial_interfaces/share/tutorial_interfaces/environment/path.dsv
[0.135s] -- Up-to-date symlink: /home/sangjun/joy_ws/install/tutorial_interfaces/share/tutorial_interfaces/local_setup.bash
[0.136s] -- Up-to-date symlink: /home/sangjun/joy_ws/install/tutorial_interfaces/share/tutorial_interfaces/local_setup.sh
[0.136s] -- Up-to-date symlink: /home/sangjun/joy_ws/install/tutorial_interfaces/share/tutorial_interfaces/local_setup.zsh
[0.136s] -- Up-to-date symlink: /home/sangjun/joy_ws/install/tutorial_interfaces/share/tutorial_interfaces/local_setup.dsv
[0.136s] -- Symlinking: /home/sangjun/joy_ws/install/tutorial_interfaces/share/tutorial_interfaces/package.dsv
[0.139s] -- Up-to-date symlink: /home/sangjun/joy_ws/install/tutorial_interfaces/share/ament_index/resource_index/packages/tutorial_interfaces
[0.139s] -- Up-to-date symlink: /home/sangjun/joy_ws/install/tutorial_interfaces/share/tutorial_interfaces/cmake/rosidl_cmake-extras.cmake
[0.139s] -- Up-to-date symlink: /home/sangjun/joy_ws/install/tutorial_interfaces/share/tutorial_interfaces/cmake/ament_cmake_export_dependencies-extras.cmake
[0.139s] -- Up-to-date symlink: /home/sangjun/joy_ws/install/tutorial_interfaces/share/tutorial_interfaces/cmake/ament_cmake_export_libraries-extras.cmake
[0.140s] -- Up-to-date symlink: /home/sangjun/joy_ws/install/tutorial_interfaces/share/tutorial_interfaces/cmake/ament_cmake_export_targets-extras.cmake
[0.140s] -- Up-to-date symlink: /home/sangjun/joy_ws/install/tutorial_interfaces/share/tutorial_interfaces/cmake/ament_cmake_export_include_directories-extras.cmake
[0.140s] -- Up-to-date symlink: /home/sangjun/joy_ws/install/tutorial_interfaces/share/tutorial_interfaces/cmake/rosidl_cmake_export_typesupport_libraries-extras.cmake
[0.140s] -- Up-to-date symlink: /home/sangjun/joy_ws/install/tutorial_interfaces/share/tutorial_interfaces/cmake/rosidl_cmake_export_typesupport_targets-extras.cmake
[0.140s] -- Up-to-date symlink: /home/sangjun/joy_ws/install/tutorial_interfaces/share/tutorial_interfaces/cmake/tutorial_interfacesConfig.cmake
[0.140s] -- Up-to-date symlink: /home/sangjun/joy_ws/install/tutorial_interfaces/share/tutorial_interfaces/cmake/tutorial_interfacesConfig-version.cmake
[0.140s] -- Up-to-date symlink: /home/sangjun/joy_ws/install/tutorial_interfaces/share/tutorial_interfaces/package.xml
[0.140s] -- Up-to-date: /home/sangjun/joy_ws/install/tutorial_interfaces/lib/libtutorial_interfaces__rosidl_generator_c.so
[0.141s] -- Up-to-date: /home/sangjun/joy_ws/install/tutorial_interfaces/lib/libtutorial_interfaces__rosidl_typesupport_introspection_c.so
[0.141s] -- Up-to-date: /home/sangjun/joy_ws/install/tutorial_interfaces/lib/libtutorial_interfaces__rosidl_typesupport_c.so
[0.141s] -- Up-to-date: /home/sangjun/joy_ws/install/tutorial_interfaces/lib/libtutorial_interfaces__rosidl_typesupport_introspection_cpp.so
[0.141s] -- Up-to-date: /home/sangjun/joy_ws/install/tutorial_interfaces/lib/libtutorial_interfaces__rosidl_typesupport_cpp.so
[0.166s] -- Up-to-date: /home/sangjun/joy_ws/install/tutorial_interfaces/share/tutorial_interfaces/cmake/tutorial_interfaces__rosidl_generator_cExport.cmake
[0.166s] -- Up-to-date: /home/sangjun/joy_ws/install/tutorial_interfaces/share/tutorial_interfaces/cmake/tutorial_interfaces__rosidl_generator_cExport-noconfig.cmake
[0.166s] -- Up-to-date: /home/sangjun/joy_ws/install/tutorial_interfaces/share/tutorial_interfaces/cmake/tutorial_interfaces__rosidl_typesupport_introspection_cExport.cmake
[0.166s] -- Up-to-date: /home/sangjun/joy_ws/install/tutorial_interfaces/share/tutorial_interfaces/cmake/tutorial_interfaces__rosidl_typesupport_introspection_cExport-noconfig.cmake
[0.166s] -- Up-to-date: /home/sangjun/joy_ws/install/tutorial_interfaces/share/tutorial_interfaces/cmake/tutorial_interfaces__rosidl_typesupport_cExport.cmake
[0.166s] -- Up-to-date: /home/sangjun/joy_ws/install/tutorial_interfaces/share/tutorial_interfaces/cmake/tutorial_interfaces__rosidl_typesupport_cExport-noconfig.cmake
[0.166s] -- Up-to-date: /home/sangjun/joy_ws/install/tutorial_interfaces/share/tutorial_interfaces/cmake/tutorial_interfaces__rosidl_generator_cppExport.cmake
[0.166s] -- Up-to-date: /home/sangjun/joy_ws/install/tutorial_interfaces/share/tutorial_interfaces/cmake/tutorial_interfaces__rosidl_typesupport_introspection_cppExport.cmake
[0.167s] -- Up-to-date: /home/sangjun/joy_ws/install/tutorial_interfaces/share/tutorial_interfaces/cmake/tutorial_interfaces__rosidl_typesupport_introspection_cppExport-noconfig.cmake
[0.167s] -- Up-to-date: /home/sangjun/joy_ws/install/tutorial_interfaces/share/tutorial_interfaces/cmake/tutorial_interfaces__rosidl_typesupport_cppExport.cmake
[0.167s] -- Up-to-date: /home/sangjun/joy_ws/install/tutorial_interfaces/share/tutorial_interfaces/cmake/tutorial_interfaces__rosidl_typesupport_cppExport-noconfig.cmake
[0.168s] Invoked command in '/home/sangjun/joy_ws/build/tutorial_interfaces' returned '0': /usr/local/bin/cmake --install /home/sangjun/joy_ws/build/tutorial_interfaces
