[0.416s] DEBUG:colcon:Command line arguments: ['/usr/bin/colcon', 'build', '--symlink-install']
[0.416s] DEBUG:colcon:Parsed command line arguments: Namespace(allow_overriding=[], ament_cmake_args=None, base_paths=['.'], build_base='build', catkin_cmake_args=None, catkin_skip_building_tests=False, cmake_args=None, cmake_clean_cache=False, cmake_clean_first=False, cmake_force_configure=False, cmake_target=None, cmake_target_skip_unavailable=False, continue_on_error=False, event_handlers=None, executor='parallel', ignore_user_meta=False, install_base='install', log_base=None, log_level=None, main=<bound method BuildVerb.main of <colcon_core.verb.build.BuildVerb object at 0x7f2c04496760>>, merge_install=False, metas=['./colcon.meta'], packages_above=None, packages_above_and_dependencies=None, packages_above_depth=None, packages_end=None, packages_ignore=None, packages_ignore_regex=None, packages_select=None, packages_select_build_failed=False, packages_select_by_dep=None, packages_select_regex=None, packages_select_test_failures=False, packages_skip=None, packages_skip_build_finished=False, packages_skip_by_dep=None, packages_skip_regex=None, packages_skip_test_passed=False, packages_skip_up_to=None, packages_start=None, packages_up_to=None, packages_up_to_regex=None, parallel_workers=8, paths=None, symlink_install=True, test_result_base=None, verb_extension=<colcon_core.verb.build.BuildVerb object at 0x7f2c04496760>, verb_name='build', verb_parser=<colcon_defaults.argument_parser.defaults.DefaultArgumentsDecorator object at 0x7f2c04496cd0>)
[0.644s] Level 1:colcon.colcon_core.package_discovery:discover_packages(colcon_meta) check parameters
[0.644s] Level 1:colcon.colcon_core.package_discovery:discover_packages(recursive) check parameters
[0.644s] Level 1:colcon.colcon_core.package_discovery:discover_packages(ignore) check parameters
[0.644s] Level 1:colcon.colcon_core.package_discovery:discover_packages(path) check parameters
[0.644s] Level 1:colcon.colcon_core.package_discovery:discover_packages(colcon_meta) discover
[0.644s] Level 1:colcon.colcon_core.package_discovery:discover_packages(recursive) discover
[0.644s] INFO:colcon.colcon_core.package_discovery:Crawling recursively for packages in '/home/sangjun/joy_ws'
[0.644s] Level 1:colcon.colcon_core.package_identification:_identify(.) by extensions ['ignore', 'ignore_ament_install']
[0.644s] Level 1:colcon.colcon_core.package_identification:_identify(.) by extension 'ignore'
[0.645s] Level 1:colcon.colcon_core.package_identification:_identify(.) by extension 'ignore_ament_install'
[0.645s] Level 1:colcon.colcon_core.package_identification:_identify(.) by extensions ['colcon_pkg']
[0.645s] Level 1:colcon.colcon_core.package_identification:_identify(.) by extension 'colcon_pkg'
[0.645s] Level 1:colcon.colcon_core.package_identification:_identify(.) by extensions ['colcon_meta']
[0.645s] Level 1:colcon.colcon_core.package_identification:_identify(.) by extension 'colcon_meta'
[0.645s] Level 1:colcon.colcon_core.package_identification:_identify(.) by extensions ['ros']
[0.645s] Level 1:colcon.colcon_core.package_identification:_identify(.) by extension 'ros'
[0.654s] Level 1:colcon.colcon_core.package_identification:_identify(.) by extensions ['cmake', 'python']
[0.654s] Level 1:colcon.colcon_core.package_identification:_identify(.) by extension 'cmake'
[0.654s] Level 1:colcon.colcon_core.package_identification:_identify(.) by extension 'python'
[0.654s] Level 1:colcon.colcon_core.package_identification:_identify(.) by extensions ['python_setup_py']
[0.654s] Level 1:colcon.colcon_core.package_identification:_identify(.) by extension 'python_setup_py'
[0.654s] Level 1:colcon.colcon_core.package_identification:_identify(build) by extensions ['ignore', 'ignore_ament_install']
[0.655s] Level 1:colcon.colcon_core.package_identification:_identify(build) by extension 'ignore'
[0.655s] Level 1:colcon.colcon_core.package_identification:_identify(build) ignored
[0.655s] Level 1:colcon.colcon_core.package_identification:_identify(install) by extensions ['ignore', 'ignore_ament_install']
[0.655s] Level 1:colcon.colcon_core.package_identification:_identify(install) by extension 'ignore'
[0.655s] Level 1:colcon.colcon_core.package_identification:_identify(install) ignored
[0.655s] Level 1:colcon.colcon_core.package_identification:_identify(log) by extensions ['ignore', 'ignore_ament_install']
[0.655s] Level 1:colcon.colcon_core.package_identification:_identify(log) by extension 'ignore'
[0.655s] Level 1:colcon.colcon_core.package_identification:_identify(log) ignored
[0.655s] Level 1:colcon.colcon_core.package_identification:_identify(src) by extensions ['ignore', 'ignore_ament_install']
[0.655s] Level 1:colcon.colcon_core.package_identification:_identify(src) by extension 'ignore'
[0.655s] Level 1:colcon.colcon_core.package_identification:_identify(src) by extension 'ignore_ament_install'
[0.655s] Level 1:colcon.colcon_core.package_identification:_identify(src) by extensions ['colcon_pkg']
[0.655s] Level 1:colcon.colcon_core.package_identification:_identify(src) by extension 'colcon_pkg'
[0.655s] Level 1:colcon.colcon_core.package_identification:_identify(src) by extensions ['colcon_meta']
[0.655s] Level 1:colcon.colcon_core.package_identification:_identify(src) by extension 'colcon_meta'
[0.655s] Level 1:colcon.colcon_core.package_identification:_identify(src) by extensions ['ros']
[0.655s] Level 1:colcon.colcon_core.package_identification:_identify(src) by extension 'ros'
[0.655s] Level 1:colcon.colcon_core.package_identification:_identify(src) by extensions ['cmake', 'python']
[0.656s] Level 1:colcon.colcon_core.package_identification:_identify(src) by extension 'cmake'
[0.656s] Level 1:colcon.colcon_core.package_identification:_identify(src) by extension 'python'
[0.656s] Level 1:colcon.colcon_core.package_identification:_identify(src) by extensions ['python_setup_py']
[0.656s] Level 1:colcon.colcon_core.package_identification:_identify(src) by extension 'python_setup_py'
[0.656s] Level 1:colcon.colcon_core.package_identification:_identify(src/joyst_package) by extensions ['ignore', 'ignore_ament_install']
[0.656s] Level 1:colcon.colcon_core.package_identification:_identify(src/joyst_package) by extension 'ignore'
[0.656s] Level 1:colcon.colcon_core.package_identification:_identify(src/joyst_package) by extension 'ignore_ament_install'
[0.656s] Level 1:colcon.colcon_core.package_identification:_identify(src/joyst_package) by extensions ['colcon_pkg']
[0.656s] Level 1:colcon.colcon_core.package_identification:_identify(src/joyst_package) by extension 'colcon_pkg'
[0.656s] Level 1:colcon.colcon_core.package_identification:_identify(src/joyst_package) by extensions ['colcon_meta']
[0.656s] Level 1:colcon.colcon_core.package_identification:_identify(src/joyst_package) by extension 'colcon_meta'
[0.656s] Level 1:colcon.colcon_core.package_identification:_identify(src/joyst_package) by extensions ['ros']
[0.656s] Level 1:colcon.colcon_core.package_identification:_identify(src/joyst_package) by extension 'ros'
[0.673s] DEBUG:colcon.colcon_core.package_identification:Package 'src/joyst_package' with type 'ros.ament_cmake' and name 'joyst_package'
[0.673s] Level 1:colcon.colcon_core.package_identification:_identify(src/tutorial_interfaces) by extensions ['ignore', 'ignore_ament_install']
[0.673s] Level 1:colcon.colcon_core.package_identification:_identify(src/tutorial_interfaces) by extension 'ignore'
[0.673s] Level 1:colcon.colcon_core.package_identification:_identify(src/tutorial_interfaces) by extension 'ignore_ament_install'
[0.673s] Level 1:colcon.colcon_core.package_identification:_identify(src/tutorial_interfaces) by extensions ['colcon_pkg']
[0.673s] Level 1:colcon.colcon_core.package_identification:_identify(src/tutorial_interfaces) by extension 'colcon_pkg'
[0.673s] Level 1:colcon.colcon_core.package_identification:_identify(src/tutorial_interfaces) by extensions ['colcon_meta']
[0.673s] Level 1:colcon.colcon_core.package_identification:_identify(src/tutorial_interfaces) by extension 'colcon_meta'
[0.673s] Level 1:colcon.colcon_core.package_identification:_identify(src/tutorial_interfaces) by extensions ['ros']
[0.673s] Level 1:colcon.colcon_core.package_identification:_identify(src/tutorial_interfaces) by extension 'ros'
[0.685s] DEBUG:colcon.colcon_core.package_identification:Package 'src/tutorial_interfaces' with type 'ros.ament_cmake' and name 'tutorial_interfaces'
[0.685s] Level 1:colcon.colcon_core.package_discovery:discover_packages(recursive) using defaults
[0.685s] Level 1:colcon.colcon_core.package_discovery:discover_packages(ignore) discover
[0.685s] Level 1:colcon.colcon_core.package_discovery:discover_packages(ignore) using defaults
[0.685s] Level 1:colcon.colcon_core.package_discovery:discover_packages(path) discover
[0.685s] Level 1:colcon.colcon_core.package_discovery:discover_packages(path) using defaults
[0.752s] Level 1:colcon.colcon_core.package_discovery:discover_packages(prefix_path) check parameters
[0.752s] Level 1:colcon.colcon_core.package_discovery:discover_packages(prefix_path) discover
[0.755s] DEBUG:colcon.colcon_installed_package_information.package_discovery:Found 2 installed packages in /home/sangjun/joy_ws/install
[0.756s] DEBUG:colcon.colcon_installed_package_information.package_discovery:Found 14 installed packages in /home/sangjun/gcamp_ros2_ws/install
[0.757s] DEBUG:colcon.colcon_installed_package_information.package_discovery:Found 307 installed packages in /opt/ros/foxy
[0.758s] Level 1:colcon.colcon_core.package_discovery:discover_packages(prefix_path) using defaults
[1.223s] Level 5:colcon.colcon_core.verb:set package 'tutorial_interfaces' build argument 'cmake_args' from command line to 'None'
[1.223s] Level 5:colcon.colcon_core.verb:set package 'tutorial_interfaces' build argument 'cmake_target' from command line to 'None'
[1.223s] Level 5:colcon.colcon_core.verb:set package 'tutorial_interfaces' build argument 'cmake_target_skip_unavailable' from command line to 'False'
[1.223s] Level 5:colcon.colcon_core.verb:set package 'tutorial_interfaces' build argument 'cmake_clean_cache' from command line to 'False'
[1.223s] Level 5:colcon.colcon_core.verb:set package 'tutorial_interfaces' build argument 'cmake_clean_first' from command line to 'False'
[1.223s] Level 5:colcon.colcon_core.verb:set package 'tutorial_interfaces' build argument 'cmake_force_configure' from command line to 'False'
[1.223s] Level 5:colcon.colcon_core.verb:set package 'tutorial_interfaces' build argument 'ament_cmake_args' from command line to 'None'
[1.223s] Level 5:colcon.colcon_core.verb:set package 'tutorial_interfaces' build argument 'catkin_cmake_args' from command line to 'None'
[1.223s] Level 5:colcon.colcon_core.verb:set package 'tutorial_interfaces' build argument 'catkin_skip_building_tests' from command line to 'False'
[1.223s] DEBUG:colcon.colcon_core.verb:Building package 'tutorial_interfaces' with the following arguments: {'ament_cmake_args': None, 'build_base': '/home/sangjun/joy_ws/build/tutorial_interfaces', 'catkin_cmake_args': None, 'catkin_skip_building_tests': False, 'cmake_args': None, 'cmake_clean_cache': False, 'cmake_clean_first': False, 'cmake_force_configure': False, 'cmake_target': None, 'cmake_target_skip_unavailable': False, 'install_base': '/home/sangjun/joy_ws/install/tutorial_interfaces', 'merge_install': False, 'path': '/home/sangjun/joy_ws/src/tutorial_interfaces', 'symlink_install': True, 'test_result_base': None}
[1.225s] Level 5:colcon.colcon_core.verb:set package 'joyst_package' build argument 'cmake_args' from command line to 'None'
[1.225s] Level 5:colcon.colcon_core.verb:set package 'joyst_package' build argument 'cmake_target' from command line to 'None'
[1.225s] Level 5:colcon.colcon_core.verb:set package 'joyst_package' build argument 'cmake_target_skip_unavailable' from command line to 'False'
[1.225s] Level 5:colcon.colcon_core.verb:set package 'joyst_package' build argument 'cmake_clean_cache' from command line to 'False'
[1.225s] Level 5:colcon.colcon_core.verb:set package 'joyst_package' build argument 'cmake_clean_first' from command line to 'False'
[1.225s] Level 5:colcon.colcon_core.verb:set package 'joyst_package' build argument 'cmake_force_configure' from command line to 'False'
[1.225s] Level 5:colcon.colcon_core.verb:set package 'joyst_package' build argument 'ament_cmake_args' from command line to 'None'
[1.225s] Level 5:colcon.colcon_core.verb:set package 'joyst_package' build argument 'catkin_cmake_args' from command line to 'None'
[1.225s] Level 5:colcon.colcon_core.verb:set package 'joyst_package' build argument 'catkin_skip_building_tests' from command line to 'False'
[1.225s] DEBUG:colcon.colcon_core.verb:Building package 'joyst_package' with the following arguments: {'ament_cmake_args': None, 'build_base': '/home/sangjun/joy_ws/build/joyst_package', 'catkin_cmake_args': None, 'catkin_skip_building_tests': False, 'cmake_args': None, 'cmake_clean_cache': False, 'cmake_clean_first': False, 'cmake_force_configure': False, 'cmake_target': None, 'cmake_target_skip_unavailable': False, 'install_base': '/home/sangjun/joy_ws/install/joyst_package', 'merge_install': False, 'path': '/home/sangjun/joy_ws/src/joyst_package', 'symlink_install': True, 'test_result_base': None}
[1.225s] INFO:colcon.colcon_core.executor:Executing jobs using 'parallel' executor
[1.228s] DEBUG:colcon.colcon_parallel_executor.executor.parallel:run_until_complete
[1.228s] INFO:colcon.colcon_ros.task.ament_cmake.build:Building ROS package in '/home/sangjun/joy_ws/src/tutorial_interfaces' with build type 'ament_cmake'
[1.228s] INFO:colcon.colcon_cmake.task.cmake.build:Building CMake package in '/home/sangjun/joy_ws/src/tutorial_interfaces'
[1.276s] INFO:colcon.colcon_core.plugin_system:Skipping extension 'colcon_core.shell.bat': Not used on non-Windows systems
[1.276s] INFO:colcon.colcon_core.shell:Skip shell extension 'powershell' for command environment: Not usable outside of PowerShell
[1.277s] DEBUG:colcon.colcon_core.shell:Skip shell extension 'dsv' for command environment
[1.325s] DEBUG:colcon.colcon_core.event_handler.log_command:Invoking command in '/home/sangjun/joy_ws/build/tutorial_interfaces': CMAKE_PREFIX_PATH=${CMAKE_PREFIX_PATH}:/home/sangjun/gcamp_ros2_ws/install/py_topic_pkg:/home/sangjun/gcamp_ros2_ws/install/py_service_pkg:/home/sangjun/gcamp_ros2_ws/install/py_first_pkg:/home/sangjun/gcamp_ros2_ws/install/py_action_pkg:/opt/ros/foxy /usr/local/bin/cmake --build /home/sangjun/joy_ws/build/tutorial_interfaces -- -j8 -l8
[1.974s] DEBUG:colcon.colcon_core.event_handler.log_command:Invoked command in '/home/sangjun/joy_ws/build/tutorial_interfaces' returned '0': CMAKE_PREFIX_PATH=${CMAKE_PREFIX_PATH}:/home/sangjun/gcamp_ros2_ws/install/py_topic_pkg:/home/sangjun/gcamp_ros2_ws/install/py_service_pkg:/home/sangjun/gcamp_ros2_ws/install/py_first_pkg:/home/sangjun/gcamp_ros2_ws/install/py_action_pkg:/opt/ros/foxy /usr/local/bin/cmake --build /home/sangjun/joy_ws/build/tutorial_interfaces -- -j8 -l8
[2.020s] DEBUG:colcon.colcon_core.event_handler.log_command:Invoking command in '/home/sangjun/joy_ws/build/tutorial_interfaces': CMAKE_PREFIX_PATH=${CMAKE_PREFIX_PATH}:/home/sangjun/gcamp_ros2_ws/install/py_topic_pkg:/home/sangjun/gcamp_ros2_ws/install/py_service_pkg:/home/sangjun/gcamp_ros2_ws/install/py_first_pkg:/home/sangjun/gcamp_ros2_ws/install/py_action_pkg:/opt/ros/foxy /usr/local/bin/cmake --install /home/sangjun/joy_ws/build/tutorial_interfaces
[2.116s] Level 1:colcon.colcon_core.environment:create_environment_scripts_only(tutorial_interfaces)
[2.117s] DEBUG:colcon.colcon_core.event_handler.log_command:Invoked command in '/home/sangjun/joy_ws/build/tutorial_interfaces' returned '0': CMAKE_PREFIX_PATH=${CMAKE_PREFIX_PATH}:/home/sangjun/gcamp_ros2_ws/install/py_topic_pkg:/home/sangjun/gcamp_ros2_ws/install/py_service_pkg:/home/sangjun/gcamp_ros2_ws/install/py_first_pkg:/home/sangjun/gcamp_ros2_ws/install/py_action_pkg:/opt/ros/foxy /usr/local/bin/cmake --install /home/sangjun/joy_ws/build/tutorial_interfaces
[2.159s] Level 1:colcon.colcon_core.environment:checking '/home/sangjun/joy_ws/install/tutorial_interfaces' for CMake module files
[2.160s] Level 1:colcon.colcon_core.environment:checking '/home/sangjun/joy_ws/install/tutorial_interfaces' for CMake config files
[2.160s] Level 1:colcon.colcon_core.shell:create_environment_hook('tutorial_interfaces', 'cmake_prefix_path')
[2.162s] INFO:colcon.colcon_core.shell:Creating environment hook '/home/sangjun/joy_ws/install/tutorial_interfaces/share/tutorial_interfaces/hook/cmake_prefix_path.ps1'
[2.164s] INFO:colcon.colcon_core.shell:Creating environment descriptor '/home/sangjun/joy_ws/install/tutorial_interfaces/share/tutorial_interfaces/hook/cmake_prefix_path.dsv'
[2.165s] INFO:colcon.colcon_core.shell:Creating environment hook '/home/sangjun/joy_ws/install/tutorial_interfaces/share/tutorial_interfaces/hook/cmake_prefix_path.sh'
[2.167s] Level 1:colcon.colcon_core.environment:checking '/home/sangjun/joy_ws/install/tutorial_interfaces/lib'
[2.167s] Level 1:colcon.colcon_core.shell:create_environment_hook('tutorial_interfaces', 'ld_library_path_lib')
[2.169s] INFO:colcon.colcon_core.shell:Creating environment hook '/home/sangjun/joy_ws/install/tutorial_interfaces/share/tutorial_interfaces/hook/ld_library_path_lib.ps1'
[2.169s] INFO:colcon.colcon_core.shell:Creating environment descriptor '/home/sangjun/joy_ws/install/tutorial_interfaces/share/tutorial_interfaces/hook/ld_library_path_lib.dsv'
[2.169s] INFO:colcon.colcon_core.shell:Creating environment hook '/home/sangjun/joy_ws/install/tutorial_interfaces/share/tutorial_interfaces/hook/ld_library_path_lib.sh'
[2.170s] Level 1:colcon.colcon_core.environment:checking '/home/sangjun/joy_ws/install/tutorial_interfaces/bin'
[2.170s] Level 1:colcon.colcon_core.environment:checking '/home/sangjun/joy_ws/install/tutorial_interfaces/lib/pkgconfig/tutorial_interfaces.pc'
[2.170s] Level 1:colcon.colcon_core.environment:checking '/home/sangjun/joy_ws/install/tutorial_interfaces/lib/python3.8/site-packages'
[2.170s] Level 1:colcon.colcon_core.shell:create_environment_hook('tutorial_interfaces', 'pythonpath')
[2.172s] INFO:colcon.colcon_core.shell:Creating environment hook '/home/sangjun/joy_ws/install/tutorial_interfaces/share/tutorial_interfaces/hook/pythonpath.ps1'
[2.172s] INFO:colcon.colcon_core.shell:Creating environment descriptor '/home/sangjun/joy_ws/install/tutorial_interfaces/share/tutorial_interfaces/hook/pythonpath.dsv'
[2.172s] INFO:colcon.colcon_core.shell:Creating environment hook '/home/sangjun/joy_ws/install/tutorial_interfaces/share/tutorial_interfaces/hook/pythonpath.sh'
[2.173s] Level 1:colcon.colcon_core.environment:checking '/home/sangjun/joy_ws/install/tutorial_interfaces/bin'
[2.174s] INFO:colcon.colcon_core.shell:Creating package script '/home/sangjun/joy_ws/install/tutorial_interfaces/share/tutorial_interfaces/package.ps1'
[2.175s] INFO:colcon.colcon_core.shell:Creating package descriptor '/home/sangjun/joy_ws/install/tutorial_interfaces/share/tutorial_interfaces/package.dsv'
[2.176s] INFO:colcon.colcon_core.shell:Creating package script '/home/sangjun/joy_ws/install/tutorial_interfaces/share/tutorial_interfaces/package.sh'
[2.177s] INFO:colcon.colcon_core.shell:Creating package script '/home/sangjun/joy_ws/install/tutorial_interfaces/share/tutorial_interfaces/package.bash'
[2.194s] INFO:colcon.colcon_core.shell:Creating package script '/home/sangjun/joy_ws/install/tutorial_interfaces/share/tutorial_interfaces/package.zsh'
[2.196s] Level 1:colcon.colcon_core.environment:create_file_with_runtime_dependencies(/home/sangjun/joy_ws/install/tutorial_interfaces/share/colcon-core/packages/tutorial_interfaces)
[2.235s] Level 1:colcon.colcon_core.environment:create_environment_scripts_only(tutorial_interfaces)
[2.239s] Level 1:colcon.colcon_core.environment:checking '/home/sangjun/joy_ws/install/tutorial_interfaces' for CMake module files
[2.239s] Level 1:colcon.colcon_core.environment:checking '/home/sangjun/joy_ws/install/tutorial_interfaces' for CMake config files
[2.240s] Level 1:colcon.colcon_core.shell:create_environment_hook('tutorial_interfaces', 'cmake_prefix_path')
[2.241s] INFO:colcon.colcon_core.shell:Creating environment hook '/home/sangjun/joy_ws/install/tutorial_interfaces/share/tutorial_interfaces/hook/cmake_prefix_path.ps1'
[2.242s] INFO:colcon.colcon_core.shell:Creating environment descriptor '/home/sangjun/joy_ws/install/tutorial_interfaces/share/tutorial_interfaces/hook/cmake_prefix_path.dsv'
[2.242s] INFO:colcon.colcon_core.shell:Creating environment hook '/home/sangjun/joy_ws/install/tutorial_interfaces/share/tutorial_interfaces/hook/cmake_prefix_path.sh'
[2.242s] Level 1:colcon.colcon_core.environment:checking '/home/sangjun/joy_ws/install/tutorial_interfaces/lib'
[2.242s] Level 1:colcon.colcon_core.shell:create_environment_hook('tutorial_interfaces', 'ld_library_path_lib')
[2.243s] INFO:colcon.colcon_core.shell:Creating environment hook '/home/sangjun/joy_ws/install/tutorial_interfaces/share/tutorial_interfaces/hook/ld_library_path_lib.ps1'
[2.243s] INFO:colcon.colcon_core.shell:Creating environment descriptor '/home/sangjun/joy_ws/install/tutorial_interfaces/share/tutorial_interfaces/hook/ld_library_path_lib.dsv'
[2.244s] INFO:colcon.colcon_core.shell:Creating environment hook '/home/sangjun/joy_ws/install/tutorial_interfaces/share/tutorial_interfaces/hook/ld_library_path_lib.sh'
[2.244s] Level 1:colcon.colcon_core.environment:checking '/home/sangjun/joy_ws/install/tutorial_interfaces/bin'
[2.244s] Level 1:colcon.colcon_core.environment:checking '/home/sangjun/joy_ws/install/tutorial_interfaces/lib/pkgconfig/tutorial_interfaces.pc'
[2.244s] Level 1:colcon.colcon_core.environment:checking '/home/sangjun/joy_ws/install/tutorial_interfaces/lib/python3.8/site-packages'
[2.244s] Level 1:colcon.colcon_core.shell:create_environment_hook('tutorial_interfaces', 'pythonpath')
[2.245s] INFO:colcon.colcon_core.shell:Creating environment hook '/home/sangjun/joy_ws/install/tutorial_interfaces/share/tutorial_interfaces/hook/pythonpath.ps1'
[2.245s] INFO:colcon.colcon_core.shell:Creating environment descriptor '/home/sangjun/joy_ws/install/tutorial_interfaces/share/tutorial_interfaces/hook/pythonpath.dsv'
[2.245s] INFO:colcon.colcon_core.shell:Creating environment hook '/home/sangjun/joy_ws/install/tutorial_interfaces/share/tutorial_interfaces/hook/pythonpath.sh'
[2.246s] Level 1:colcon.colcon_core.environment:checking '/home/sangjun/joy_ws/install/tutorial_interfaces/bin'
[2.247s] INFO:colcon.colcon_core.shell:Creating package script '/home/sangjun/joy_ws/install/tutorial_interfaces/share/tutorial_interfaces/package.ps1'
[2.248s] INFO:colcon.colcon_core.shell:Creating package descriptor '/home/sangjun/joy_ws/install/tutorial_interfaces/share/tutorial_interfaces/package.dsv'
[2.248s] INFO:colcon.colcon_core.shell:Creating package script '/home/sangjun/joy_ws/install/tutorial_interfaces/share/tutorial_interfaces/package.sh'
[2.248s] INFO:colcon.colcon_core.shell:Creating package script '/home/sangjun/joy_ws/install/tutorial_interfaces/share/tutorial_interfaces/package.bash'
[2.249s] INFO:colcon.colcon_core.shell:Creating package script '/home/sangjun/joy_ws/install/tutorial_interfaces/share/tutorial_interfaces/package.zsh'
[2.249s] Level 1:colcon.colcon_core.environment:create_file_with_runtime_dependencies(/home/sangjun/joy_ws/install/tutorial_interfaces/share/colcon-core/packages/tutorial_interfaces)
[2.250s] INFO:colcon.colcon_ros.task.ament_cmake.build:Building ROS package in '/home/sangjun/joy_ws/src/joyst_package' with build type 'ament_cmake'
[2.250s] INFO:colcon.colcon_cmake.task.cmake.build:Building CMake package in '/home/sangjun/joy_ws/src/joyst_package'
[2.251s] INFO:colcon.colcon_core.shell:Skip shell extension 'powershell' for command environment: Not usable outside of PowerShell
[2.251s] DEBUG:colcon.colcon_core.shell:Skip shell extension 'dsv' for command environment
[2.294s] DEBUG:colcon.colcon_core.event_handler.log_command:Invoking command in '/home/sangjun/joy_ws/build/joyst_package': CMAKE_PREFIX_PATH=/home/sangjun/joy_ws/install/tutorial_interfaces:/home/sangjun/joy_ws/install/joyst_package:/home/sangjun/gcamp_ros2_ws/install/slam_gmapping:/home/sangjun/gcamp_ros2_ws/install/openslam_gmapping:/home/sangjun/gcamp_ros2_ws/install/gcamp_gazebo:/home/sangjun/gcamp_ros2_ws/install/cpp_service_pkg:/home/sangjun/gcamp_ros2_ws/install/cpp_action_pkg:/home/sangjun/gcamp_ros2_ws/install/custom_interfaces:/home/sangjun/gcamp_ros2_ws/install/cpp_topic_pkg:/home/sangjun/gcamp_ros2_ws/install/cpp_service_tutorial:/home/sangjun/gcamp_ros2_ws/install/cpp_param_pkg:/home/sangjun/gcamp_ros2_ws/install/cpp_first_pkg:/home/sangjun/gcamp_ros2_ws/install/py_topic_pkg:/home/sangjun/gcamp_ros2_ws/install/py_service_pkg:/home/sangjun/gcamp_ros2_ws/install/py_first_pkg:/home/sangjun/gcamp_ros2_ws/install/py_action_pkg:/opt/ros/foxy LD_LIBRARY_PATH=/home/sangjun/joy_ws/install/tutorial_interfaces/lib:/home/sangjun/gcamp_ros2_ws/install/openslam_gmapping/lib:/home/sangjun/gcamp_ros2_ws/install/custom_interfaces/lib:/usr/lib/x86_64-linux-gnu/gazebo-11/plugins:/opt/ros/foxy/opt/yaml_cpp_vendor/lib:/opt/ros/foxy/opt/rviz_ogre_vendor/lib:/opt/ros/foxy/lib/x86_64-linux-gnu:/opt/ros/foxy/lib:/raisim/linux/lib PYTHONPATH=/home/sangjun/joy_ws/install/tutorial_interfaces/lib/python3.8/site-packages:/home/sangjun/gcamp_ros2_ws/build/py_topic_pkg:/home/sangjun/gcamp_ros2_ws/install/py_topic_pkg/lib/python3.8/site-packages:/home/sangjun/gcamp_ros2_ws/build/py_service_pkg:/home/sangjun/gcamp_ros2_ws/install/py_service_pkg/lib/python3.8/site-packages:/home/sangjun/gcamp_ros2_ws/build/py_first_pkg:/home/sangjun/gcamp_ros2_ws/install/py_first_pkg/lib/python3.8/site-packages:/home/sangjun/gcamp_ros2_ws/build/py_action_pkg:/home/sangjun/gcamp_ros2_ws/install/py_action_pkg/lib/python3.8/site-packages:/home/sangjun/gcamp_ros2_ws/install/custom_interfaces/lib/python3.8/site-packages:/opt/ros/foxy/lib/python3.8/site-packages:/raisim/linux/lib /usr/local/bin/cmake --build /home/sangjun/joy_ws/build/joyst_package -- -j8 -l8
[7.894s] DEBUG:colcon.colcon_core.event_handler.log_command:Invoked command in '/home/sangjun/joy_ws/build/joyst_package' returned '0': CMAKE_PREFIX_PATH=/home/sangjun/joy_ws/install/tutorial_interfaces:/home/sangjun/joy_ws/install/joyst_package:/home/sangjun/gcamp_ros2_ws/install/slam_gmapping:/home/sangjun/gcamp_ros2_ws/install/openslam_gmapping:/home/sangjun/gcamp_ros2_ws/install/gcamp_gazebo:/home/sangjun/gcamp_ros2_ws/install/cpp_service_pkg:/home/sangjun/gcamp_ros2_ws/install/cpp_action_pkg:/home/sangjun/gcamp_ros2_ws/install/custom_interfaces:/home/sangjun/gcamp_ros2_ws/install/cpp_topic_pkg:/home/sangjun/gcamp_ros2_ws/install/cpp_service_tutorial:/home/sangjun/gcamp_ros2_ws/install/cpp_param_pkg:/home/sangjun/gcamp_ros2_ws/install/cpp_first_pkg:/home/sangjun/gcamp_ros2_ws/install/py_topic_pkg:/home/sangjun/gcamp_ros2_ws/install/py_service_pkg:/home/sangjun/gcamp_ros2_ws/install/py_first_pkg:/home/sangjun/gcamp_ros2_ws/install/py_action_pkg:/opt/ros/foxy LD_LIBRARY_PATH=/home/sangjun/joy_ws/install/tutorial_interfaces/lib:/home/sangjun/gcamp_ros2_ws/install/openslam_gmapping/lib:/home/sangjun/gcamp_ros2_ws/install/custom_interfaces/lib:/usr/lib/x86_64-linux-gnu/gazebo-11/plugins:/opt/ros/foxy/opt/yaml_cpp_vendor/lib:/opt/ros/foxy/opt/rviz_ogre_vendor/lib:/opt/ros/foxy/lib/x86_64-linux-gnu:/opt/ros/foxy/lib:/raisim/linux/lib PYTHONPATH=/home/sangjun/joy_ws/install/tutorial_interfaces/lib/python3.8/site-packages:/home/sangjun/gcamp_ros2_ws/build/py_topic_pkg:/home/sangjun/gcamp_ros2_ws/install/py_topic_pkg/lib/python3.8/site-packages:/home/sangjun/gcamp_ros2_ws/build/py_service_pkg:/home/sangjun/gcamp_ros2_ws/install/py_service_pkg/lib/python3.8/site-packages:/home/sangjun/gcamp_ros2_ws/build/py_first_pkg:/home/sangjun/gcamp_ros2_ws/install/py_first_pkg/lib/python3.8/site-packages:/home/sangjun/gcamp_ros2_ws/build/py_action_pkg:/home/sangjun/gcamp_ros2_ws/install/py_action_pkg/lib/python3.8/site-packages:/home/sangjun/gcamp_ros2_ws/install/custom_interfaces/lib/python3.8/site-packages:/opt/ros/foxy/lib/python3.8/site-packages:/raisim/linux/lib /usr/local/bin/cmake --build /home/sangjun/joy_ws/build/joyst_package -- -j8 -l8
[7.915s] DEBUG:colcon.colcon_core.event_handler.log_command:Invoking command in '/home/sangjun/joy_ws/build/joyst_package': CMAKE_PREFIX_PATH=/home/sangjun/joy_ws/install/tutorial_interfaces:/home/sangjun/joy_ws/install/joyst_package:/home/sangjun/gcamp_ros2_ws/install/slam_gmapping:/home/sangjun/gcamp_ros2_ws/install/openslam_gmapping:/home/sangjun/gcamp_ros2_ws/install/gcamp_gazebo:/home/sangjun/gcamp_ros2_ws/install/cpp_service_pkg:/home/sangjun/gcamp_ros2_ws/install/cpp_action_pkg:/home/sangjun/gcamp_ros2_ws/install/custom_interfaces:/home/sangjun/gcamp_ros2_ws/install/cpp_topic_pkg:/home/sangjun/gcamp_ros2_ws/install/cpp_service_tutorial:/home/sangjun/gcamp_ros2_ws/install/cpp_param_pkg:/home/sangjun/gcamp_ros2_ws/install/cpp_first_pkg:/home/sangjun/gcamp_ros2_ws/install/py_topic_pkg:/home/sangjun/gcamp_ros2_ws/install/py_service_pkg:/home/sangjun/gcamp_ros2_ws/install/py_first_pkg:/home/sangjun/gcamp_ros2_ws/install/py_action_pkg:/opt/ros/foxy LD_LIBRARY_PATH=/home/sangjun/joy_ws/install/tutorial_interfaces/lib:/home/sangjun/gcamp_ros2_ws/install/openslam_gmapping/lib:/home/sangjun/gcamp_ros2_ws/install/custom_interfaces/lib:/usr/lib/x86_64-linux-gnu/gazebo-11/plugins:/opt/ros/foxy/opt/yaml_cpp_vendor/lib:/opt/ros/foxy/opt/rviz_ogre_vendor/lib:/opt/ros/foxy/lib/x86_64-linux-gnu:/opt/ros/foxy/lib:/raisim/linux/lib PYTHONPATH=/home/sangjun/joy_ws/install/tutorial_interfaces/lib/python3.8/site-packages:/home/sangjun/gcamp_ros2_ws/build/py_topic_pkg:/home/sangjun/gcamp_ros2_ws/install/py_topic_pkg/lib/python3.8/site-packages:/home/sangjun/gcamp_ros2_ws/build/py_service_pkg:/home/sangjun/gcamp_ros2_ws/install/py_service_pkg/lib/python3.8/site-packages:/home/sangjun/gcamp_ros2_ws/build/py_first_pkg:/home/sangjun/gcamp_ros2_ws/install/py_first_pkg/lib/python3.8/site-packages:/home/sangjun/gcamp_ros2_ws/build/py_action_pkg:/home/sangjun/gcamp_ros2_ws/install/py_action_pkg/lib/python3.8/site-packages:/home/sangjun/gcamp_ros2_ws/install/custom_interfaces/lib/python3.8/site-packages:/opt/ros/foxy/lib/python3.8/site-packages:/raisim/linux/lib /usr/local/bin/cmake --install /home/sangjun/joy_ws/build/joyst_package
[7.955s] Level 1:colcon.colcon_core.environment:create_environment_scripts_only(joyst_package)
[7.957s] Level 1:colcon.colcon_core.environment:checking '/home/sangjun/joy_ws/install/joyst_package' for CMake module files
[7.958s] DEBUG:colcon.colcon_core.event_handler.log_command:Invoked command in '/home/sangjun/joy_ws/build/joyst_package' returned '0': CMAKE_PREFIX_PATH=/home/sangjun/joy_ws/install/tutorial_interfaces:/home/sangjun/joy_ws/install/joyst_package:/home/sangjun/gcamp_ros2_ws/install/slam_gmapping:/home/sangjun/gcamp_ros2_ws/install/openslam_gmapping:/home/sangjun/gcamp_ros2_ws/install/gcamp_gazebo:/home/sangjun/gcamp_ros2_ws/install/cpp_service_pkg:/home/sangjun/gcamp_ros2_ws/install/cpp_action_pkg:/home/sangjun/gcamp_ros2_ws/install/custom_interfaces:/home/sangjun/gcamp_ros2_ws/install/cpp_topic_pkg:/home/sangjun/gcamp_ros2_ws/install/cpp_service_tutorial:/home/sangjun/gcamp_ros2_ws/install/cpp_param_pkg:/home/sangjun/gcamp_ros2_ws/install/cpp_first_pkg:/home/sangjun/gcamp_ros2_ws/install/py_topic_pkg:/home/sangjun/gcamp_ros2_ws/install/py_service_pkg:/home/sangjun/gcamp_ros2_ws/install/py_first_pkg:/home/sangjun/gcamp_ros2_ws/install/py_action_pkg:/opt/ros/foxy LD_LIBRARY_PATH=/home/sangjun/joy_ws/install/tutorial_interfaces/lib:/home/sangjun/gcamp_ros2_ws/install/openslam_gmapping/lib:/home/sangjun/gcamp_ros2_ws/install/custom_interfaces/lib:/usr/lib/x86_64-linux-gnu/gazebo-11/plugins:/opt/ros/foxy/opt/yaml_cpp_vendor/lib:/opt/ros/foxy/opt/rviz_ogre_vendor/lib:/opt/ros/foxy/lib/x86_64-linux-gnu:/opt/ros/foxy/lib:/raisim/linux/lib PYTHONPATH=/home/sangjun/joy_ws/install/tutorial_interfaces/lib/python3.8/site-packages:/home/sangjun/gcamp_ros2_ws/build/py_topic_pkg:/home/sangjun/gcamp_ros2_ws/install/py_topic_pkg/lib/python3.8/site-packages:/home/sangjun/gcamp_ros2_ws/build/py_service_pkg:/home/sangjun/gcamp_ros2_ws/install/py_service_pkg/lib/python3.8/site-packages:/home/sangjun/gcamp_ros2_ws/build/py_first_pkg:/home/sangjun/gcamp_ros2_ws/install/py_first_pkg/lib/python3.8/site-packages:/home/sangjun/gcamp_ros2_ws/build/py_action_pkg:/home/sangjun/gcamp_ros2_ws/install/py_action_pkg/lib/python3.8/site-packages:/home/sangjun/gcamp_ros2_ws/install/custom_interfaces/lib/python3.8/site-packages:/opt/ros/foxy/lib/python3.8/site-packages:/raisim/linux/lib /usr/local/bin/cmake --install /home/sangjun/joy_ws/build/joyst_package
[7.958s] Level 1:colcon.colcon_core.environment:checking '/home/sangjun/joy_ws/install/joyst_package' for CMake config files
[7.959s] Level 1:colcon.colcon_core.shell:create_environment_hook('joyst_package', 'cmake_prefix_path')
[7.960s] INFO:colcon.colcon_core.shell:Creating environment hook '/home/sangjun/joy_ws/install/joyst_package/share/joyst_package/hook/cmake_prefix_path.ps1'
[7.961s] INFO:colcon.colcon_core.shell:Creating environment descriptor '/home/sangjun/joy_ws/install/joyst_package/share/joyst_package/hook/cmake_prefix_path.dsv'
[7.961s] INFO:colcon.colcon_core.shell:Creating environment hook '/home/sangjun/joy_ws/install/joyst_package/share/joyst_package/hook/cmake_prefix_path.sh'
[7.961s] Level 1:colcon.colcon_core.environment:checking '/home/sangjun/joy_ws/install/joyst_package/lib'
[7.962s] Level 1:colcon.colcon_core.environment:checking '/home/sangjun/joy_ws/install/joyst_package/bin'
[7.962s] Level 1:colcon.colcon_core.environment:checking '/home/sangjun/joy_ws/install/joyst_package/lib/pkgconfig/joyst_package.pc'
[7.962s] Level 1:colcon.colcon_core.environment:checking '/home/sangjun/joy_ws/install/joyst_package/lib/python3.8/site-packages'
[7.962s] Level 1:colcon.colcon_core.environment:checking '/home/sangjun/joy_ws/install/joyst_package/bin'
[7.964s] INFO:colcon.colcon_core.shell:Creating package script '/home/sangjun/joy_ws/install/joyst_package/share/joyst_package/package.ps1'
[7.964s] INFO:colcon.colcon_core.shell:Creating package descriptor '/home/sangjun/joy_ws/install/joyst_package/share/joyst_package/package.dsv'
[7.964s] INFO:colcon.colcon_core.shell:Creating package script '/home/sangjun/joy_ws/install/joyst_package/share/joyst_package/package.sh'
[7.965s] INFO:colcon.colcon_core.shell:Creating package script '/home/sangjun/joy_ws/install/joyst_package/share/joyst_package/package.bash'
[7.965s] INFO:colcon.colcon_core.shell:Creating package script '/home/sangjun/joy_ws/install/joyst_package/share/joyst_package/package.zsh'
[7.965s] Level 1:colcon.colcon_core.environment:create_file_with_runtime_dependencies(/home/sangjun/joy_ws/install/joyst_package/share/colcon-core/packages/joyst_package)
[7.986s] Level 1:colcon.colcon_core.environment:create_environment_scripts_only(joyst_package)
[7.989s] Level 1:colcon.colcon_core.environment:checking '/home/sangjun/joy_ws/install/joyst_package' for CMake module files
[7.990s] Level 1:colcon.colcon_core.environment:checking '/home/sangjun/joy_ws/install/joyst_package' for CMake config files
[7.990s] Level 1:colcon.colcon_core.shell:create_environment_hook('joyst_package', 'cmake_prefix_path')
[7.993s] INFO:colcon.colcon_core.shell:Creating environment hook '/home/sangjun/joy_ws/install/joyst_package/share/joyst_package/hook/cmake_prefix_path.ps1'
[7.993s] INFO:colcon.colcon_core.shell:Creating environment descriptor '/home/sangjun/joy_ws/install/joyst_package/share/joyst_package/hook/cmake_prefix_path.dsv'
[7.993s] INFO:colcon.colcon_core.shell:Creating environment hook '/home/sangjun/joy_ws/install/joyst_package/share/joyst_package/hook/cmake_prefix_path.sh'
[7.994s] Level 1:colcon.colcon_core.environment:checking '/home/sangjun/joy_ws/install/joyst_package/lib'
[7.994s] Level 1:colcon.colcon_core.environment:checking '/home/sangjun/joy_ws/install/joyst_package/bin'
[7.994s] Level 1:colcon.colcon_core.environment:checking '/home/sangjun/joy_ws/install/joyst_package/lib/pkgconfig/joyst_package.pc'
[7.994s] Level 1:colcon.colcon_core.environment:checking '/home/sangjun/joy_ws/install/joyst_package/lib/python3.8/site-packages'
[7.994s] Level 1:colcon.colcon_core.environment:checking '/home/sangjun/joy_ws/install/joyst_package/bin'
[7.995s] INFO:colcon.colcon_core.shell:Creating package script '/home/sangjun/joy_ws/install/joyst_package/share/joyst_package/package.ps1'
[7.996s] INFO:colcon.colcon_core.shell:Creating package descriptor '/home/sangjun/joy_ws/install/joyst_package/share/joyst_package/package.dsv'
[7.996s] INFO:colcon.colcon_core.shell:Creating package script '/home/sangjun/joy_ws/install/joyst_package/share/joyst_package/package.sh'
[7.996s] INFO:colcon.colcon_core.shell:Creating package script '/home/sangjun/joy_ws/install/joyst_package/share/joyst_package/package.bash'
[7.997s] INFO:colcon.colcon_core.shell:Creating package script '/home/sangjun/joy_ws/install/joyst_package/share/joyst_package/package.zsh'
[7.997s] Level 1:colcon.colcon_core.environment:create_file_with_runtime_dependencies(/home/sangjun/joy_ws/install/joyst_package/share/colcon-core/packages/joyst_package)
[7.997s] DEBUG:colcon.colcon_parallel_executor.executor.parallel:closing loop
[7.997s] DEBUG:colcon.colcon_parallel_executor.executor.parallel:loop closed
[7.998s] DEBUG:colcon.colcon_parallel_executor.executor.parallel:run_until_complete finished with '0'
[7.998s] DEBUG:colcon.colcon_core.event_reactor:joining thread
[8.024s] INFO:colcon.colcon_core.plugin_system:Skipping extension 'colcon_notification.desktop_notification.terminal_notifier': Not used on non-Darwin systems
[8.024s] INFO:colcon.colcon_core.plugin_system:Skipping extension 'colcon_notification.desktop_notification.win32': Not used on non-Windows systems
[8.024s] INFO:colcon.colcon_notification.desktop_notification:Sending desktop notification using 'notify2'
[8.045s] DEBUG:colcon.colcon_core.event_reactor:joined thread
[8.047s] INFO:colcon.colcon_core.shell:Creating prefix script '/home/sangjun/joy_ws/install/local_setup.ps1'
[8.067s] INFO:colcon.colcon_core.shell:Creating prefix util module '/home/sangjun/joy_ws/install/_local_setup_util_ps1.py'
[8.106s] INFO:colcon.colcon_core.shell:Creating prefix chain script '/home/sangjun/joy_ws/install/setup.ps1'
[8.109s] INFO:colcon.colcon_core.shell:Creating prefix script '/home/sangjun/joy_ws/install/local_setup.sh'
[8.110s] INFO:colcon.colcon_core.shell:Creating prefix util module '/home/sangjun/joy_ws/install/_local_setup_util_sh.py'
[8.111s] INFO:colcon.colcon_core.shell:Creating prefix chain script '/home/sangjun/joy_ws/install/setup.sh'
[8.112s] INFO:colcon.colcon_core.shell:Creating prefix script '/home/sangjun/joy_ws/install/local_setup.bash'
[8.121s] INFO:colcon.colcon_core.shell:Creating prefix chain script '/home/sangjun/joy_ws/install/setup.bash'
[8.124s] INFO:colcon.colcon_core.shell:Creating prefix script '/home/sangjun/joy_ws/install/local_setup.zsh'
[8.136s] INFO:colcon.colcon_core.shell:Creating prefix chain script '/home/sangjun/joy_ws/install/setup.zsh'
