[0.096s] DEBUG:colcon:Command line arguments: ['/usr/bin/colcon', 'build', '--symlink-install']
[0.096s] DEBUG:colcon:Parsed command line arguments: Namespace(allow_overriding=[], ament_cmake_args=None, base_paths=['.'], build_base='build', catkin_cmake_args=None, catkin_skip_building_tests=False, cmake_args=None, cmake_clean_cache=False, cmake_clean_first=False, cmake_force_configure=False, cmake_target=None, cmake_target_skip_unavailable=False, continue_on_error=False, event_handlers=None, executor='parallel', ignore_user_meta=False, install_base='install', log_base=None, log_level=None, main=<bound method BuildVerb.main of <colcon_core.verb.build.BuildVerb object at 0x7f701f022400>>, merge_install=False, metas=['./colcon.meta'], packages_above=None, packages_above_and_dependencies=None, packages_above_depth=None, packages_end=None, packages_ignore=None, packages_ignore_regex=None, packages_select=None, packages_select_build_failed=False, packages_select_by_dep=None, packages_select_regex=None, packages_select_test_failures=False, packages_skip=None, packages_skip_build_finished=False, packages_skip_by_dep=None, packages_skip_regex=None, packages_skip_test_passed=False, packages_skip_up_to=None, packages_start=None, packages_up_to=None, packages_up_to_regex=None, parallel_workers=8, paths=None, symlink_install=True, test_result_base=None, verb_extension=<colcon_core.verb.build.BuildVerb object at 0x7f701f022400>, verb_name='build', verb_parser=<colcon_defaults.argument_parser.defaults.DefaultArgumentsDecorator object at 0x7f701f022940>)
[0.111s] Level 1:colcon.colcon_core.package_discovery:discover_packages(colcon_meta) check parameters
[0.111s] Level 1:colcon.colcon_core.package_discovery:discover_packages(recursive) check parameters
[0.111s] Level 1:colcon.colcon_core.package_discovery:discover_packages(ignore) check parameters
[0.111s] Level 1:colcon.colcon_core.package_discovery:discover_packages(path) check parameters
[0.111s] Level 1:colcon.colcon_core.package_discovery:discover_packages(colcon_meta) discover
[0.111s] Level 1:colcon.colcon_core.package_discovery:discover_packages(recursive) discover
[0.111s] INFO:colcon.colcon_core.package_discovery:Crawling recursively for packages in '/home/sangjun/joy_ws'
[0.111s] Level 1:colcon.colcon_core.package_identification:_identify(.) by extensions ['ignore', 'ignore_ament_install']
[0.111s] Level 1:colcon.colcon_core.package_identification:_identify(.) by extension 'ignore'
[0.111s] Level 1:colcon.colcon_core.package_identification:_identify(.) by extension 'ignore_ament_install'
[0.111s] Level 1:colcon.colcon_core.package_identification:_identify(.) by extensions ['colcon_pkg']
[0.111s] Level 1:colcon.colcon_core.package_identification:_identify(.) by extension 'colcon_pkg'
[0.111s] Level 1:colcon.colcon_core.package_identification:_identify(.) by extensions ['colcon_meta']
[0.111s] Level 1:colcon.colcon_core.package_identification:_identify(.) by extension 'colcon_meta'
[0.111s] Level 1:colcon.colcon_core.package_identification:_identify(.) by extensions ['ros']
[0.111s] Level 1:colcon.colcon_core.package_identification:_identify(.) by extension 'ros'
[0.118s] Level 1:colcon.colcon_core.package_identification:_identify(.) by extensions ['cmake', 'python']
[0.118s] Level 1:colcon.colcon_core.package_identification:_identify(.) by extension 'cmake'
[0.118s] Level 1:colcon.colcon_core.package_identification:_identify(.) by extension 'python'
[0.118s] Level 1:colcon.colcon_core.package_identification:_identify(.) by extensions ['python_setup_py']
[0.118s] Level 1:colcon.colcon_core.package_identification:_identify(.) by extension 'python_setup_py'
[0.118s] Level 1:colcon.colcon_core.package_identification:_identify(build) by extensions ['ignore', 'ignore_ament_install']
[0.118s] Level 1:colcon.colcon_core.package_identification:_identify(build) by extension 'ignore'
[0.118s] Level 1:colcon.colcon_core.package_identification:_identify(build) ignored
[0.119s] Level 1:colcon.colcon_core.package_identification:_identify(install) by extensions ['ignore', 'ignore_ament_install']
[0.119s] Level 1:colcon.colcon_core.package_identification:_identify(install) by extension 'ignore'
[0.119s] Level 1:colcon.colcon_core.package_identification:_identify(install) ignored
[0.119s] Level 1:colcon.colcon_core.package_identification:_identify(log) by extensions ['ignore', 'ignore_ament_install']
[0.119s] Level 1:colcon.colcon_core.package_identification:_identify(log) by extension 'ignore'
[0.119s] Level 1:colcon.colcon_core.package_identification:_identify(log) ignored
[0.119s] Level 1:colcon.colcon_core.package_identification:_identify(src) by extensions ['ignore', 'ignore_ament_install']
[0.119s] Level 1:colcon.colcon_core.package_identification:_identify(src) by extension 'ignore'
[0.119s] Level 1:colcon.colcon_core.package_identification:_identify(src) by extension 'ignore_ament_install'
[0.119s] Level 1:colcon.colcon_core.package_identification:_identify(src) by extensions ['colcon_pkg']
[0.119s] Level 1:colcon.colcon_core.package_identification:_identify(src) by extension 'colcon_pkg'
[0.119s] Level 1:colcon.colcon_core.package_identification:_identify(src) by extensions ['colcon_meta']
[0.119s] Level 1:colcon.colcon_core.package_identification:_identify(src) by extension 'colcon_meta'
[0.119s] Level 1:colcon.colcon_core.package_identification:_identify(src) by extensions ['ros']
[0.119s] Level 1:colcon.colcon_core.package_identification:_identify(src) by extension 'ros'
[0.119s] Level 1:colcon.colcon_core.package_identification:_identify(src) by extensions ['cmake', 'python']
[0.119s] Level 1:colcon.colcon_core.package_identification:_identify(src) by extension 'cmake'
[0.119s] Level 1:colcon.colcon_core.package_identification:_identify(src) by extension 'python'
[0.119s] Level 1:colcon.colcon_core.package_identification:_identify(src) by extensions ['python_setup_py']
[0.119s] Level 1:colcon.colcon_core.package_identification:_identify(src) by extension 'python_setup_py'
[0.119s] Level 1:colcon.colcon_core.package_identification:_identify(src/joyst_package) by extensions ['ignore', 'ignore_ament_install']
[0.119s] Level 1:colcon.colcon_core.package_identification:_identify(src/joyst_package) by extension 'ignore'
[0.119s] Level 1:colcon.colcon_core.package_identification:_identify(src/joyst_package) by extension 'ignore_ament_install'
[0.119s] Level 1:colcon.colcon_core.package_identification:_identify(src/joyst_package) by extensions ['colcon_pkg']
[0.119s] Level 1:colcon.colcon_core.package_identification:_identify(src/joyst_package) by extension 'colcon_pkg'
[0.120s] Level 1:colcon.colcon_core.package_identification:_identify(src/joyst_package) by extensions ['colcon_meta']
[0.120s] Level 1:colcon.colcon_core.package_identification:_identify(src/joyst_package) by extension 'colcon_meta'
[0.120s] Level 1:colcon.colcon_core.package_identification:_identify(src/joyst_package) by extensions ['ros']
[0.120s] Level 1:colcon.colcon_core.package_identification:_identify(src/joyst_package) by extension 'ros'
[0.121s] DEBUG:colcon.colcon_core.package_identification:Package 'src/joyst_package' with type 'ros.ament_cmake' and name 'joyst_package'
[0.121s] Level 1:colcon.colcon_core.package_identification:_identify(src/tutorial_interfaces) by extensions ['ignore', 'ignore_ament_install']
[0.121s] Level 1:colcon.colcon_core.package_identification:_identify(src/tutorial_interfaces) by extension 'ignore'
[0.121s] Level 1:colcon.colcon_core.package_identification:_identify(src/tutorial_interfaces) by extension 'ignore_ament_install'
[0.121s] Level 1:colcon.colcon_core.package_identification:_identify(src/tutorial_interfaces) by extensions ['colcon_pkg']
[0.122s] Level 1:colcon.colcon_core.package_identification:_identify(src/tutorial_interfaces) by extension 'colcon_pkg'
[0.122s] Level 1:colcon.colcon_core.package_identification:_identify(src/tutorial_interfaces) by extensions ['colcon_meta']
[0.122s] Level 1:colcon.colcon_core.package_identification:_identify(src/tutorial_interfaces) by extension 'colcon_meta'
[0.122s] Level 1:colcon.colcon_core.package_identification:_identify(src/tutorial_interfaces) by extensions ['ros']
[0.122s] Level 1:colcon.colcon_core.package_identification:_identify(src/tutorial_interfaces) by extension 'ros'
[0.122s] DEBUG:colcon.colcon_core.package_identification:Package 'src/tutorial_interfaces' with type 'ros.ament_cmake' and name 'tutorial_interfaces'
[0.122s] Level 1:colcon.colcon_core.package_discovery:discover_packages(recursive) using defaults
[0.122s] Level 1:colcon.colcon_core.package_discovery:discover_packages(ignore) discover
[0.122s] Level 1:colcon.colcon_core.package_discovery:discover_packages(ignore) using defaults
[0.122s] Level 1:colcon.colcon_core.package_discovery:discover_packages(path) discover
[0.122s] Level 1:colcon.colcon_core.package_discovery:discover_packages(path) using defaults
[0.141s] Level 1:colcon.colcon_core.package_discovery:discover_packages(prefix_path) check parameters
[0.141s] Level 1:colcon.colcon_core.package_discovery:discover_packages(prefix_path) discover
[0.142s] Level 1:colcon.colcon_core.package_discovery:discover_packages(prefix_path) using defaults
[0.143s] Level 5:colcon.colcon_core.verb:set package 'tutorial_interfaces' build argument 'cmake_args' from command line to 'None'
[0.143s] Level 5:colcon.colcon_core.verb:set package 'tutorial_interfaces' build argument 'cmake_target' from command line to 'None'
[0.143s] Level 5:colcon.colcon_core.verb:set package 'tutorial_interfaces' build argument 'cmake_target_skip_unavailable' from command line to 'False'
[0.143s] Level 5:colcon.colcon_core.verb:set package 'tutorial_interfaces' build argument 'cmake_clean_cache' from command line to 'False'
[0.143s] Level 5:colcon.colcon_core.verb:set package 'tutorial_interfaces' build argument 'cmake_clean_first' from command line to 'False'
[0.143s] Level 5:colcon.colcon_core.verb:set package 'tutorial_interfaces' build argument 'cmake_force_configure' from command line to 'False'
[0.143s] Level 5:colcon.colcon_core.verb:set package 'tutorial_interfaces' build argument 'ament_cmake_args' from command line to 'None'
[0.143s] Level 5:colcon.colcon_core.verb:set package 'tutorial_interfaces' build argument 'catkin_cmake_args' from command line to 'None'
[0.143s] Level 5:colcon.colcon_core.verb:set package 'tutorial_interfaces' build argument 'catkin_skip_building_tests' from command line to 'False'
[0.143s] DEBUG:colcon.colcon_core.verb:Building package 'tutorial_interfaces' with the following arguments: {'ament_cmake_args': None, 'build_base': '/home/sangjun/joy_ws/build/tutorial_interfaces', 'catkin_cmake_args': None, 'catkin_skip_building_tests': False, 'cmake_args': None, 'cmake_clean_cache': False, 'cmake_clean_first': False, 'cmake_force_configure': False, 'cmake_target': None, 'cmake_target_skip_unavailable': False, 'install_base': '/home/sangjun/joy_ws/install/tutorial_interfaces', 'merge_install': False, 'path': '/home/sangjun/joy_ws/src/tutorial_interfaces', 'symlink_install': True, 'test_result_base': None}
[0.143s] Level 5:colcon.colcon_core.verb:set package 'joyst_package' build argument 'cmake_args' from command line to 'None'
[0.144s] Level 5:colcon.colcon_core.verb:set package 'joyst_package' build argument 'cmake_target' from command line to 'None'
[0.144s] Level 5:colcon.colcon_core.verb:set package 'joyst_package' build argument 'cmake_target_skip_unavailable' from command line to 'False'
[0.144s] Level 5:colcon.colcon_core.verb:set package 'joyst_package' build argument 'cmake_clean_cache' from command line to 'False'
[0.144s] Level 5:colcon.colcon_core.verb:set package 'joyst_package' build argument 'cmake_clean_first' from command line to 'False'
[0.144s] Level 5:colcon.colcon_core.verb:set package 'joyst_package' build argument 'cmake_force_configure' from command line to 'False'
[0.144s] Level 5:colcon.colcon_core.verb:set package 'joyst_package' build argument 'ament_cmake_args' from command line to 'None'
[0.144s] Level 5:colcon.colcon_core.verb:set package 'joyst_package' build argument 'catkin_cmake_args' from command line to 'None'
[0.144s] Level 5:colcon.colcon_core.verb:set package 'joyst_package' build argument 'catkin_skip_building_tests' from command line to 'False'
[0.144s] DEBUG:colcon.colcon_core.verb:Building package 'joyst_package' with the following arguments: {'ament_cmake_args': None, 'build_base': '/home/sangjun/joy_ws/build/joyst_package', 'catkin_cmake_args': None, 'catkin_skip_building_tests': False, 'cmake_args': None, 'cmake_clean_cache': False, 'cmake_clean_first': False, 'cmake_force_configure': False, 'cmake_target': None, 'cmake_target_skip_unavailable': False, 'install_base': '/home/sangjun/joy_ws/install/joyst_package', 'merge_install': False, 'path': '/home/sangjun/joy_ws/src/joyst_package', 'symlink_install': True, 'test_result_base': None}
[0.144s] INFO:colcon.colcon_core.executor:Executing jobs using 'parallel' executor
[0.146s] DEBUG:colcon.colcon_parallel_executor.executor.parallel:run_until_complete
[0.147s] INFO:colcon.colcon_ros.task.ament_cmake.build:Building ROS package in '/home/sangjun/joy_ws/src/tutorial_interfaces' with build type 'ament_cmake'
[0.147s] INFO:colcon.colcon_cmake.task.cmake.build:Building CMake package in '/home/sangjun/joy_ws/src/tutorial_interfaces'
[0.149s] INFO:colcon.colcon_core.plugin_system:Skipping extension 'colcon_core.shell.bat': Not used on non-Windows systems
[0.149s] INFO:colcon.colcon_core.shell:Skip shell extension 'powershell' for command environment: Not usable outside of PowerShell
[0.150s] DEBUG:colcon.colcon_core.shell:Skip shell extension 'dsv' for command environment
[0.157s] DEBUG:colcon.colcon_core.event_handler.log_command:Invoking command in '/home/sangjun/joy_ws/build/tutorial_interfaces': /usr/local/bin/cmake --build /home/sangjun/joy_ws/build/tutorial_interfaces -- -j8 -l8
[0.234s] DEBUG:colcon.colcon_core.event_handler.log_command:Invoked command in '/home/sangjun/joy_ws/build/tutorial_interfaces' returned '0': /usr/local/bin/cmake --build /home/sangjun/joy_ws/build/tutorial_interfaces -- -j8 -l8
[0.262s] DEBUG:colcon.colcon_core.event_handler.log_command:Invoking command in '/home/sangjun/joy_ws/build/tutorial_interfaces': /usr/local/bin/cmake --install /home/sangjun/joy_ws/build/tutorial_interfaces
[0.308s] Level 1:colcon.colcon_core.environment:create_environment_scripts_only(tutorial_interfaces)
[0.309s] DEBUG:colcon.colcon_core.event_handler.log_command:Invoked command in '/home/sangjun/joy_ws/build/tutorial_interfaces' returned '0': /usr/local/bin/cmake --install /home/sangjun/joy_ws/build/tutorial_interfaces
[0.315s] Level 1:colcon.colcon_core.environment:checking '/home/sangjun/joy_ws/install/tutorial_interfaces' for CMake module files
[0.316s] Level 1:colcon.colcon_core.environment:checking '/home/sangjun/joy_ws/install/tutorial_interfaces' for CMake config files
[0.316s] Level 1:colcon.colcon_core.shell:create_environment_hook('tutorial_interfaces', 'cmake_prefix_path')
[0.317s] INFO:colcon.colcon_core.shell:Creating environment hook '/home/sangjun/joy_ws/install/tutorial_interfaces/share/tutorial_interfaces/hook/cmake_prefix_path.ps1'
[0.318s] INFO:colcon.colcon_core.shell:Creating environment descriptor '/home/sangjun/joy_ws/install/tutorial_interfaces/share/tutorial_interfaces/hook/cmake_prefix_path.dsv'
[0.319s] INFO:colcon.colcon_core.shell:Creating environment hook '/home/sangjun/joy_ws/install/tutorial_interfaces/share/tutorial_interfaces/hook/cmake_prefix_path.sh'
[0.319s] Level 1:colcon.colcon_core.environment:checking '/home/sangjun/joy_ws/install/tutorial_interfaces/lib'
[0.320s] Level 1:colcon.colcon_core.shell:create_environment_hook('tutorial_interfaces', 'ld_library_path_lib')
[0.321s] INFO:colcon.colcon_core.shell:Creating environment hook '/home/sangjun/joy_ws/install/tutorial_interfaces/share/tutorial_interfaces/hook/ld_library_path_lib.ps1'
[0.321s] INFO:colcon.colcon_core.shell:Creating environment descriptor '/home/sangjun/joy_ws/install/tutorial_interfaces/share/tutorial_interfaces/hook/ld_library_path_lib.dsv'
[0.322s] INFO:colcon.colcon_core.shell:Creating environment hook '/home/sangjun/joy_ws/install/tutorial_interfaces/share/tutorial_interfaces/hook/ld_library_path_lib.sh'
[0.322s] Level 1:colcon.colcon_core.environment:checking '/home/sangjun/joy_ws/install/tutorial_interfaces/bin'
[0.322s] Level 1:colcon.colcon_core.environment:checking '/home/sangjun/joy_ws/install/tutorial_interfaces/lib/pkgconfig/tutorial_interfaces.pc'
[0.323s] Level 1:colcon.colcon_core.environment:checking '/home/sangjun/joy_ws/install/tutorial_interfaces/lib/python3.8/site-packages'
[0.323s] Level 1:colcon.colcon_core.shell:create_environment_hook('tutorial_interfaces', 'pythonpath')
[0.324s] INFO:colcon.colcon_core.shell:Creating environment hook '/home/sangjun/joy_ws/install/tutorial_interfaces/share/tutorial_interfaces/hook/pythonpath.ps1'
[0.324s] INFO:colcon.colcon_core.shell:Creating environment descriptor '/home/sangjun/joy_ws/install/tutorial_interfaces/share/tutorial_interfaces/hook/pythonpath.dsv'
[0.325s] INFO:colcon.colcon_core.shell:Creating environment hook '/home/sangjun/joy_ws/install/tutorial_interfaces/share/tutorial_interfaces/hook/pythonpath.sh'
[0.325s] Level 1:colcon.colcon_core.environment:checking '/home/sangjun/joy_ws/install/tutorial_interfaces/bin'
[0.327s] INFO:colcon.colcon_core.shell:Creating package script '/home/sangjun/joy_ws/install/tutorial_interfaces/share/tutorial_interfaces/package.ps1'
[0.328s] INFO:colcon.colcon_core.shell:Creating package descriptor '/home/sangjun/joy_ws/install/tutorial_interfaces/share/tutorial_interfaces/package.dsv'
[0.328s] INFO:colcon.colcon_core.shell:Creating package script '/home/sangjun/joy_ws/install/tutorial_interfaces/share/tutorial_interfaces/package.sh'
[0.329s] INFO:colcon.colcon_core.shell:Creating package script '/home/sangjun/joy_ws/install/tutorial_interfaces/share/tutorial_interfaces/package.bash'
[0.329s] INFO:colcon.colcon_core.shell:Creating package script '/home/sangjun/joy_ws/install/tutorial_interfaces/share/tutorial_interfaces/package.zsh'
[0.329s] Level 1:colcon.colcon_core.environment:create_file_with_runtime_dependencies(/home/sangjun/joy_ws/install/tutorial_interfaces/share/colcon-core/packages/tutorial_interfaces)
[0.363s] Level 1:colcon.colcon_core.environment:create_environment_scripts_only(tutorial_interfaces)
[0.365s] Level 1:colcon.colcon_core.environment:checking '/home/sangjun/joy_ws/install/tutorial_interfaces' for CMake module files
[0.366s] Level 1:colcon.colcon_core.environment:checking '/home/sangjun/joy_ws/install/tutorial_interfaces' for CMake config files
[0.366s] Level 1:colcon.colcon_core.shell:create_environment_hook('tutorial_interfaces', 'cmake_prefix_path')
[0.368s] INFO:colcon.colcon_core.shell:Creating environment hook '/home/sangjun/joy_ws/install/tutorial_interfaces/share/tutorial_interfaces/hook/cmake_prefix_path.ps1'
[0.368s] INFO:colcon.colcon_core.shell:Creating environment descriptor '/home/sangjun/joy_ws/install/tutorial_interfaces/share/tutorial_interfaces/hook/cmake_prefix_path.dsv'
[0.368s] INFO:colcon.colcon_core.shell:Creating environment hook '/home/sangjun/joy_ws/install/tutorial_interfaces/share/tutorial_interfaces/hook/cmake_prefix_path.sh'
[0.369s] Level 1:colcon.colcon_core.environment:checking '/home/sangjun/joy_ws/install/tutorial_interfaces/lib'
[0.369s] Level 1:colcon.colcon_core.shell:create_environment_hook('tutorial_interfaces', 'ld_library_path_lib')
[0.370s] INFO:colcon.colcon_core.shell:Creating environment hook '/home/sangjun/joy_ws/install/tutorial_interfaces/share/tutorial_interfaces/hook/ld_library_path_lib.ps1'
[0.371s] INFO:colcon.colcon_core.shell:Creating environment descriptor '/home/sangjun/joy_ws/install/tutorial_interfaces/share/tutorial_interfaces/hook/ld_library_path_lib.dsv'
[0.371s] INFO:colcon.colcon_core.shell:Creating environment hook '/home/sangjun/joy_ws/install/tutorial_interfaces/share/tutorial_interfaces/hook/ld_library_path_lib.sh'
[0.371s] Level 1:colcon.colcon_core.environment:checking '/home/sangjun/joy_ws/install/tutorial_interfaces/bin'
[0.371s] Level 1:colcon.colcon_core.environment:checking '/home/sangjun/joy_ws/install/tutorial_interfaces/lib/pkgconfig/tutorial_interfaces.pc'
[0.371s] Level 1:colcon.colcon_core.environment:checking '/home/sangjun/joy_ws/install/tutorial_interfaces/lib/python3.8/site-packages'
[0.371s] Level 1:colcon.colcon_core.shell:create_environment_hook('tutorial_interfaces', 'pythonpath')
[0.373s] INFO:colcon.colcon_core.shell:Creating environment hook '/home/sangjun/joy_ws/install/tutorial_interfaces/share/tutorial_interfaces/hook/pythonpath.ps1'
[0.373s] INFO:colcon.colcon_core.shell:Creating environment descriptor '/home/sangjun/joy_ws/install/tutorial_interfaces/share/tutorial_interfaces/hook/pythonpath.dsv'
[0.373s] INFO:colcon.colcon_core.shell:Creating environment hook '/home/sangjun/joy_ws/install/tutorial_interfaces/share/tutorial_interfaces/hook/pythonpath.sh'
[0.374s] Level 1:colcon.colcon_core.environment:checking '/home/sangjun/joy_ws/install/tutorial_interfaces/bin'
[0.375s] INFO:colcon.colcon_core.shell:Creating package script '/home/sangjun/joy_ws/install/tutorial_interfaces/share/tutorial_interfaces/package.ps1'
[0.376s] INFO:colcon.colcon_core.shell:Creating package descriptor '/home/sangjun/joy_ws/install/tutorial_interfaces/share/tutorial_interfaces/package.dsv'
[0.376s] INFO:colcon.colcon_core.shell:Creating package script '/home/sangjun/joy_ws/install/tutorial_interfaces/share/tutorial_interfaces/package.sh'
[0.376s] INFO:colcon.colcon_core.shell:Creating package script '/home/sangjun/joy_ws/install/tutorial_interfaces/share/tutorial_interfaces/package.bash'
[0.377s] INFO:colcon.colcon_core.shell:Creating package script '/home/sangjun/joy_ws/install/tutorial_interfaces/share/tutorial_interfaces/package.zsh'
[0.377s] Level 1:colcon.colcon_core.environment:create_file_with_runtime_dependencies(/home/sangjun/joy_ws/install/tutorial_interfaces/share/colcon-core/packages/tutorial_interfaces)
[0.377s] INFO:colcon.colcon_ros.task.ament_cmake.build:Building ROS package in '/home/sangjun/joy_ws/src/joyst_package' with build type 'ament_cmake'
[0.377s] INFO:colcon.colcon_cmake.task.cmake.build:Building CMake package in '/home/sangjun/joy_ws/src/joyst_package'
[0.378s] INFO:colcon.colcon_core.shell:Skip shell extension 'powershell' for command environment: Not usable outside of PowerShell
[0.378s] DEBUG:colcon.colcon_core.shell:Skip shell extension 'dsv' for command environment
[0.388s] DEBUG:colcon.colcon_core.event_handler.log_command:Invoking command in '/home/sangjun/joy_ws/build/joyst_package': AMENT_PREFIX_PATH=/home/sangjun/joy_ws/install/tutorial_interfaces CMAKE_PREFIX_PATH=/home/sangjun/joy_ws/install/tutorial_interfaces LD_LIBRARY_PATH=/home/sangjun/joy_ws/install/tutorial_interfaces/lib${LD_LIBRARY_PATH} PYTHONPATH=/home/sangjun/joy_ws/install/tutorial_interfaces/lib/python3.8/site-packages${PYTHONPATH} /usr/local/bin/cmake --build /home/sangjun/joy_ws/build/joyst_package -- -j8 -l8
[0.544s] DEBUG:colcon.colcon_core.event_handler.log_command:Invoked command in '/home/sangjun/joy_ws/build/joyst_package' returned '2': AMENT_PREFIX_PATH=/home/sangjun/joy_ws/install/tutorial_interfaces CMAKE_PREFIX_PATH=/home/sangjun/joy_ws/install/tutorial_interfaces LD_LIBRARY_PATH=/home/sangjun/joy_ws/install/tutorial_interfaces/lib${LD_LIBRARY_PATH} PYTHONPATH=/home/sangjun/joy_ws/install/tutorial_interfaces/lib/python3.8/site-packages${PYTHONPATH} /usr/local/bin/cmake --build /home/sangjun/joy_ws/build/joyst_package -- -j8 -l8
[0.562s] Level 1:colcon.colcon_core.environment:create_environment_scripts_only(joyst_package)
[0.564s] Level 1:colcon.colcon_core.environment:checking '/home/sangjun/joy_ws/install/joyst_package' for CMake module files
[0.565s] Level 1:colcon.colcon_core.environment:checking '/home/sangjun/joy_ws/install/joyst_package' for CMake config files
[0.565s] Level 1:colcon.colcon_core.shell:create_environment_hook('joyst_package', 'cmake_prefix_path')
[0.567s] INFO:colcon.colcon_core.shell:Creating environment hook '/home/sangjun/joy_ws/install/joyst_package/share/joyst_package/hook/cmake_prefix_path.ps1'
[0.567s] INFO:colcon.colcon_core.shell:Creating environment descriptor '/home/sangjun/joy_ws/install/joyst_package/share/joyst_package/hook/cmake_prefix_path.dsv'
[0.568s] INFO:colcon.colcon_core.shell:Creating environment hook '/home/sangjun/joy_ws/install/joyst_package/share/joyst_package/hook/cmake_prefix_path.sh'
[0.568s] Level 1:colcon.colcon_core.environment:checking '/home/sangjun/joy_ws/install/joyst_package/lib'
[0.568s] Level 1:colcon.colcon_core.environment:checking '/home/sangjun/joy_ws/install/joyst_package/bin'
[0.568s] Level 1:colcon.colcon_core.environment:checking '/home/sangjun/joy_ws/install/joyst_package/lib/pkgconfig/joyst_package.pc'
[0.569s] Level 1:colcon.colcon_core.environment:checking '/home/sangjun/joy_ws/install/joyst_package/lib/python3.8/site-packages'
[0.569s] Level 1:colcon.colcon_core.environment:checking '/home/sangjun/joy_ws/install/joyst_package/bin'
[0.570s] INFO:colcon.colcon_core.shell:Creating package script '/home/sangjun/joy_ws/install/joyst_package/share/joyst_package/package.ps1'
[0.571s] INFO:colcon.colcon_core.shell:Creating package descriptor '/home/sangjun/joy_ws/install/joyst_package/share/joyst_package/package.dsv'
[0.571s] INFO:colcon.colcon_core.shell:Creating package script '/home/sangjun/joy_ws/install/joyst_package/share/joyst_package/package.sh'
[0.571s] INFO:colcon.colcon_core.shell:Creating package script '/home/sangjun/joy_ws/install/joyst_package/share/joyst_package/package.bash'
[0.572s] INFO:colcon.colcon_core.shell:Creating package script '/home/sangjun/joy_ws/install/joyst_package/share/joyst_package/package.zsh'
[0.572s] Level 1:colcon.colcon_core.environment:create_file_with_runtime_dependencies(/home/sangjun/joy_ws/install/joyst_package/share/colcon-core/packages/joyst_package)
[0.583s] DEBUG:colcon.colcon_parallel_executor.executor.parallel:closing loop
[0.583s] DEBUG:colcon.colcon_parallel_executor.executor.parallel:loop closed
[0.583s] DEBUG:colcon.colcon_parallel_executor.executor.parallel:run_until_complete finished with '2'
[0.583s] DEBUG:colcon.colcon_core.event_reactor:joining thread
[0.589s] INFO:colcon.colcon_core.plugin_system:Skipping extension 'colcon_notification.desktop_notification.terminal_notifier': Not used on non-Darwin systems
[0.589s] INFO:colcon.colcon_core.plugin_system:Skipping extension 'colcon_notification.desktop_notification.win32': Not used on non-Windows systems
[0.589s] INFO:colcon.colcon_notification.desktop_notification:Sending desktop notification using 'notify2'
[0.601s] DEBUG:colcon.colcon_core.event_reactor:joined thread
[0.603s] INFO:colcon.colcon_core.shell:Creating prefix script '/home/sangjun/joy_ws/install/local_setup.ps1'
[0.604s] INFO:colcon.colcon_core.shell:Creating prefix util module '/home/sangjun/joy_ws/install/_local_setup_util_ps1.py'
[0.606s] INFO:colcon.colcon_core.shell:Creating prefix chain script '/home/sangjun/joy_ws/install/setup.ps1'
[0.608s] INFO:colcon.colcon_core.shell:Creating prefix script '/home/sangjun/joy_ws/install/local_setup.sh'
[0.608s] INFO:colcon.colcon_core.shell:Creating prefix util module '/home/sangjun/joy_ws/install/_local_setup_util_sh.py'
[0.609s] INFO:colcon.colcon_core.shell:Creating prefix chain script '/home/sangjun/joy_ws/install/setup.sh'
[0.610s] INFO:colcon.colcon_core.shell:Creating prefix script '/home/sangjun/joy_ws/install/local_setup.bash'
[0.611s] INFO:colcon.colcon_core.shell:Creating prefix chain script '/home/sangjun/joy_ws/install/setup.bash'
[0.612s] INFO:colcon.colcon_core.shell:Creating prefix script '/home/sangjun/joy_ws/install/local_setup.zsh'
[0.613s] INFO:colcon.colcon_core.shell:Creating prefix chain script '/home/sangjun/joy_ws/install/setup.zsh'
