-- Found ament_cmake: 0.9.11 (/opt/ros/foxy/share/ament_cmake/cmake)
-- Using PYTHON_EXECUTABLE: /usr/bin/python3
-- Override CMake install command with custom implementation using symlinks instead of copying resources
-- Found rclcpp: 2.4.2 (/opt/ros/foxy/share/rclcpp/cmake)
-- Using all available rosidl_typesupport_c: rosidl_typesupport_fastrtps_c;rosidl_typesupport_introspection_c
-- Found rosidl_adapter: 1.3.0 (/opt/ros/foxy/share/rosidl_adapter/cmake)
-- Using all available rosidl_typesupport_cpp: rosidl_typesupport_fastrtps_cpp;rosidl_typesupport_introspection_cpp
-- Found rmw_implementation_cmake: 1.0.3 (/opt/ros/foxy/share/rmw_implementation_cmake/cmake)
-- Using RMW implementation 'rmw_fastrtps_cpp' as default
-- Found sensor_msgs: 2.0.5 (/opt/ros/foxy/share/sensor_msgs/cmake)
-- Found tutorial_interfaces: 0.0.0 (/home/sangjun/joy_ws/install/tutorial_interfaces/share/tutorial_interfaces/cmake)
-- Found ament_lint_auto: 0.9.7 (/opt/ros/foxy/share/ament_lint_auto/cmake)
-- Added test 'copyright' to check source files copyright and LICENSE
-- Added test 'cppcheck' to perform static code analysis on C / C++ code
-- Configured cppcheck include dirs: 
-- Configured cppcheck exclude dirs and/or files: 
-- Added test 'cpplint' to check C / C++ code against the Google style
-- Configured cpplint exclude dirs and/or files: 
-- Added test 'lint_cmake' to check CMake code style
-- Added test 'uncrustify' to check C / C++ code style
-- Configured uncrustify additional arguments: 
-- Added test 'xmllint' to check XML markup files
-- Configuring done
-- Generating done
-- Build files have been written to: /home/sangjun/joy_ws/build/joyst_package
[100%] Built target joyst_node
-- Install configuration: ""
-- Execute custom install script
-- Up-to-date symlink: /home/sangjun/joy_ws/install/joyst_package/lib/joyst_package/joyst_node
-- Up-to-date symlink: /home/sangjun/joy_ws/install/joyst_package/share/ament_index/resource_index/package_run_dependencies/joyst_package
-- Up-to-date symlink: /home/sangjun/joy_ws/install/joyst_package/share/ament_index/resource_index/parent_prefix_path/joyst_package
-- Up-to-date symlink: /home/sangjun/joy_ws/install/joyst_package/share/joyst_package/environment/ament_prefix_path.sh
-- Up-to-date symlink: /home/sangjun/joy_ws/install/joyst_package/share/joyst_package/environment/ament_prefix_path.dsv
-- Up-to-date symlink: /home/sangjun/joy_ws/install/joyst_package/share/joyst_package/environment/path.sh
-- Up-to-date symlink: /home/sangjun/joy_ws/install/joyst_package/share/joyst_package/environment/path.dsv
-- Up-to-date symlink: /home/sangjun/joy_ws/install/joyst_package/share/joyst_package/local_setup.bash
-- Up-to-date symlink: /home/sangjun/joy_ws/install/joyst_package/share/joyst_package/local_setup.sh
-- Up-to-date symlink: /home/sangjun/joy_ws/install/joyst_package/share/joyst_package/local_setup.zsh
-- Up-to-date symlink: /home/sangjun/joy_ws/install/joyst_package/share/joyst_package/local_setup.dsv
-- Symlinking: /home/sangjun/joy_ws/install/joyst_package/share/joyst_package/package.dsv
-- Up-to-date symlink: /home/sangjun/joy_ws/install/joyst_package/share/ament_index/resource_index/packages/joyst_package
-- Up-to-date symlink: /home/sangjun/joy_ws/install/joyst_package/share/joyst_package/cmake/joyst_packageConfig.cmake
-- Up-to-date symlink: /home/sangjun/joy_ws/install/joyst_package/share/joyst_package/cmake/joyst_packageConfig-version.cmake
-- Up-to-date symlink: /home/sangjun/joy_ws/install/joyst_package/share/joyst_package/package.xml
