[0.013s] Invoking command in '/home/sangjun/joy_ws/build/joyst_package': CMAKE_PREFIX_PATH=/home/sangjun/joy_ws/install/tutorial_interfaces:/home/sangjun/joy_ws/install/joyst_package:/home/sangjun/gcamp_ros2_ws/install/slam_gmapping:/home/sangjun/gcamp_ros2_ws/install/openslam_gmapping:/home/sangjun/gcamp_ros2_ws/install/gcamp_gazebo:/home/sangjun/gcamp_ros2_ws/install/cpp_service_pkg:/home/sangjun/gcamp_ros2_ws/install/cpp_action_pkg:/home/sangjun/gcamp_ros2_ws/install/custom_interfaces:/home/sangjun/gcamp_ros2_ws/install/cpp_topic_pkg:/home/sangjun/gcamp_ros2_ws/install/cpp_service_tutorial:/home/sangjun/gcamp_ros2_ws/install/cpp_param_pkg:/home/sangjun/gcamp_ros2_ws/install/cpp_first_pkg:/home/sangjun/gcamp_ros2_ws/install/py_topic_pkg:/home/sangjun/gcamp_ros2_ws/install/py_service_pkg:/home/sangjun/gcamp_ros2_ws/install/py_first_pkg:/home/sangjun/gcamp_ros2_ws/install/py_action_pkg:/opt/ros/foxy LD_LIBRARY_PATH=/home/sangjun/joy_ws/install/tutorial_interfaces/lib:/home/sangjun/gcamp_ros2_ws/install/openslam_gmapping/lib:/home/sangjun/gcamp_ros2_ws/install/custom_interfaces/lib:/usr/lib/x86_64-linux-gnu/gazebo-11/plugins:/opt/ros/foxy/opt/yaml_cpp_vendor/lib:/opt/ros/foxy/opt/rviz_ogre_vendor/lib:/opt/ros/foxy/lib/x86_64-linux-gnu:/opt/ros/foxy/lib:/raisim/linux/lib PYTHONPATH=/home/sangjun/joy_ws/install/tutorial_interfaces/lib/python3.8/site-packages:/home/sangjun/gcamp_ros2_ws/build/py_topic_pkg:/home/sangjun/gcamp_ros2_ws/install/py_topic_pkg/lib/python3.8/site-packages:/home/sangjun/gcamp_ros2_ws/build/py_service_pkg:/home/sangjun/gcamp_ros2_ws/install/py_service_pkg/lib/python3.8/site-packages:/home/sangjun/gcamp_ros2_ws/build/py_first_pkg:/home/sangjun/gcamp_ros2_ws/install/py_first_pkg/lib/python3.8/site-packages:/home/sangjun/gcamp_ros2_ws/build/py_action_pkg:/home/sangjun/gcamp_ros2_ws/install/py_action_pkg/lib/python3.8/site-packages:/home/sangjun/gcamp_ros2_ws/install/custom_interfaces/lib/python3.8/site-packages:/opt/ros/foxy/lib/python3.8/site-packages:/raisim/linux/lib /usr/local/bin/cmake --build /home/sangjun/joy_ws/build/joyst_package -- -j8 -l8
[0.028s] -- Found ament_cmake: 0.9.11 (/opt/ros/foxy/share/ament_cmake/cmake)
[0.055s] -- Using PYTHON_EXECUTABLE: /usr/bin/python3
[0.182s] -- Override CMake install command with custom implementation using symlinks instead of copying resources
[0.191s] -- Found rclcpp: 2.4.2 (/opt/ros/foxy/share/rclcpp/cmake)
[0.218s] -- Using all available rosidl_typesupport_c: rosidl_typesupport_fastrtps_c;rosidl_typesupport_introspection_c
[0.220s] -- Found rosidl_adapter: 1.3.0 (/opt/ros/foxy/share/rosidl_adapter/cmake)
[0.312s] -- Using all available rosidl_typesupport_cpp: rosidl_typesupport_fastrtps_cpp;rosidl_typesupport_introspection_cpp
[0.342s] -- Found rmw_implementation_cmake: 1.0.3 (/opt/ros/foxy/share/rmw_implementation_cmake/cmake)
[0.344s] -- Using RMW implementation 'rmw_fastrtps_cpp' as default
[0.435s] -- Found sensor_msgs: 2.0.5 (/opt/ros/foxy/share/sensor_msgs/cmake)
[0.510s] -- Found tutorial_interfaces: 0.0.0 (/home/sangjun/joy_ws/install/tutorial_interfaces/share/tutorial_interfaces/cmake)
[0.514s] -- Found ament_lint_auto: 0.9.7 (/opt/ros/foxy/share/ament_lint_auto/cmake)
[0.574s] -- Added test 'copyright' to check source files copyright and LICENSE
[0.575s] -- Added test 'cppcheck' to perform static code analysis on C / C++ code
[0.575s] -- Configured cppcheck include dirs: 
[0.575s] -- Configured cppcheck exclude dirs and/or files: 
[0.576s] -- Added test 'cpplint' to check C / C++ code against the Google style
[0.576s] -- Configured cpplint exclude dirs and/or files: 
[0.576s] -- Added test 'lint_cmake' to check CMake code style
[0.576s] -- Added test 'uncrustify' to check C / C++ code style
[0.576s] -- Configured uncrustify additional arguments: 
[0.577s] -- Added test 'xmllint' to check XML markup files
[0.577s] -- Configuring done
[0.587s] -- Generating done
[0.588s] -- Build files have been written to: /home/sangjun/joy_ws/build/joyst_package
[0.606s] [ 25%] [32mBuilding CXX object CMakeFiles/subst_node.dir/src/subst.cpp.o[0m
[0.611s] [ 75%] Built target joyst_node
[3.859s] [100%] [32m[1mLinking CXX executable subst_node[0m
[4.011s] [100%] Built target subst_node
[4.016s] Invoked command in '/home/sangjun/joy_ws/build/joyst_package' returned '0': CMAKE_PREFIX_PATH=/home/sangjun/joy_ws/install/tutorial_interfaces:/home/sangjun/joy_ws/install/joyst_package:/home/sangjun/gcamp_ros2_ws/install/slam_gmapping:/home/sangjun/gcamp_ros2_ws/install/openslam_gmapping:/home/sangjun/gcamp_ros2_ws/install/gcamp_gazebo:/home/sangjun/gcamp_ros2_ws/install/cpp_service_pkg:/home/sangjun/gcamp_ros2_ws/install/cpp_action_pkg:/home/sangjun/gcamp_ros2_ws/install/custom_interfaces:/home/sangjun/gcamp_ros2_ws/install/cpp_topic_pkg:/home/sangjun/gcamp_ros2_ws/install/cpp_service_tutorial:/home/sangjun/gcamp_ros2_ws/install/cpp_param_pkg:/home/sangjun/gcamp_ros2_ws/install/cpp_first_pkg:/home/sangjun/gcamp_ros2_ws/install/py_topic_pkg:/home/sangjun/gcamp_ros2_ws/install/py_service_pkg:/home/sangjun/gcamp_ros2_ws/install/py_first_pkg:/home/sangjun/gcamp_ros2_ws/install/py_action_pkg:/opt/ros/foxy LD_LIBRARY_PATH=/home/sangjun/joy_ws/install/tutorial_interfaces/lib:/home/sangjun/gcamp_ros2_ws/install/openslam_gmapping/lib:/home/sangjun/gcamp_ros2_ws/install/custom_interfaces/lib:/usr/lib/x86_64-linux-gnu/gazebo-11/plugins:/opt/ros/foxy/opt/yaml_cpp_vendor/lib:/opt/ros/foxy/opt/rviz_ogre_vendor/lib:/opt/ros/foxy/lib/x86_64-linux-gnu:/opt/ros/foxy/lib:/raisim/linux/lib PYTHONPATH=/home/sangjun/joy_ws/install/tutorial_interfaces/lib/python3.8/site-packages:/home/sangjun/gcamp_ros2_ws/build/py_topic_pkg:/home/sangjun/gcamp_ros2_ws/install/py_topic_pkg/lib/python3.8/site-packages:/home/sangjun/gcamp_ros2_ws/build/py_service_pkg:/home/sangjun/gcamp_ros2_ws/install/py_service_pkg/lib/python3.8/site-packages:/home/sangjun/gcamp_ros2_ws/build/py_first_pkg:/home/sangjun/gcamp_ros2_ws/install/py_first_pkg/lib/python3.8/site-packages:/home/sangjun/gcamp_ros2_ws/build/py_action_pkg:/home/sangjun/gcamp_ros2_ws/install/py_action_pkg/lib/python3.8/site-packages:/home/sangjun/gcamp_ros2_ws/install/custom_interfaces/lib/python3.8/site-packages:/opt/ros/foxy/lib/python3.8/site-packages:/raisim/linux/lib /usr/local/bin/cmake --build /home/sangjun/joy_ws/build/joyst_package -- -j8 -l8
[4.036s] Invoking command in '/home/sangjun/joy_ws/build/joyst_package': CMAKE_PREFIX_PATH=/home/sangjun/joy_ws/install/tutorial_interfaces:/home/sangjun/joy_ws/install/joyst_package:/home/sangjun/gcamp_ros2_ws/install/slam_gmapping:/home/sangjun/gcamp_ros2_ws/install/openslam_gmapping:/home/sangjun/gcamp_ros2_ws/install/gcamp_gazebo:/home/sangjun/gcamp_ros2_ws/install/cpp_service_pkg:/home/sangjun/gcamp_ros2_ws/install/cpp_action_pkg:/home/sangjun/gcamp_ros2_ws/install/custom_interfaces:/home/sangjun/gcamp_ros2_ws/install/cpp_topic_pkg:/home/sangjun/gcamp_ros2_ws/install/cpp_service_tutorial:/home/sangjun/gcamp_ros2_ws/install/cpp_param_pkg:/home/sangjun/gcamp_ros2_ws/install/cpp_first_pkg:/home/sangjun/gcamp_ros2_ws/install/py_topic_pkg:/home/sangjun/gcamp_ros2_ws/install/py_service_pkg:/home/sangjun/gcamp_ros2_ws/install/py_first_pkg:/home/sangjun/gcamp_ros2_ws/install/py_action_pkg:/opt/ros/foxy LD_LIBRARY_PATH=/home/sangjun/joy_ws/install/tutorial_interfaces/lib:/home/sangjun/gcamp_ros2_ws/install/openslam_gmapping/lib:/home/sangjun/gcamp_ros2_ws/install/custom_interfaces/lib:/usr/lib/x86_64-linux-gnu/gazebo-11/plugins:/opt/ros/foxy/opt/yaml_cpp_vendor/lib:/opt/ros/foxy/opt/rviz_ogre_vendor/lib:/opt/ros/foxy/lib/x86_64-linux-gnu:/opt/ros/foxy/lib:/raisim/linux/lib PYTHONPATH=/home/sangjun/joy_ws/install/tutorial_interfaces/lib/python3.8/site-packages:/home/sangjun/gcamp_ros2_ws/build/py_topic_pkg:/home/sangjun/gcamp_ros2_ws/install/py_topic_pkg/lib/python3.8/site-packages:/home/sangjun/gcamp_ros2_ws/build/py_service_pkg:/home/sangjun/gcamp_ros2_ws/install/py_service_pkg/lib/python3.8/site-packages:/home/sangjun/gcamp_ros2_ws/build/py_first_pkg:/home/sangjun/gcamp_ros2_ws/install/py_first_pkg/lib/python3.8/site-packages:/home/sangjun/gcamp_ros2_ws/build/py_action_pkg:/home/sangjun/gcamp_ros2_ws/install/py_action_pkg/lib/python3.8/site-packages:/home/sangjun/gcamp_ros2_ws/install/custom_interfaces/lib/python3.8/site-packages:/opt/ros/foxy/lib/python3.8/site-packages:/raisim/linux/lib /usr/local/bin/cmake --install /home/sangjun/joy_ws/build/joyst_package
[4.040s] -- Install configuration: ""
[4.040s] -- Execute custom install script
[4.041s] -- Up-to-date symlink: /home/sangjun/joy_ws/install/joyst_package/lib/joyst_package/joyst_node
[4.041s] -- Symlinking: /home/sangjun/joy_ws/install/joyst_package/lib/joyst_package/subst_node
[4.044s] -- Up-to-date symlink: /home/sangjun/joy_ws/install/joyst_package/share/ament_index/resource_index/package_run_dependencies/joyst_package
[4.044s] -- Up-to-date symlink: /home/sangjun/joy_ws/install/joyst_package/share/ament_index/resource_index/parent_prefix_path/joyst_package
[4.044s] -- Up-to-date symlink: /home/sangjun/joy_ws/install/joyst_package/share/joyst_package/environment/ament_prefix_path.sh
[4.044s] -- Up-to-date symlink: /home/sangjun/joy_ws/install/joyst_package/share/joyst_package/environment/ament_prefix_path.dsv
[4.044s] -- Up-to-date symlink: /home/sangjun/joy_ws/install/joyst_package/share/joyst_package/environment/path.sh
[4.044s] -- Up-to-date symlink: /home/sangjun/joy_ws/install/joyst_package/share/joyst_package/environment/path.dsv
[4.045s] -- Up-to-date symlink: /home/sangjun/joy_ws/install/joyst_package/share/joyst_package/local_setup.bash
[4.045s] -- Up-to-date symlink: /home/sangjun/joy_ws/install/joyst_package/share/joyst_package/local_setup.sh
[4.045s] -- Up-to-date symlink: /home/sangjun/joy_ws/install/joyst_package/share/joyst_package/local_setup.zsh
[4.045s] -- Up-to-date symlink: /home/sangjun/joy_ws/install/joyst_package/share/joyst_package/local_setup.dsv
[4.045s] -- Symlinking: /home/sangjun/joy_ws/install/joyst_package/share/joyst_package/package.dsv
[4.048s] -- Up-to-date symlink: /home/sangjun/joy_ws/install/joyst_package/share/ament_index/resource_index/packages/joyst_package
[4.048s] -- Up-to-date symlink: /home/sangjun/joy_ws/install/joyst_package/share/joyst_package/cmake/joyst_packageConfig.cmake
[4.048s] -- Up-to-date symlink: /home/sangjun/joy_ws/install/joyst_package/share/joyst_package/cmake/joyst_packageConfig-version.cmake
[4.048s] -- Up-to-date symlink: /home/sangjun/joy_ws/install/joyst_package/share/joyst_package/package.xml
[4.053s] Invoked command in '/home/sangjun/joy_ws/build/joyst_package' returned '0': CMAKE_PREFIX_PATH=/home/sangjun/joy_ws/install/tutorial_interfaces:/home/sangjun/joy_ws/install/joyst_package:/home/sangjun/gcamp_ros2_ws/install/slam_gmapping:/home/sangjun/gcamp_ros2_ws/install/openslam_gmapping:/home/sangjun/gcamp_ros2_ws/install/gcamp_gazebo:/home/sangjun/gcamp_ros2_ws/install/cpp_service_pkg:/home/sangjun/gcamp_ros2_ws/install/cpp_action_pkg:/home/sangjun/gcamp_ros2_ws/install/custom_interfaces:/home/sangjun/gcamp_ros2_ws/install/cpp_topic_pkg:/home/sangjun/gcamp_ros2_ws/install/cpp_service_tutorial:/home/sangjun/gcamp_ros2_ws/install/cpp_param_pkg:/home/sangjun/gcamp_ros2_ws/install/cpp_first_pkg:/home/sangjun/gcamp_ros2_ws/install/py_topic_pkg:/home/sangjun/gcamp_ros2_ws/install/py_service_pkg:/home/sangjun/gcamp_ros2_ws/install/py_first_pkg:/home/sangjun/gcamp_ros2_ws/install/py_action_pkg:/opt/ros/foxy LD_LIBRARY_PATH=/home/sangjun/joy_ws/install/tutorial_interfaces/lib:/home/sangjun/gcamp_ros2_ws/install/openslam_gmapping/lib:/home/sangjun/gcamp_ros2_ws/install/custom_interfaces/lib:/usr/lib/x86_64-linux-gnu/gazebo-11/plugins:/opt/ros/foxy/opt/yaml_cpp_vendor/lib:/opt/ros/foxy/opt/rviz_ogre_vendor/lib:/opt/ros/foxy/lib/x86_64-linux-gnu:/opt/ros/foxy/lib:/raisim/linux/lib PYTHONPATH=/home/sangjun/joy_ws/install/tutorial_interfaces/lib/python3.8/site-packages:/home/sangjun/gcamp_ros2_ws/build/py_topic_pkg:/home/sangjun/gcamp_ros2_ws/install/py_topic_pkg/lib/python3.8/site-packages:/home/sangjun/gcamp_ros2_ws/build/py_service_pkg:/home/sangjun/gcamp_ros2_ws/install/py_service_pkg/lib/python3.8/site-packages:/home/sangjun/gcamp_ros2_ws/build/py_first_pkg:/home/sangjun/gcamp_ros2_ws/install/py_first_pkg/lib/python3.8/site-packages:/home/sangjun/gcamp_ros2_ws/build/py_action_pkg:/home/sangjun/gcamp_ros2_ws/install/py_action_pkg/lib/python3.8/site-packages:/home/sangjun/gcamp_ros2_ws/install/custom_interfaces/lib/python3.8/site-packages:/opt/ros/foxy/lib/python3.8/site-packages:/raisim/linux/lib /usr/local/bin/cmake --install /home/sangjun/joy_ws/build/joyst_package
